#
# There is insufficient memory for the Java Runtime Environment to continue.
# Native memory allocation (malloc) failed to allocate 574832 bytes. Error detail: Chunk::new
# Possible reasons:
#   The system is out of physical RAM or swap space
#   This process is running with CompressedOops enabled, and the Java Heap may be blocking the growth of the native heap
# Possible solutions:
#   Reduce memory load on the system
#   Increase physical memory or swap space
#   Check if swap backing store is full
#   Decrease Java heap size (-Xmx/-Xms)
#   Decrease number of Java threads
#   Decrease Java thread stack sizes (-Xss)
#   Set larger code cache with -XX:ReservedCodeCacheSize=
#   JVM is running with Unscaled Compressed Oops mode in which the Java heap is
#     placed in the first 4GB address space. The Java Heap base address is the
#     maximum limit for the native heap growth. Please use -XX:HeapBaseMinAddress
#     to set the Java Heap base and to place the Java Heap above 4GB virtual address.
# This output file may be truncated or incomplete.
#
#  Out of Memory Error (arena.cpp:191), pid=14156, tid=11896
#
# JRE version: OpenJDK Runtime Environment Corretto-17.0.13.11.1 (17.0.13+11) (build 17.0.13+11-LTS)
# Java VM: OpenJDK 64-Bit Server VM Corretto-17.0.13.11.1 (17.0.13+11-LTS, mixed mode, sharing, tiered, compressed oops, compressed class ptrs, g1 gc, windows-amd64)
# No core dump will be written. Minidumps are not enabled by default on client versions of Windows
#

---------------  S U M M A R Y ------------

Command Line: -Dfile.encoding=windows-1252 -Duser.country=CO -Duser.language=es -Duser.variant com.gestion.hotel.HotelApplication

Host: AMD Ryzen 3 3250U with Radeon Graphics         , 4 cores, 5G,  Windows 11 , 64 bit Build 22621 (10.0.22621.4391)
Time: Fri Nov 22 14:14:13 2024 Hora est. Pacífico, Sudamérica elapsed time: 724.450017 seconds (0d 0h 12m 4s)

---------------  T H R E A D  ---------------

Current thread (0x0000024a71ec7c90):  JavaThread "C2 CompilerThread0" daemon [_thread_in_native, id=11896, stack(0x000000bb53700000,0x000000bb53800000)]


Current CompileTask:
C2: 724450 11379       4       java.net.URI::decode (380 bytes)

Stack: [0x000000bb53700000,0x000000bb53800000]
Native frames: (J=compiled Java code, j=interpreted, Vv=VM code, C=native code)
V  [jvm.dll+0x680c19]
V  [jvm.dll+0x83888a]
V  [jvm.dll+0x83a34e]
V  [jvm.dll+0x83a9b3]
V  [jvm.dll+0x2481af]
V  [jvm.dll+0xac9f4]
V  [jvm.dll+0xad03c]
V  [jvm.dll+0x3677b7]
V  [jvm.dll+0x331b9a]
V  [jvm.dll+0x33103a]
V  [jvm.dll+0x21a701]
V  [jvm.dll+0x219b41]
V  [jvm.dll+0x1a58ed]
V  [jvm.dll+0x22988d]
V  [jvm.dll+0x227a1c]
V  [jvm.dll+0x7ed737]
V  [jvm.dll+0x7e7b2c]
V  [jvm.dll+0x67fae7]
C  [ucrtbase.dll+0x29333]
C  [KERNEL32.DLL+0x1259d]
C  [ntdll.dll+0x5af38]


---------------  P R O C E S S  ---------------

Threads class SMR info:
_java_thread_list=0x0000024a77eba810, length=29, elements={
0x0000024a71eaae20, 0x0000024a71eabca0, 0x0000024a71ec2fa0, 0x0000024a71ec3b60,
0x0000024a71ec6530, 0x0000024a71ec6ef0, 0x0000024a71ec7c90, 0x0000024a71ec8740,
0x0000024a72197ff0, 0x0000024a722546d0, 0x0000024a7225ac50, 0x0000024a7715df20,
0x0000024a77a6ba50, 0x0000024a784c4030, 0x0000024a78860140, 0x0000024a7939d4b0,
0x0000024a7939d9c0, 0x0000024a7939c070, 0x0000024a7939c580, 0x0000024a7939ca90,
0x0000024a72781fc0, 0x0000024a7277f230, 0x0000024a7277ba80, 0x0000024a7277f740,
0x0000024a7277d3d0, 0x0000024a7277bf90, 0x0000024a727824d0, 0x0000024a7277ddf0,
0x0000024a727815a0
}

Java Threads: ( => current thread )
  0x0000024a71eaae20 JavaThread "Reference Handler" daemon [_thread_blocked, id=3732, stack(0x000000bb53100000,0x000000bb53200000)]
  0x0000024a71eabca0 JavaThread "Finalizer" daemon [_thread_blocked, id=18268, stack(0x000000bb53200000,0x000000bb53300000)]
  0x0000024a71ec2fa0 JavaThread "Signal Dispatcher" daemon [_thread_blocked, id=14936, stack(0x000000bb53300000,0x000000bb53400000)]
  0x0000024a71ec3b60 JavaThread "Attach Listener" daemon [_thread_blocked, id=14064, stack(0x000000bb53400000,0x000000bb53500000)]
  0x0000024a71ec6530 JavaThread "Service Thread" daemon [_thread_blocked, id=16400, stack(0x000000bb53500000,0x000000bb53600000)]
  0x0000024a71ec6ef0 JavaThread "Monitor Deflation Thread" daemon [_thread_blocked, id=4820, stack(0x000000bb53600000,0x000000bb53700000)]
=>0x0000024a71ec7c90 JavaThread "C2 CompilerThread0" daemon [_thread_in_native, id=11896, stack(0x000000bb53700000,0x000000bb53800000)]
  0x0000024a71ec8740 JavaThread "C1 CompilerThread0" daemon [_thread_blocked, id=9036, stack(0x000000bb53800000,0x000000bb53900000)]
  0x0000024a72197ff0 JavaThread "Sweeper thread" daemon [_thread_blocked, id=17560, stack(0x000000bb53900000,0x000000bb53a00000)]
  0x0000024a722546d0 JavaThread "Notification Thread" daemon [_thread_blocked, id=2800, stack(0x000000bb53a00000,0x000000bb53b00000)]
  0x0000024a7225ac50 JavaThread "Common-Cleaner" daemon [_thread_blocked, id=7920, stack(0x000000bb53c00000,0x000000bb53d00000)]
  0x0000024a7715df20 JavaThread "Catalina-utility-1" [_thread_blocked, id=14928, stack(0x000000bb53d00000,0x000000bb53e00000)]
  0x0000024a77a6ba50 JavaThread "Catalina-utility-2" [_thread_blocked, id=18256, stack(0x000000bb54200000,0x000000bb54300000)]
  0x0000024a784c4030 JavaThread "container-0" [_thread_blocked, id=14040, stack(0x000000bb54300000,0x000000bb54400000)]
  0x0000024a78860140 JavaThread "mysql-cj-abandoned-connection-cleanup" daemon [_thread_blocked, id=15264, stack(0x000000bb54400000,0x000000bb54500000)]
  0x0000024a7939d4b0 JavaThread "HikariPool-1 housekeeper" daemon [_thread_blocked, id=13516, stack(0x000000bb54600000,0x000000bb54700000)]
  0x0000024a7939d9c0 JavaThread "http-nio-8080-exec-1" daemon [_thread_blocked, id=13836, stack(0x000000bb54700000,0x000000bb54800000)]
  0x0000024a7939c070 JavaThread "http-nio-8080-exec-2" daemon [_thread_blocked, id=9968, stack(0x000000bb54800000,0x000000bb54900000)]
  0x0000024a7939c580 JavaThread "http-nio-8080-exec-3" daemon [_thread_blocked, id=4508, stack(0x000000bb54900000,0x000000bb54a00000)]
  0x0000024a7939ca90 JavaThread "http-nio-8080-exec-4" daemon [_thread_blocked, id=6184, stack(0x000000bb54a00000,0x000000bb54b00000)]
  0x0000024a72781fc0 JavaThread "http-nio-8080-exec-5" daemon [_thread_blocked, id=17652, stack(0x000000bb54b00000,0x000000bb54c00000)]
  0x0000024a7277f230 JavaThread "http-nio-8080-exec-6" daemon [_thread_blocked, id=14688, stack(0x000000bb54c00000,0x000000bb54d00000)]
  0x0000024a7277ba80 JavaThread "http-nio-8080-exec-7" daemon [_thread_blocked, id=15596, stack(0x000000bb54d00000,0x000000bb54e00000)]
  0x0000024a7277f740 JavaThread "http-nio-8080-exec-8" daemon [_thread_blocked, id=17272, stack(0x000000bb54e00000,0x000000bb54f00000)]
  0x0000024a7277d3d0 JavaThread "http-nio-8080-exec-9" daemon [_thread_blocked, id=18772, stack(0x000000bb54f00000,0x000000bb55000000)]
  0x0000024a7277bf90 JavaThread "http-nio-8080-exec-10" daemon [_thread_blocked, id=8744, stack(0x000000bb55000000,0x000000bb55100000)]
  0x0000024a727824d0 JavaThread "http-nio-8080-Poller" daemon [_thread_in_native, id=13936, stack(0x000000bb55100000,0x000000bb55200000)]
  0x0000024a7277ddf0 JavaThread "http-nio-8080-Acceptor" daemon [_thread_in_native, id=11644, stack(0x000000bb55200000,0x000000bb55300000)]
  0x0000024a727815a0 JavaThread "DestroyJavaVM" [_thread_blocked, id=16488, stack(0x000000bb52a00000,0x000000bb52b00000)]

Other Threads:
  0x0000024a71ea6780 VMThread "VM Thread" [stack: 0x000000bb53000000,0x000000bb53100000] [id=11056]
  0x0000024a72256bc0 WatcherThread [stack: 0x000000bb53b00000,0x000000bb53c00000] [id=11648]
  0x0000024a55775bc0 GCTaskThread "GC Thread#0" [stack: 0x000000bb52b00000,0x000000bb52c00000] [id=18384]
  0x0000024a72c060e0 GCTaskThread "GC Thread#1" [stack: 0x000000bb53e00000,0x000000bb53f00000] [id=6580]
  0x0000024a72ac8330 GCTaskThread "GC Thread#2" [stack: 0x000000bb53f00000,0x000000bb54000000] [id=15148]
  0x0000024a72ac85f0 GCTaskThread "GC Thread#3" [stack: 0x000000bb54000000,0x000000bb54100000] [id=1464]
  0x0000024a55783960 ConcurrentGCThread "G1 Main Marker" [stack: 0x000000bb52c00000,0x000000bb52d00000] [id=6460]
  0x0000024a55784b20 ConcurrentGCThread "G1 Conc#0" [stack: 0x000000bb52d00000,0x000000bb52e00000] [id=18756]
  0x0000024a71d640b0 ConcurrentGCThread "G1 Refine#0" [stack: 0x000000bb52e00000,0x000000bb52f00000] [id=13832]
  0x0000024a71d68af0 ConcurrentGCThread "G1 Service" [stack: 0x000000bb52f00000,0x000000bb53000000] [id=13868]

Threads with active compile tasks:
C2 CompilerThread0   724480 11379       4       java.net.URI::decode (380 bytes)

VM state: not at safepoint (normal execution)

VM Mutex/Monitor currently owned by a thread: None

Heap address: 0x00000000a0e00000, size: 1522 MB, Compressed Oops mode: 32-bit

CDS archive(s) mapped at: [0x0000024a00000000-0x0000024a00bb0000-0x0000024a00bb0000), size 12255232, SharedBaseAddress: 0x0000024a00000000, ArchiveRelocationMode: 1.
Compressed class space mapped at: 0x0000024a01000000-0x0000024a41000000, reserved size: 1073741824
Narrow klass base: 0x0000024a00000000, Narrow klass shift: 0, Narrow klass range: 0x100000000

GC Precious Log:
 CPUs: 4 total, 4 available
 Memory: 6080M
 Large Page Support: Disabled
 NUMA Support: Disabled
 Compressed Oops: Enabled (32-bit)
 Heap Region Size: 1M
 Heap Min Capacity: 8M
 Heap Initial Capacity: 96M
 Heap Max Capacity: 1522M
 Pre-touch: Disabled
 Parallel Workers: 4
 Concurrent Workers: 1
 Concurrent Refinement Workers: 4
 Periodic GC: Disabled

Heap:
 garbage-first heap   total 78848K, used 46302K [0x00000000a0e00000, 0x0000000100000000)
  region size 1024K, 12 young (12288K), 1 survivors (1024K)
 Metaspace       used 78605K, committed 79232K, reserved 1179648K
  class space    used 10477K, committed 10816K, reserved 1048576K

Heap Regions: E=young(eden), S=young(survivor), O=old, HS=humongous(starts), HC=humongous(continues), CS=collection set, F=free, OA=open archive, CA=closed archive, TAMS=top-at-mark-start (previous, next)
|   0|0x00000000a0e00000, 0x00000000a0f00000, 0x00000000a0f00000|100%|HS|  |TAMS 0x00000000a0f00000, 0x00000000a0e00000| Complete 
|   1|0x00000000a0f00000, 0x00000000a1000000, 0x00000000a1000000|100%| O|  |TAMS 0x00000000a1000000, 0x00000000a0f00000| Untracked 
|   2|0x00000000a1000000, 0x00000000a1100000, 0x00000000a1100000|100%| O|  |TAMS 0x00000000a1100000, 0x00000000a1000000| Untracked 
|   3|0x00000000a1100000, 0x00000000a1200000, 0x00000000a1200000|100%| O|  |TAMS 0x00000000a1200000, 0x00000000a1100000| Untracked 
|   4|0x00000000a1200000, 0x00000000a1210e00, 0x00000000a1300000|  6%| O|  |TAMS 0x00000000a1200000, 0x00000000a1200000| Untracked 
|   5|0x00000000a1300000, 0x00000000a1400000, 0x00000000a1400000|100%| O|  |TAMS 0x00000000a1400000, 0x00000000a1300000| Untracked 
|   6|0x00000000a1400000, 0x00000000a1500000, 0x00000000a1500000|100%| O|  |TAMS 0x00000000a1500000, 0x00000000a1400000| Untracked 
|   7|0x00000000a1500000, 0x00000000a1600000, 0x00000000a1600000|100%| O|  |TAMS 0x00000000a1600000, 0x00000000a1500000| Untracked 
|   8|0x00000000a1600000, 0x00000000a1700000, 0x00000000a1700000|100%| O|  |TAMS 0x00000000a1700000, 0x00000000a1600000| Untracked 
|   9|0x00000000a1700000, 0x00000000a1800000, 0x00000000a1800000|100%| O|  |TAMS 0x00000000a1800000, 0x00000000a1700000| Untracked 
|  10|0x00000000a1800000, 0x00000000a1900000, 0x00000000a1900000|100%| O|  |TAMS 0x00000000a1900000, 0x00000000a1800000| Untracked 
|  11|0x00000000a1900000, 0x00000000a1a00000, 0x00000000a1a00000|100%| O|  |TAMS 0x00000000a1a00000, 0x00000000a1900000| Untracked 
|  12|0x00000000a1a00000, 0x00000000a1aee600, 0x00000000a1b00000| 93%| O|  |TAMS 0x00000000a1aee600, 0x00000000a1a00000| Untracked 
|  13|0x00000000a1b00000, 0x00000000a1c00000, 0x00000000a1c00000|100%| O|  |TAMS 0x00000000a1c00000, 0x00000000a1b00000| Untracked 
|  14|0x00000000a1c00000, 0x00000000a1d00000, 0x00000000a1d00000|100%| O|  |TAMS 0x00000000a1d00000, 0x00000000a1c00000| Untracked 
|  15|0x00000000a1d00000, 0x00000000a1e00000, 0x00000000a1e00000|100%| O|  |TAMS 0x00000000a1e00000, 0x00000000a1d00000| Untracked 
|  16|0x00000000a1e00000, 0x00000000a1f00000, 0x00000000a1f00000|100%| O|  |TAMS 0x00000000a1f00000, 0x00000000a1e00000| Untracked 
|  17|0x00000000a1f00000, 0x00000000a2000000, 0x00000000a2000000|100%| O|  |TAMS 0x00000000a2000000, 0x00000000a1f00000| Untracked 
|  18|0x00000000a2000000, 0x00000000a2100000, 0x00000000a2100000|100%| O|  |TAMS 0x00000000a2100000, 0x00000000a2000000| Untracked 
|  19|0x00000000a2100000, 0x00000000a2200000, 0x00000000a2200000|100%| O|  |TAMS 0x00000000a2200000, 0x00000000a2100000| Untracked 
|  20|0x00000000a2200000, 0x00000000a2300000, 0x00000000a2300000|100%| O|  |TAMS 0x00000000a2300000, 0x00000000a2200000| Untracked 
|  21|0x00000000a2300000, 0x00000000a2400000, 0x00000000a2400000|100%| O|  |TAMS 0x00000000a2400000, 0x00000000a2300000| Untracked 
|  22|0x00000000a2400000, 0x00000000a2500000, 0x00000000a2500000|100%| O|  |TAMS 0x00000000a2500000, 0x00000000a2400000| Untracked 
|  23|0x00000000a2500000, 0x00000000a2600000, 0x00000000a2600000|100%| O|  |TAMS 0x00000000a2600000, 0x00000000a2500000| Untracked 
|  24|0x00000000a2600000, 0x00000000a2700000, 0x00000000a2700000|100%| O|  |TAMS 0x00000000a2700000, 0x00000000a2600000| Untracked 
|  25|0x00000000a2700000, 0x00000000a2800000, 0x00000000a2800000|100%| O|  |TAMS 0x00000000a2800000, 0x00000000a2700000| Untracked 
|  26|0x00000000a2800000, 0x00000000a2900000, 0x00000000a2900000|100%| O|  |TAMS 0x00000000a2900000, 0x00000000a2800000| Untracked 
|  27|0x00000000a2900000, 0x00000000a2a00000, 0x00000000a2a00000|100%| O|  |TAMS 0x00000000a2a00000, 0x00000000a2900000| Untracked 
|  28|0x00000000a2a00000, 0x00000000a2b00000, 0x00000000a2b00000|100%| O|  |TAMS 0x00000000a2b00000, 0x00000000a2a00000| Untracked 
|  29|0x00000000a2b00000, 0x00000000a2b00000, 0x00000000a2c00000|  0%| F|  |TAMS 0x00000000a2b00000, 0x00000000a2b00000| Untracked 
|  30|0x00000000a2c00000, 0x00000000a2d00000, 0x00000000a2d00000|100%| O|  |TAMS 0x00000000a2d00000, 0x00000000a2c00000| Untracked 
|  31|0x00000000a2d00000, 0x00000000a2e00000, 0x00000000a2e00000|100%| O|  |TAMS 0x00000000a2e00000, 0x00000000a2d00000| Untracked 
|  32|0x00000000a2e00000, 0x00000000a2f00000, 0x00000000a2f00000|100%| O|  |TAMS 0x00000000a2f00000, 0x00000000a2e00000| Untracked 
|  33|0x00000000a2f00000, 0x00000000a3000000, 0x00000000a3000000|100%| O|  |TAMS 0x00000000a3000000, 0x00000000a2f00000| Untracked 
|  34|0x00000000a3000000, 0x00000000a3100000, 0x00000000a3100000|100%| O|  |TAMS 0x00000000a3100000, 0x00000000a3000000| Untracked 
|  35|0x00000000a3100000, 0x00000000a3200000, 0x00000000a3200000|100%| O|  |TAMS 0x00000000a3200000, 0x00000000a3100000| Untracked 
|  36|0x00000000a3200000, 0x00000000a3300000, 0x00000000a3300000|100%| O|  |TAMS 0x00000000a3236a00, 0x00000000a3200000| Untracked 
|  37|0x00000000a3300000, 0x00000000a3300000, 0x00000000a3400000|  0%| F|  |TAMS 0x00000000a3300000, 0x00000000a3300000| Untracked 
|  38|0x00000000a3400000, 0x00000000a3400000, 0x00000000a3500000|  0%| F|  |TAMS 0x00000000a3400000, 0x00000000a3400000| Untracked 
|  39|0x00000000a3500000, 0x00000000a3500000, 0x00000000a3600000|  0%| F|  |TAMS 0x00000000a3500000, 0x00000000a3500000| Untracked 
|  40|0x00000000a3600000, 0x00000000a3600000, 0x00000000a3700000|  0%| F|  |TAMS 0x00000000a3600000, 0x00000000a3600000| Untracked 
|  41|0x00000000a3700000, 0x00000000a3700000, 0x00000000a3800000|  0%| F|  |TAMS 0x00000000a3700000, 0x00000000a3700000| Untracked 
|  42|0x00000000a3800000, 0x00000000a3800000, 0x00000000a3900000|  0%| F|  |TAMS 0x00000000a3800000, 0x00000000a3800000| Untracked 
|  43|0x00000000a3900000, 0x00000000a3900000, 0x00000000a3a00000|  0%| F|  |TAMS 0x00000000a3900000, 0x00000000a3900000| Untracked 
|  44|0x00000000a3a00000, 0x00000000a3a00000, 0x00000000a3b00000|  0%| F|  |TAMS 0x00000000a3a00000, 0x00000000a3a00000| Untracked 
|  45|0x00000000a3b00000, 0x00000000a3b00000, 0x00000000a3c00000|  0%| F|  |TAMS 0x00000000a3b00000, 0x00000000a3b00000| Untracked 
|  46|0x00000000a3c00000, 0x00000000a3c00000, 0x00000000a3d00000|  0%| F|  |TAMS 0x00000000a3c00000, 0x00000000a3c00000| Untracked 
|  47|0x00000000a3d00000, 0x00000000a3d00000, 0x00000000a3e00000|  0%| F|  |TAMS 0x00000000a3d00000, 0x00000000a3d00000| Untracked 
|  48|0x00000000a3e00000, 0x00000000a3e00000, 0x00000000a3f00000|  0%| F|  |TAMS 0x00000000a3e00000, 0x00000000a3e00000| Untracked 
|  49|0x00000000a3f00000, 0x00000000a3f00000, 0x00000000a4000000|  0%| F|  |TAMS 0x00000000a3f00000, 0x00000000a3f00000| Untracked 
|  50|0x00000000a4000000, 0x00000000a4000000, 0x00000000a4100000|  0%| F|  |TAMS 0x00000000a4000000, 0x00000000a4000000| Untracked 
|  51|0x00000000a4100000, 0x00000000a4100000, 0x00000000a4200000|  0%| F|  |TAMS 0x00000000a4100000, 0x00000000a4100000| Untracked 
|  52|0x00000000a4200000, 0x00000000a4200000, 0x00000000a4300000|  0%| F|  |TAMS 0x00000000a4200000, 0x00000000a4200000| Untracked 
|  53|0x00000000a4300000, 0x00000000a4300000, 0x00000000a4400000|  0%| F|  |TAMS 0x00000000a4300000, 0x00000000a4300000| Untracked 
|  54|0x00000000a4400000, 0x00000000a4400000, 0x00000000a4500000|  0%| F|  |TAMS 0x00000000a4400000, 0x00000000a4400000| Untracked 
|  55|0x00000000a4500000, 0x00000000a4500000, 0x00000000a4600000|  0%| F|  |TAMS 0x00000000a4500000, 0x00000000a4500000| Untracked 
|  56|0x00000000a4600000, 0x00000000a4600000, 0x00000000a4700000|  0%| F|  |TAMS 0x00000000a4600000, 0x00000000a4600000| Untracked 
|  57|0x00000000a4700000, 0x00000000a4700000, 0x00000000a4800000|  0%| F|  |TAMS 0x00000000a4700000, 0x00000000a4700000| Untracked 
|  58|0x00000000a4800000, 0x00000000a4800000, 0x00000000a4900000|  0%| F|  |TAMS 0x00000000a4800000, 0x00000000a4800000| Untracked 
|  59|0x00000000a4900000, 0x00000000a4900000, 0x00000000a4a00000|  0%| F|  |TAMS 0x00000000a4900000, 0x00000000a4900000| Untracked 
|  60|0x00000000a4a00000, 0x00000000a4a00000, 0x00000000a4b00000|  0%| F|  |TAMS 0x00000000a4a00000, 0x00000000a4a00000| Untracked 
|  61|0x00000000a4b00000, 0x00000000a4b00000, 0x00000000a4c00000|  0%| F|  |TAMS 0x00000000a4b00000, 0x00000000a4b00000| Untracked 
|  62|0x00000000a4c00000, 0x00000000a4c00000, 0x00000000a4d00000|  0%| F|  |TAMS 0x00000000a4c00000, 0x00000000a4c00000| Untracked 
|  63|0x00000000a4d00000, 0x00000000a4d00000, 0x00000000a4e00000|  0%| F|  |TAMS 0x00000000a4d00000, 0x00000000a4d00000| Untracked 
|  64|0x00000000a4e00000, 0x00000000a4e00000, 0x00000000a4f00000|  0%| F|  |TAMS 0x00000000a4e00000, 0x00000000a4e00000| Untracked 
|  65|0x00000000a4f00000, 0x00000000a4f331a8, 0x00000000a5000000| 19%| E|  |TAMS 0x00000000a4f00000, 0x00000000a4f00000| Complete 
|  66|0x00000000a5000000, 0x00000000a5100000, 0x00000000a5100000|100%| E|CS|TAMS 0x00000000a5000000, 0x00000000a5000000| Complete 
|  67|0x00000000a5100000, 0x00000000a5200000, 0x00000000a5200000|100%| E|CS|TAMS 0x00000000a5100000, 0x00000000a5100000| Complete 
|  68|0x00000000a5200000, 0x00000000a5300000, 0x00000000a5300000|100%| E|CS|TAMS 0x00000000a5200000, 0x00000000a5200000| Complete 
|  69|0x00000000a5300000, 0x00000000a5400000, 0x00000000a5400000|100%| E|CS|TAMS 0x00000000a5300000, 0x00000000a5300000| Complete 
|  70|0x00000000a5400000, 0x00000000a5500000, 0x00000000a5500000|100%| E|CS|TAMS 0x00000000a5400000, 0x00000000a5400000| Complete 
|  71|0x00000000a5500000, 0x00000000a5600000, 0x00000000a5600000|100%| E|CS|TAMS 0x00000000a5500000, 0x00000000a5500000| Complete 
|  72|0x00000000a5600000, 0x00000000a5700000, 0x00000000a5700000|100%| E|CS|TAMS 0x00000000a5600000, 0x00000000a5600000| Complete 
|  73|0x00000000a5700000, 0x00000000a5800000, 0x00000000a5800000|100%| E|CS|TAMS 0x00000000a5700000, 0x00000000a5700000| Complete 
|  74|0x00000000a5800000, 0x00000000a58384c0, 0x00000000a5900000| 21%| S|CS|TAMS 0x00000000a5800000, 0x00000000a5800000| Complete 
|  89|0x00000000a6700000, 0x00000000a6800000, 0x00000000a6800000|100%| E|CS|TAMS 0x00000000a6700000, 0x00000000a6700000| Complete 
|  95|0x00000000a6d00000, 0x00000000a6e00000, 0x00000000a6e00000|100%| E|CS|TAMS 0x00000000a6d00000, 0x00000000a6d00000| Complete 

Card table byte_map: [0x0000024a6c550000,0x0000024a6c850000] _byte_map_base: 0x0000024a6c049000

Marking Bits (Prev, Next): (CMBitMap*) 0x0000024a55777230, (CMBitMap*) 0x0000024a557771f0
 Prev Bits: [0x0000024a6e320000, 0x0000024a6fae8000)
 Next Bits: [0x0000024a6cb50000, 0x0000024a6e318000)

Polling page: 0x0000024a53670000

Metaspace:

Usage:
  Non-class:     66.53 MB used.
      Class:     10.23 MB used.
       Both:     76.76 MB used.

Virtual space:
  Non-class space:      128.00 MB reserved,      66.81 MB ( 52%) committed,  2 nodes.
      Class space:        1.00 GB reserved,      10.56 MB (  1%) committed,  1 nodes.
             Both:        1.12 GB reserved,      77.38 MB (  7%) committed. 

Chunk freelists:
   Non-Class:  12.58 MB
       Class:  5.36 MB
        Both:  17.94 MB

MaxMetaspaceSize: unlimited
CompressedClassSpaceSize: 1.00 GB
Initial GC threshold: 21.00 MB
Current GC threshold: 127.19 MB
CDS: on
MetaspaceReclaimPolicy: balanced
 - commit_granule_bytes: 65536.
 - commit_granule_words: 8192.
 - virtual_space_node_default_size: 8388608.
 - enlarge_chunks_in_place: 1.
 - new_chunks_are_fully_committed: 0.
 - uncommit_free_chunks: 1.
 - use_allocation_guard: 0.
 - handle_deallocations: 1.


Internal statistics:

num_allocs_failed_limit: 9.
num_arena_births: 896.
num_arena_deaths: 2.
num_vsnodes_births: 3.
num_vsnodes_deaths: 0.
num_space_committed: 1238.
num_space_uncommitted: 0.
num_chunks_returned_to_freelist: 11.
num_chunks_taken_from_freelist: 3725.
num_chunk_merges: 6.
num_chunk_splits: 2646.
num_chunks_enlarged: 2067.
num_inconsistent_stats: 0.

CodeHeap 'non-profiled nmethods': size=120000Kb used=5264Kb max_used=5296Kb free=114735Kb
 bounds [0x0000024a64d20000, 0x0000024a65250000, 0x0000024a6c250000]
CodeHeap 'profiled nmethods': size=120000Kb used=19589Kb max_used=19589Kb free=100410Kb
 bounds [0x0000024a5d250000, 0x0000024a5e580000, 0x0000024a64780000]
CodeHeap 'non-nmethods': size=5760Kb used=1387Kb max_used=1454Kb free=4372Kb
 bounds [0x0000024a64780000, 0x0000024a649f0000, 0x0000024a64d20000]
 total_blobs=10553 nmethods=9833 adapters=631
 compilation: enabled
              stopped_count=0, restarted_count=0
 full_count=0

Compilation events (20 events):
Event: 724.371 Thread 0x0000024a71ec8740 nmethod 11373 0x0000024a5e56a390 code [0x0000024a5e56a860, 0x0000024a5e56d1e8]
Event: 724.371 Thread 0x0000024a71ec8740 11374       3       org.apache.tomcat.util.net.NioEndpoint$Poller::unreg (15 bytes)
Event: 724.371 Thread 0x0000024a71ec8740 nmethod 11374 0x0000024a5e56e510 code [0x0000024a5e56e700, 0x0000024a5e56ebf8]
Event: 724.371 Thread 0x0000024a71ec8740 11375       3       org.apache.tomcat.util.net.NioEndpoint$Poller::reg (13 bytes)
Event: 724.372 Thread 0x0000024a71ec8740 nmethod 11375 0x0000024a5e56ee90 code [0x0000024a5e56f040, 0x0000024a5e56f228]
Event: 724.372 Thread 0x0000024a71ec8740 11376       3       sun.nio.ch.SocketChannelImpl::translateReadyOps (173 bytes)
Event: 724.372 Thread 0x0000024a71ec7c90 11379       4       java.net.URI::decode (380 bytes)
Event: 724.373 Thread 0x0000024a71ec8740 nmethod 11376 0x0000024a5e56f390 code [0x0000024a5e56f580, 0x0000024a5e56fbf8]
Event: 724.373 Thread 0x0000024a71ec8740 11378   !   3       sun.nio.ch.WEPollSelectorImpl::wakeup (53 bytes)
Event: 724.373 Thread 0x0000024a71ec8740 nmethod 11378 0x0000024a5e56fd90 code [0x0000024a5e56ff60, 0x0000024a5e5702f8]
Event: 724.373 Thread 0x0000024a71ec8740 11380       3       java.util.concurrent.LinkedBlockingQueue::dequeue (32 bytes)
Event: 724.373 Thread 0x0000024a71ec8740 nmethod 11380 0x0000024a5e570510 code [0x0000024a5e5706a0, 0x0000024a5e5708b8]
Event: 724.373 Thread 0x0000024a71ec8740 11381       3       java.util.concurrent.atomic.AtomicInteger::getAndDecrement (12 bytes)
Event: 724.374 Thread 0x0000024a71ec8740 nmethod 11381 0x0000024a5e570990 code [0x0000024a5e570b20, 0x0000024a5e570c38]
Event: 724.375 Thread 0x0000024a71ec8740 11382   !   3       org.apache.catalina.connector.Request::parseLocalesHeader (86 bytes)
Event: 724.377 Thread 0x0000024a71ec8740 nmethod 11382 0x0000024a5e570d10 code [0x0000024a5e570fe0, 0x0000024a5e5721b8]
Event: 724.377 Thread 0x0000024a71ec8740 11383       3       org.apache.tomcat.util.threads.TaskQueue::take (43 bytes)
Event: 724.378 Thread 0x0000024a71ec8740 nmethod 11383 0x0000024a5e572890 code [0x0000024a5e572a80, 0x0000024a5e572ed8]
Event: 724.379 Thread 0x0000024a71ec8740 11384       3       org.apache.tomcat.util.threads.TaskQueue::take (5 bytes)
Event: 724.380 Thread 0x0000024a71ec8740 nmethod 11384 0x0000024a5e573090 code [0x0000024a5e573240, 0x0000024a5e573388]

GC Heap History (20 events):
Event: 15.613 GC heap before
{Heap before GC invocations=20 (full 0):
 garbage-first heap   total 51200K, used 41030K [0x00000000a0e00000, 0x0000000100000000)
  region size 1024K, 15 young (15360K), 2 survivors (2048K)
 Metaspace       used 65586K, committed 66112K, reserved 1114112K
  class space    used 9093K, committed 9344K, reserved 1048576K
}
Event: 15.618 GC heap after
{Heap after GC invocations=21 (full 0):
 garbage-first heap   total 51200K, used 28399K [0x00000000a0e00000, 0x0000000100000000)
  region size 1024K, 1 young (1024K), 1 survivors (1024K)
 Metaspace       used 65586K, committed 66112K, reserved 1114112K
  class space    used 9093K, committed 9344K, reserved 1048576K
}
Event: 15.843 GC heap before
{Heap before GC invocations=21 (full 0):
 garbage-first heap   total 51200K, used 40687K [0x00000000a0e00000, 0x0000000100000000)
  region size 1024K, 14 young (14336K), 1 survivors (1024K)
 Metaspace       used 66838K, committed 67392K, reserved 1114112K
  class space    used 9273K, committed 9536K, reserved 1048576K
}
Event: 15.846 GC heap after
{Heap after GC invocations=22 (full 0):
 garbage-first heap   total 51200K, used 28774K [0x00000000a0e00000, 0x0000000100000000)
  region size 1024K, 2 young (2048K), 2 survivors (2048K)
 Metaspace       used 66838K, committed 67392K, reserved 1114112K
  class space    used 9273K, committed 9536K, reserved 1048576K
}
Event: 15.960 GC heap before
{Heap before GC invocations=22 (full 0):
 garbage-first heap   total 65536K, used 42086K [0x00000000a0e00000, 0x0000000100000000)
  region size 1024K, 15 young (15360K), 2 survivors (2048K)
 Metaspace       used 66896K, committed 67392K, reserved 1114112K
  class space    used 9274K, committed 9536K, reserved 1048576K
}
Event: 15.968 GC heap after
{Heap after GC invocations=23 (full 0):
 garbage-first heap   total 65536K, used 30639K [0x00000000a0e00000, 0x0000000100000000)
  region size 1024K, 2 young (2048K), 2 survivors (2048K)
 Metaspace       used 66896K, committed 67392K, reserved 1114112K
  class space    used 9274K, committed 9536K, reserved 1048576K
}
Event: 16.639 GC heap before
{Heap before GC invocations=24 (full 0):
 garbage-first heap   total 65536K, used 52143K [0x00000000a0e00000, 0x0000000100000000)
  region size 1024K, 23 young (23552K), 2 survivors (2048K)
 Metaspace       used 69007K, committed 69568K, reserved 1114112K
  class space    used 9555K, committed 9792K, reserved 1048576K
}
Event: 16.647 GC heap after
{Heap after GC invocations=25 (full 0):
 garbage-first heap   total 65536K, used 33243K [0x00000000a0e00000, 0x0000000100000000)
  region size 1024K, 3 young (3072K), 3 survivors (3072K)
 Metaspace       used 69007K, committed 69568K, reserved 1114112K
  class space    used 9555K, committed 9792K, reserved 1048576K
}
Event: 22.234 GC heap before
{Heap before GC invocations=25 (full 0):
 garbage-first heap   total 65536K, used 50651K [0x00000000a0e00000, 0x0000000100000000)
  region size 1024K, 21 young (21504K), 3 survivors (3072K)
 Metaspace       used 71913K, committed 72448K, reserved 1114112K
  class space    used 9912K, committed 10176K, reserved 1048576K
}
Event: 22.244 GC heap after
{Heap after GC invocations=26 (full 0):
 garbage-first heap   total 65536K, used 35629K [0x00000000a0e00000, 0x0000000100000000)
  region size 1024K, 3 young (3072K), 3 survivors (3072K)
 Metaspace       used 71913K, committed 72448K, reserved 1114112K
  class space    used 9912K, committed 10176K, reserved 1048576K
}
Event: 23.206 GC heap before
{Heap before GC invocations=27 (full 0):
 garbage-first heap   total 65536K, used 49965K [0x00000000a0e00000, 0x0000000100000000)
  region size 1024K, 18 young (18432K), 3 survivors (3072K)
 Metaspace       used 74907K, committed 75520K, reserved 1114112K
  class space    used 10374K, committed 10688K, reserved 1048576K
}
Event: 23.217 GC heap after
{Heap after GC invocations=28 (full 0):
 garbage-first heap   total 65536K, used 36584K [0x00000000a0e00000, 0x0000000100000000)
  region size 1024K, 1 young (1024K), 1 survivors (1024K)
 Metaspace       used 74907K, committed 75520K, reserved 1114112K
  class space    used 10374K, committed 10688K, reserved 1048576K
}
Event: 23.543 GC heap before
{Heap before GC invocations=28 (full 0):
 garbage-first heap   total 65536K, used 38632K [0x00000000a0e00000, 0x0000000100000000)
  region size 1024K, 3 young (3072K), 1 survivors (1024K)
 Metaspace       used 75291K, committed 75904K, reserved 1114112K
  class space    used 10420K, committed 10688K, reserved 1048576K
}
Event: 23.555 GC heap after
{Heap after GC invocations=29 (full 0):
 garbage-first heap   total 78848K, used 36289K [0x00000000a0e00000, 0x0000000100000000)
  region size 1024K, 1 young (1024K), 1 survivors (1024K)
 Metaspace       used 75291K, committed 75904K, reserved 1114112K
  class space    used 10420K, committed 10688K, reserved 1048576K
}
Event: 90.948 GC heap before
{Heap before GC invocations=29 (full 0):
 garbage-first heap   total 78848K, used 61889K [0x00000000a0e00000, 0x0000000100000000)
  region size 1024K, 26 young (26624K), 1 survivors (1024K)
 Metaspace       used 77448K, committed 78144K, reserved 1179648K
  class space    used 10471K, committed 10816K, reserved 1048576K
}
Event: 90.952 GC heap after
{Heap after GC invocations=30 (full 0):
 garbage-first heap   total 78848K, used 36723K [0x00000000a0e00000, 0x0000000100000000)
  region size 1024K, 1 young (1024K), 1 survivors (1024K)
 Metaspace       used 77448K, committed 78144K, reserved 1179648K
  class space    used 10471K, committed 10816K, reserved 1048576K
}
Event: 565.548 GC heap before
{Heap before GC invocations=31 (full 0):
 garbage-first heap   total 78848K, used 63347K [0x00000000a0e00000, 0x0000000100000000)
  region size 1024K, 27 young (27648K), 1 survivors (1024K)
 Metaspace       used 78455K, committed 79104K, reserved 1179648K
  class space    used 10475K, committed 10816K, reserved 1048576K
}
Event: 565.553 GC heap after
{Heap after GC invocations=32 (full 0):
 garbage-first heap   total 78848K, used 36762K [0x00000000a0e00000, 0x0000000100000000)
  region size 1024K, 1 young (1024K), 1 survivors (1024K)
 Metaspace       used 78455K, committed 79104K, reserved 1179648K
  class space    used 10475K, committed 10816K, reserved 1048576K
}
Event: 565.859 GC heap before
{Heap before GC invocations=32 (full 0):
 garbage-first heap   total 78848K, used 38810K [0x00000000a0e00000, 0x0000000100000000)
  region size 1024K, 3 young (3072K), 1 survivors (1024K)
 Metaspace       used 78491K, committed 79168K, reserved 1179648K
  class space    used 10475K, committed 10816K, reserved 1048576K
}
Event: 565.863 GC heap after
{Heap after GC invocations=33 (full 0):
 garbage-first heap   total 78848K, used 36062K [0x00000000a0e00000, 0x0000000100000000)
  region size 1024K, 1 young (1024K), 1 survivors (1024K)
 Metaspace       used 78491K, committed 79168K, reserved 1179648K
  class space    used 10475K, committed 10816K, reserved 1048576K
}

Dll operation events (11 events):
Event: 0.011 Loaded shared library C:\Users\Luis Bautista\.jdks\corretto-17.0.13\bin\java.dll
Event: 0.039 Loaded shared library C:\Users\Luis Bautista\.jdks\corretto-17.0.13\bin\jsvml.dll
Event: 0.219 Loaded shared library C:\Users\Luis Bautista\.jdks\corretto-17.0.13\bin\net.dll
Event: 0.221 Loaded shared library C:\Users\Luis Bautista\.jdks\corretto-17.0.13\bin\nio.dll
Event: 0.224 Loaded shared library C:\Users\Luis Bautista\.jdks\corretto-17.0.13\bin\zip.dll
Event: 0.419 Loaded shared library C:\Users\Luis Bautista\.jdks\corretto-17.0.13\bin\jimage.dll
Event: 3.811 Loaded shared library C:\Users\Luis Bautista\.jdks\corretto-17.0.13\bin\sunmscapi.dll
Event: 7.463 Loaded shared library C:\Users\Luis Bautista\.jdks\corretto-17.0.13\bin\management.dll
Event: 7.469 Loaded shared library C:\Users\Luis Bautista\.jdks\corretto-17.0.13\bin\management_ext.dll
Event: 9.140 Loaded shared library C:\Users\Luis Bautista\.jdks\corretto-17.0.13\bin\verify.dll
Event: 9.846 Loaded shared library C:\Users\Luis Bautista\.jdks\corretto-17.0.13\bin\extnet.dll

Deoptimization events (20 events):
Event: 565.747 Thread 0x0000024a72781fc0 Uncommon trap: trap_request=0xffffffd6 fr.pc=0x0000024a64ee9174 relative=0x0000000000000354
Event: 565.747 Thread 0x0000024a72781fc0 Uncommon trap: reason=array_check action=maybe_recompile pc=0x0000024a64ee9174 method=org.hibernate.internal.util.collections.StandardStack.push(Ljava/lang/Object;)V @ 43 c2
Event: 565.747 Thread 0x0000024a72781fc0 DEOPT PACKING pc=0x0000024a64ee9174 sp=0x000000bb54bfb990
Event: 565.748 Thread 0x0000024a72781fc0 DEOPT UNPACKING pc=0x0000024a647d69a3 sp=0x000000bb54bfb950 mode 2
Event: 565.748 Thread 0x0000024a72781fc0 Uncommon trap: trap_request=0xffffffd6 fr.pc=0x0000024a64ee9174 relative=0x0000000000000354
Event: 565.748 Thread 0x0000024a72781fc0 Uncommon trap: reason=array_check action=maybe_recompile pc=0x0000024a64ee9174 method=org.hibernate.internal.util.collections.StandardStack.push(Ljava/lang/Object;)V @ 43 c2
Event: 565.748 Thread 0x0000024a72781fc0 DEOPT PACKING pc=0x0000024a64ee9174 sp=0x000000bb54bfb720
Event: 565.748 Thread 0x0000024a72781fc0 DEOPT UNPACKING pc=0x0000024a647d69a3 sp=0x000000bb54bfb6e0 mode 2
Event: 565.748 Thread 0x0000024a72781fc0 Uncommon trap: trap_request=0xffffffd6 fr.pc=0x0000024a64ee9174 relative=0x0000000000000354
Event: 565.748 Thread 0x0000024a72781fc0 Uncommon trap: reason=array_check action=maybe_recompile pc=0x0000024a64ee9174 method=org.hibernate.internal.util.collections.StandardStack.push(Ljava/lang/Object;)V @ 43 c2
Event: 565.748 Thread 0x0000024a72781fc0 DEOPT PACKING pc=0x0000024a64ee9174 sp=0x000000bb54bfb720
Event: 565.748 Thread 0x0000024a72781fc0 DEOPT UNPACKING pc=0x0000024a647d69a3 sp=0x000000bb54bfb6e0 mode 2
Event: 565.748 Thread 0x0000024a72781fc0 Uncommon trap: trap_request=0xffffffd6 fr.pc=0x0000024a64ee9174 relative=0x0000000000000354
Event: 565.748 Thread 0x0000024a72781fc0 Uncommon trap: reason=array_check action=maybe_recompile pc=0x0000024a64ee9174 method=org.hibernate.internal.util.collections.StandardStack.push(Ljava/lang/Object;)V @ 43 c2
Event: 565.748 Thread 0x0000024a72781fc0 DEOPT PACKING pc=0x0000024a64ee9174 sp=0x000000bb54bfb7f0
Event: 565.748 Thread 0x0000024a72781fc0 DEOPT UNPACKING pc=0x0000024a647d69a3 sp=0x000000bb54bfb7b0 mode 2
Event: 724.372 Thread 0x0000024a7939c580 DEOPT PACKING pc=0x0000024a5da61011 sp=0x000000bb549fd030
Event: 724.372 Thread 0x0000024a7939c580 DEOPT UNPACKING pc=0x0000024a647d7143 sp=0x000000bb549fc588 mode 0
Event: 724.394 Thread 0x0000024a7277f740 DEOPT PACKING pc=0x0000024a5d2b411b sp=0x000000bb54efd3b0
Event: 724.394 Thread 0x0000024a7277f740 DEOPT UNPACKING pc=0x0000024a647d7143 sp=0x000000bb54efc8d0 mode 0

Classes loaded (20 events):
Event: 22.929 Loading class jdk/internal/reflect/UnsafeBooleanFieldAccessorImpl done
Event: 22.963 Loading class jdk/internal/reflect/UnsafeIntegerFieldAccessorImpl done
Event: 22.976 Loading class jdk/internal/reflect/UnsafeDoubleFieldAccessorImpl
Event: 22.982 Loading class jdk/internal/reflect/UnsafeDoubleFieldAccessorImpl done
Event: 22.995 Loading class java/util/OptionalLong
Event: 22.996 Loading class java/util/OptionalLong done
Event: 22.996 Loading class java/util/OptionalDouble
Event: 22.996 Loading class java/util/OptionalDouble done
Event: 23.105 Loading class java/util/stream/LongStream
Event: 23.116 Loading class java/util/stream/LongStream done
Event: 23.519 Loading class org/w3c/dom/Node
Event: 23.519 Loading class org/w3c/dom/Node done
Event: 23.519 Loading class org/w3c/dom/Document
Event: 23.520 Loading class org/w3c/dom/Document done
Event: 23.593 Loading class sun/reflect/generics/tree/LongSignature
Event: 23.596 Loading class sun/reflect/generics/tree/LongSignature done
Event: 24.298 Loading class java/util/concurrent/locks/ReentrantReadWriteLock$Sync$HoldCounter
Event: 24.299 Loading class java/util/concurrent/locks/ReentrantReadWriteLock$Sync$HoldCounter done
Event: 87.082 Loading class java/util/concurrent/atomic/Striped64$Cell
Event: 87.082 Loading class java/util/concurrent/atomic/Striped64$Cell done

Classes unloaded (1 events):
Event: 91.072 Thread 0x0000024a71ea6780 Unloading class 0x0000024a01a38400 'java/lang/invoke/LambdaForm$DMH+0x0000024a01a38400'

Classes redefined (0 events):
No events

Internal exceptions (20 events):
Event: 16.880 Thread 0x0000024a55728e70 Exception <a 'java/lang/NoSuchMethodError'{0x00000000a452bff0}: 'java.lang.Object java.lang.invoke.DirectMethodHandle$Holder.newInvokeSpecial(java.lang.Object, java.lang.Object, int, java.lang.Object, java.lang.Object)'> (0x00000000a452bff0) 
thrown [s\src\hotspot\share\interpreter\linkResolver.cpp, line 759]
Event: 20.848 Thread 0x0000024a7939d9c0 Exception <a 'java/lang/NoSuchMethodError'{0x00000000a41d7188}: 'java.lang.Object java.lang.invoke.DirectMethodHandle$Holder.invokeSpecial(java.lang.Object, java.lang.Object, java.lang.Object, java.lang.Object, java.lang.Object, long)'> (0x00000000a41d7188) 
thrown [s\src\hotspot\share\interpreter\linkResolver.cpp, line 759]
Event: 20.848 Thread 0x0000024a7939d9c0 Exception <a 'java/lang/NoSuchMethodError'{0x00000000a41dabc8}: 'java.lang.Object java.lang.invoke.Invokers$Holder.linkToTargetMethod(java.lang.Object, java.lang.Object, java.lang.Object, long, java.lang.Object)'> (0x00000000a41dabc8) 
thrown [s\src\hotspot\share\interpreter\linkResolver.cpp, line 759]
Event: 21.184 Thread 0x0000024a7939d9c0 Exception <a 'java/lang/NoSuchMethodError'{0x00000000a3efeb48}: 'java.lang.Object java.lang.invoke.DirectMethodHandle$Holder.invokeStatic(java.lang.Object, int, int)'> (0x00000000a3efeb48) 
thrown [s\src\hotspot\share\interpreter\linkResolver.cpp, line 759]
Event: 22.559 Thread 0x0000024a72781fc0 Exception <a 'java/lang/NoSuchMethodError'{0x00000000a49b9780}: 'java.lang.Object java.lang.invoke.DirectMethodHandle$Holder.invokeInterface(java.lang.Object, java.lang.Object, java.lang.Object, java.lang.Object)'> (0x00000000a49b9780) 
thrown [s\src\hotspot\share\interpreter\linkResolver.cpp, line 759]
Event: 22.559 Thread 0x0000024a7277ba80 Exception <a 'java/lang/NoSuchMethodError'{0x00000000a49d0d80}: 'java.lang.Object java.lang.invoke.DirectMethodHandle$Holder.invokeInterface(java.lang.Object, java.lang.Object, java.lang.Object, java.lang.Object)'> (0x00000000a49d0d80) 
thrown [s\src\hotspot\share\interpreter\linkResolver.cpp, line 759]
Event: 22.578 Thread 0x0000024a7939d9c0 Exception <a 'java/lang/IncompatibleClassChangeError'{0x00000000a4879888}: Found class java.lang.Object, but interface was expected> (0x00000000a4879888) 
thrown [s\src\hotspot\share\interpreter\linkResolver.cpp, line 826]
Event: 22.578 Thread 0x0000024a7277bf90 Exception <a 'java/lang/IncompatibleClassChangeError'{0x00000000a484bb98}: Found class java.lang.Object, but interface was expected> (0x00000000a484bb98) 
thrown [s\src\hotspot\share\interpreter\linkResolver.cpp, line 826]
Event: 22.650 Thread 0x0000024a7277f230 Exception <a 'java/lang/IncompatibleClassChangeError'{0x00000000a46f85b8}: Found class java.lang.Object, but interface was expected> (0x00000000a46f85b8) 
thrown [s\src\hotspot\share\interpreter\linkResolver.cpp, line 826]
Event: 22.661 Thread 0x0000024a7277f230 Exception <a 'java/lang/NoSuchMethodError'{0x00000000a45a8aa0}: 'void java.lang.invoke.DirectMethodHandle$Holder.invokeSpecialIFC(java.lang.Object, java.lang.Object, int, java.lang.Object, java.lang.Object, java.lang.Object, java.lang.Object)'> (0x00000000a45a8aa0) 
thrown [s\src\hotspot\share\interpreter\linkResolver.cpp, line 759]
Event: 22.749 Thread 0x0000024a7277f230 Exception <a 'java/lang/IncompatibleClassChangeError'{0x00000000a4345d70}: Found class java.lang.Object, but interface was expected> (0x00000000a4345d70) 
thrown [s\src\hotspot\share\interpreter\linkResolver.cpp, line 826]
Event: 22.771 Thread 0x0000024a7277f230 Exception <a 'java/lang/NoSuchMethodError'{0x00000000a4378d08}: 'double java.lang.invoke.DirectMethodHandle$Holder.invokeSpecial(java.lang.Object, java.lang.Object)'> (0x00000000a4378d08) 
thrown [s\src\hotspot\share\interpreter\linkResolver.cpp, line 759]
Event: 22.800 Thread 0x0000024a7277f230 Exception <a 'java/lang/NoSuchMethodError'{0x00000000a424ea20}: 'void java.lang.invoke.DirectMethodHandle$Holder.invokeStatic(java.lang.Object, java.lang.Object, double)'> (0x00000000a424ea20) 
thrown [s\src\hotspot\share\interpreter\linkResolver.cpp, line 759]
Event: 23.081 Thread 0x0000024a72781fc0 Exception <a 'java/lang/NoSuchMethodError'{0x00000000a3f643b0}: 'double java.lang.invoke.DirectMethodHandle$Holder.invokeVirtual(java.lang.Object, java.lang.Object)'> (0x00000000a3f643b0) 
thrown [s\src\hotspot\share\interpreter\linkResolver.cpp, line 759]
Event: 23.239 Thread 0x0000024a7277d3d0 Implicit null exception at 0x0000024a65092ddb to 0x0000024a65093180
Event: 24.326 Thread 0x0000024a7939ca90 Exception <a 'java/lang/NoSuchMethodError'{0x00000000a5602590}: 'double java.lang.invoke.DirectMethodHandle$Holder.invokeStatic(java.lang.Object, java.lang.Object)'> (0x00000000a5602590) 
thrown [s\src\hotspot\share\interpreter\linkResolver.cpp, line 759]
Event: 94.058 Thread 0x0000024a7939d9c0 Exception <a 'java/io/IOException'{0x00000000a6736828}> (0x00000000a6736828) 
thrown [s\src\hotspot\share\prims\jni.cpp, line 516]
Event: 94.080 Thread 0x0000024a7939d9c0 Exception <a 'java/io/IOException'{0x00000000a6766570}> (0x00000000a6766570) 
thrown [s\src\hotspot\share\prims\jni.cpp, line 516]
Event: 94.099 Thread 0x0000024a7277f740 Exception <a 'java/net/SocketException'{0x00000000a6755d50}: Connection reset by peer: shutdown> (0x00000000a6755d50) 
thrown [s\src\hotspot\share\prims\jni.cpp, line 535]
Event: 721.042 Thread 0x0000024a7939d9c0 Exception <a 'java/io/IOException'{0x00000000a527e1c8}> (0x00000000a527e1c8) 
thrown [s\src\hotspot\share\prims\jni.cpp, line 516]

VM Operations (20 events):
Event: 269.088 Executing VM operation: Cleanup
Event: 269.088 Executing VM operation: Cleanup done
Event: 300.745 Executing VM operation: HandshakeAllThreads
Event: 300.745 Executing VM operation: HandshakeAllThreads done
Event: 565.547 Executing VM operation: G1CollectForAllocation
Event: 565.553 Executing VM operation: G1CollectForAllocation done
Event: 565.859 Executing VM operation: G1CollectForAllocation
Event: 565.863 Executing VM operation: G1CollectForAllocation done
Event: 566.869 Executing VM operation: Cleanup
Event: 566.869 Executing VM operation: Cleanup done
Event: 576.950 Executing VM operation: Cleanup
Event: 576.950 Executing VM operation: Cleanup done
Event: 599.064 Executing VM operation: Cleanup
Event: 599.064 Executing VM operation: Cleanup done
Event: 601.196 Executing VM operation: HandshakeAllThreads
Event: 601.196 Executing VM operation: HandshakeAllThreads done
Event: 721.228 Executing VM operation: Cleanup
Event: 721.228 Executing VM operation: Cleanup done
Event: 721.464 Executing VM operation: HandshakeAllThreads
Event: 721.464 Executing VM operation: HandshakeAllThreads done

Memory protections (0 events):
No events

Nmethod flushes (20 events):
Event: 103.875 Thread 0x0000024a72197ff0 flushing  nmethod 0x0000024a5deb3d10
Event: 103.875 Thread 0x0000024a72197ff0 flushing  nmethod 0x0000024a5deb9a10
Event: 103.876 Thread 0x0000024a72197ff0 flushing  nmethod 0x0000024a5dedbf10
Event: 103.876 Thread 0x0000024a72197ff0 flushing  nmethod 0x0000024a5defa490
Event: 103.876 Thread 0x0000024a72197ff0 flushing  nmethod 0x0000024a5df00510
Event: 103.876 Thread 0x0000024a72197ff0 flushing  nmethod 0x0000024a5df1c910
Event: 103.876 Thread 0x0000024a72197ff0 flushing  nmethod 0x0000024a5df51690
Event: 103.876 Thread 0x0000024a72197ff0 flushing  nmethod 0x0000024a5df87510
Event: 103.876 Thread 0x0000024a72197ff0 flushing  nmethod 0x0000024a5df8e990
Event: 103.877 Thread 0x0000024a72197ff0 flushing  nmethod 0x0000024a5dfe0b10
Event: 103.877 Thread 0x0000024a72197ff0 flushing  nmethod 0x0000024a5dfe0e90
Event: 103.877 Thread 0x0000024a72197ff0 flushing  nmethod 0x0000024a5dfe4790
Event: 103.877 Thread 0x0000024a72197ff0 flushing  nmethod 0x0000024a5dfebd10
Event: 103.877 Thread 0x0000024a72197ff0 flushing  nmethod 0x0000024a5e00be90
Event: 103.877 Thread 0x0000024a72197ff0 flushing  nmethod 0x0000024a5e010b10
Event: 103.877 Thread 0x0000024a72197ff0 flushing  nmethod 0x0000024a5e021c90
Event: 103.877 Thread 0x0000024a72197ff0 flushing  nmethod 0x0000024a5e02ac90
Event: 103.877 Thread 0x0000024a72197ff0 flushing  nmethod 0x0000024a5e02c790
Event: 103.877 Thread 0x0000024a72197ff0 flushing  nmethod 0x0000024a5e03b090
Event: 103.878 Thread 0x0000024a72197ff0 flushing  nmethod 0x0000024a5e093690

Events (20 events):
Event: 16.924 Thread 0x0000024a55728e70 Thread added: 0x0000024a7277ddf0
Event: 16.959 Thread 0x0000024a55728e70 Thread exited: 0x0000024a55728e70
Event: 16.959 Thread 0x0000024a727815a0 Thread added: 0x0000024a727815a0
Event: 17.952 Thread 0x0000024a72c81980 Thread exited: 0x0000024a72c81980
Event: 22.187 Thread 0x0000024a71ec8740 Thread added: 0x0000024a7933b3f0
Event: 26.096 Thread 0x0000024a7933b3f0 Thread exited: 0x0000024a7933b3f0
Event: 103.973 Thread 0x0000024a71ec8740 Thread added: 0x0000024a7236d8e0
Event: 105.097 Thread 0x0000024a7236d8e0 Thread exited: 0x0000024a7236d8e0
Event: 116.338 Thread 0x0000024a71ec8740 Thread added: 0x0000024a7236d8e0
Event: 121.416 Thread 0x0000024a7236d8e0 Thread exited: 0x0000024a7236d8e0
Event: 135.173 Thread 0x0000024a71ec8740 Thread added: 0x0000024a7236d8e0
Event: 135.385 Thread 0x0000024a7236d8e0 Thread exited: 0x0000024a7236d8e0
Event: 135.494 Thread 0x0000024a71ec8740 Thread added: 0x0000024a7236d8e0
Event: 137.187 Thread 0x0000024a7236d8e0 Thread exited: 0x0000024a7236d8e0
Event: 247.988 Thread 0x0000024a71ec8740 Thread added: 0x0000024a7236d8e0
Event: 253.282 Thread 0x0000024a7236d8e0 Thread exited: 0x0000024a7236d8e0
Event: 565.884 Thread 0x0000024a71ec8740 Thread added: 0x0000024a7236d8e0
Event: 570.831 Thread 0x0000024a7236d8e0 Thread exited: 0x0000024a7236d8e0
Event: 576.664 Thread 0x0000024a71ec8740 Thread added: 0x0000024a7236d8e0
Event: 581.962 Thread 0x0000024a7236d8e0 Thread exited: 0x0000024a7236d8e0


Dynamic libraries:
0x00007ff714980000 - 0x00007ff71498e000 	C:\Users\Luis Bautista\.jdks\corretto-17.0.13\bin\java.exe
0x00007ffe4f550000 - 0x00007ffe4f767000 	C:\WINDOWS\SYSTEM32\ntdll.dll
0x00007ffe4e9f0000 - 0x00007ffe4eab4000 	C:\WINDOWS\System32\KERNEL32.DLL
0x00007ffe4c970000 - 0x00007ffe4cd29000 	C:\WINDOWS\System32\KERNELBASE.dll
0x00007ffe4c850000 - 0x00007ffe4c961000 	C:\WINDOWS\System32\ucrtbase.dll
0x00007ffe48c00000 - 0x00007ffe48c1b000 	C:\Users\Luis Bautista\.jdks\corretto-17.0.13\bin\VCRUNTIME140.dll
0x00007ffe48030000 - 0x00007ffe48047000 	C:\Users\Luis Bautista\.jdks\corretto-17.0.13\bin\jli.dll
0x00007ffe4d6e0000 - 0x00007ffe4d88e000 	C:\WINDOWS\System32\USER32.dll
0x00007ffe4d0e0000 - 0x00007ffe4d106000 	C:\WINDOWS\System32\win32u.dll
0x00007ffe4d920000 - 0x00007ffe4d949000 	C:\WINDOWS\System32\GDI32.dll
0x00007ffe4cd30000 - 0x00007ffe4ce4b000 	C:\WINDOWS\System32\gdi32full.dll
0x00007ffe3d0a0000 - 0x00007ffe3d332000 	C:\WINDOWS\WinSxS\amd64_microsoft.windows.common-controls_6595b64144ccf1df_6.0.22621.4391_none_2715d37f73803e96\COMCTL32.dll
0x00007ffe4d630000 - 0x00007ffe4d6d7000 	C:\WINDOWS\System32\msvcrt.dll
0x00007ffe4d110000 - 0x00007ffe4d1aa000 	C:\WINDOWS\System32\msvcp_win.dll
0x00007ffe4ec80000 - 0x00007ffe4ecb1000 	C:\WINDOWS\System32\IMM32.DLL
0x00007ffe48700000 - 0x00007ffe4870c000 	C:\Users\Luis Bautista\.jdks\corretto-17.0.13\bin\vcruntime140_1.dll
0x00007ffe42a00000 - 0x00007ffe42a8d000 	C:\Users\Luis Bautista\.jdks\corretto-17.0.13\bin\msvcp140.dll
0x00007ffdfc440000 - 0x00007ffdfd0ac000 	C:\Users\Luis Bautista\.jdks\corretto-17.0.13\bin\server\jvm.dll
0x00007ffe4ed70000 - 0x00007ffe4ee22000 	C:\WINDOWS\System32\ADVAPI32.dll
0x00007ffe4ecc0000 - 0x00007ffe4ed67000 	C:\WINDOWS\System32\sechost.dll
0x00007ffe4d030000 - 0x00007ffe4d058000 	C:\WINDOWS\System32\bcrypt.dll
0x00007ffe4ee50000 - 0x00007ffe4ef64000 	C:\WINDOWS\System32\RPCRT4.dll
0x00007ffe4e6a0000 - 0x00007ffe4e711000 	C:\WINDOWS\System32\WS2_32.dll
0x00007ffe4c720000 - 0x00007ffe4c76d000 	C:\WINDOWS\SYSTEM32\POWRPROF.dll
0x00007ffe4a150000 - 0x00007ffe4a184000 	C:\WINDOWS\SYSTEM32\WINMM.dll
0x00007ffe431b0000 - 0x00007ffe431ba000 	C:\WINDOWS\SYSTEM32\VERSION.dll
0x00007ffe4c700000 - 0x00007ffe4c713000 	C:\WINDOWS\SYSTEM32\UMPDC.dll
0x00007ffe4b890000 - 0x00007ffe4b8a8000 	C:\WINDOWS\SYSTEM32\kernel.appcore.dll
0x00007ffe486b0000 - 0x00007ffe486ba000 	C:\Users\Luis Bautista\.jdks\corretto-17.0.13\bin\jimage.dll
0x00007ffe49ef0000 - 0x00007ffe4a122000 	C:\WINDOWS\SYSTEM32\DBGHELP.DLL
0x00007ffe4f180000 - 0x00007ffe4f50f000 	C:\WINDOWS\System32\combase.dll
0x00007ffe4eb40000 - 0x00007ffe4ec17000 	C:\WINDOWS\System32\OLEAUT32.dll
0x00007ffe49eb0000 - 0x00007ffe49ee2000 	C:\WINDOWS\SYSTEM32\dbgcore.DLL
0x00007ffe4d060000 - 0x00007ffe4d0db000 	C:\WINDOWS\System32\bcryptPrimitives.dll
0x00007ffe462f0000 - 0x00007ffe46315000 	C:\Users\Luis Bautista\.jdks\corretto-17.0.13\bin\java.dll
0x00007ffe207f0000 - 0x00007ffe208c7000 	C:\Users\Luis Bautista\.jdks\corretto-17.0.13\bin\jsvml.dll
0x00007ffe4de20000 - 0x00007ffe4e696000 	C:\WINDOWS\System32\SHELL32.dll
0x00007ffe4a790000 - 0x00007ffe4b093000 	C:\WINDOWS\SYSTEM32\windows.storage.dll
0x00007ffe4a650000 - 0x00007ffe4a78f000 	C:\WINDOWS\SYSTEM32\wintypes.dll
0x00007ffe4f060000 - 0x00007ffe4f159000 	C:\WINDOWS\System32\SHCORE.dll
0x00007ffe4ec20000 - 0x00007ffe4ec7e000 	C:\WINDOWS\System32\shlwapi.dll
0x00007ffe4c780000 - 0x00007ffe4c7ab000 	C:\WINDOWS\SYSTEM32\profapi.dll
0x00007ffe479a0000 - 0x00007ffe479b9000 	C:\Users\Luis Bautista\.jdks\corretto-17.0.13\bin\net.dll
0x00007ffe45ff0000 - 0x00007ffe46126000 	C:\WINDOWS\SYSTEM32\WINHTTP.dll
0x00007ffe4bd10000 - 0x00007ffe4bd79000 	C:\WINDOWS\system32\mswsock.dll
0x00007ffe429e0000 - 0x00007ffe429f6000 	C:\Users\Luis Bautista\.jdks\corretto-17.0.13\bin\nio.dll
0x00007ffe429c0000 - 0x00007ffe429d8000 	C:\Users\Luis Bautista\.jdks\corretto-17.0.13\bin\zip.dll
0x00007ffe46210000 - 0x00007ffe4621e000 	C:\Users\Luis Bautista\.jdks\corretto-17.0.13\bin\sunmscapi.dll
0x00007ffe4ce50000 - 0x00007ffe4cfb6000 	C:\WINDOWS\System32\CRYPT32.dll
0x00007ffe4c120000 - 0x00007ffe4c14d000 	C:\WINDOWS\SYSTEM32\ncrypt.dll
0x00007ffe4c0e0000 - 0x00007ffe4c117000 	C:\WINDOWS\SYSTEM32\NTASN1.dll
0x00007ffe4bf70000 - 0x00007ffe4bf8b000 	C:\WINDOWS\SYSTEM32\CRYPTSP.dll
0x00007ffe4b7f0000 - 0x00007ffe4b825000 	C:\WINDOWS\system32\rsaenh.dll
0x00007ffe4be00000 - 0x00007ffe4be28000 	C:\WINDOWS\SYSTEM32\USERENV.dll
0x00007ffe4bf60000 - 0x00007ffe4bf6c000 	C:\WINDOWS\SYSTEM32\CRYPTBASE.dll
0x00007ffe4b300000 - 0x00007ffe4b32d000 	C:\WINDOWS\SYSTEM32\IPHLPAPI.DLL
0x00007ffe4e720000 - 0x00007ffe4e729000 	C:\WINDOWS\System32\NSI.dll
0x00007ffe46350000 - 0x00007ffe46369000 	C:\WINDOWS\SYSTEM32\dhcpcsvc6.DLL
0x00007ffe45fd0000 - 0x00007ffe45fef000 	C:\WINDOWS\SYSTEM32\dhcpcsvc.DLL
0x00007ffe4b370000 - 0x00007ffe4b472000 	C:\WINDOWS\SYSTEM32\DNSAPI.dll
0x00007ffe428c0000 - 0x00007ffe428c9000 	C:\Users\Luis Bautista\.jdks\corretto-17.0.13\bin\management.dll
0x00007ffe428b0000 - 0x00007ffe428bb000 	C:\Users\Luis Bautista\.jdks\corretto-17.0.13\bin\management_ext.dll
0x00007ffe4f170000 - 0x00007ffe4f178000 	C:\WINDOWS\System32\PSAPI.DLL
0x00007ffe428a0000 - 0x00007ffe428b0000 	C:\Users\Luis Bautista\.jdks\corretto-17.0.13\bin\verify.dll
0x00007ffe39bd0000 - 0x00007ffe39bda000 	C:\Windows\System32\rasadhlp.dll
0x00007ffe43ce0000 - 0x00007ffe43d63000 	C:\WINDOWS\System32\fwpuclnt.dll
0x00007ffe42890000 - 0x00007ffe42899000 	C:\Users\Luis Bautista\.jdks\corretto-17.0.13\bin\extnet.dll
0x00007ffe45fc0000 - 0x00007ffe45fc8000 	C:\WINDOWS\system32\wshunix.dll

dbghelp: loaded successfully - version: 4.0.5 - missing functions: none
symbol engine: initialized successfully - sym options: 0x614 - pdb path: .;C:\Users\Luis Bautista\.jdks\corretto-17.0.13\bin;C:\WINDOWS\SYSTEM32;C:\WINDOWS\WinSxS\amd64_microsoft.windows.common-controls_6595b64144ccf1df_6.0.22621.4391_none_2715d37f73803e96;C:\Users\Luis Bautista\.jdks\corretto-17.0.13\bin\server

VM Arguments:
jvm_args: -Dfile.encoding=windows-1252 -Duser.country=CO -Duser.language=es -Duser.variant 
java_command: com.gestion.hotel.HotelApplication
java_class_path (initial): C:\Users\Luis Bautista\OneDrive\Escritorio\ReservaFacil\hotel\build\classes\java\main;C:\Users\Luis Bautista\OneDrive\Escritorio\ReservaFacil\hotel\build\resources\main;C:\Users\Luis Bautista\.gradle\caches\modules-2\files-2.1\org.springframework.boot\spring-boot-starter-data-jpa\3.3.5\3fbef698f3a3c43c60ed493f96b11471f7d01ec7\spring-boot-starter-data-jpa-3.3.5.jar;C:\Users\Luis Bautista\.gradle\caches\modules-2\files-2.1\org.springframework.boot\spring-boot-starter-web\3.3.5\51cc6cd5fb15f4eecfadea4ac689ed290e65c2cc\spring-boot-starter-web-3.3.5.jar;C:\Users\Luis Bautista\.gradle\caches\modules-2\files-2.1\com.mysql\mysql-connector-j\8.3.0\1cc7fa5d61f4bbc113531a4ba6d85d41cf3d57e1\mysql-connector-j-8.3.0.jar;C:\Users\Luis Bautista\.gradle\caches\modules-2\files-2.1\org.springframework.boot\spring-boot-starter-aop\3.3.5\872157ff7d70996d6302f61aad1b176b4905a169\spring-boot-starter-aop-3.3.5.jar;C:\Users\Luis Bautista\.gradle\caches\modules-2\files-2.1\org.springframework.boot\spring-boot-starter-jdbc\3.3.5\64c2c63ff90dffcd6996b3cd11e5d7e9805884d2\spring-boot-starter-jdbc-3.3.5.jar;C:\Users\Luis Bautista\.gradle\caches\modules-2\files-2.1\org.hibernate.orm\hibernate-core\6.5.3.Final\1e23c320a5d10f5eaecbd23095fca5c5c83c1fb5\hibernate-core-6.5.3.Final.jar;C:\Users\Luis Bautista\.gradle\caches\modules-2\files-2.1\org.springframework.data\spring-data-jpa\3.3.5\72a3aa723e1008cc6216f94e79e2de721fc4c513\spring-data-jpa-3.3.5.jar;C:\Users\Luis Bautista\.gradle\caches\modules-2\files-2.1\org.springframework\spring-aspects\6.1.14\cd9d1c53457ac159e1eba3f342cbd6bf8dad4027\spring-aspects-6.1.14.jar;C:\Users\Luis Bautista\.gradle\caches\modules-2\files-2.1\org.springframework.boot\spring-boot-starter-json\3.3.5\a92dd0bc808c9de278bc62bc37db4e409027657a\spring-boot-starter-json-3.3.5.jar;C:\Users\Luis Bautista\.gradle\caches\modules-2\files-2.1\org.springframework.boot\spring-boot-starter\3.3.5\16b7a9acf1918a8f763e871ada3794e9ffd4a980\spring-boot-starter-3.3
Launcher Type: SUN_STANDARD

[Global flags]
     intx CICompilerCount                          = 3                                         {product} {ergonomic}
     uint ConcGCThreads                            = 1                                         {product} {ergonomic}
     uint G1ConcRefinementThreads                  = 4                                         {product} {ergonomic}
   size_t G1HeapRegionSize                         = 1048576                                   {product} {ergonomic}
    uintx GCDrainStackTargetSize                   = 64                                        {product} {ergonomic}
   size_t InitialHeapSize                          = 100663296                                 {product} {ergonomic}
   size_t MarkStackSize                            = 4194304                                   {product} {ergonomic}
   size_t MaxHeapSize                              = 1595932672                                {product} {ergonomic}
   size_t MaxNewSize                               = 957349888                                 {product} {ergonomic}
   size_t MinHeapDeltaBytes                        = 1048576                                   {product} {ergonomic}
   size_t MinHeapSize                              = 8388608                                   {product} {ergonomic}
    uintx NonNMethodCodeHeapSize                   = 5832780                                {pd product} {ergonomic}
    uintx NonProfiledCodeHeapSize                  = 122912730                              {pd product} {ergonomic}
    uintx ProfiledCodeHeapSize                     = 122912730                              {pd product} {ergonomic}
    uintx ReservedCodeCacheSize                    = 251658240                              {pd product} {ergonomic}
     bool SegmentedCodeCache                       = true                                      {product} {ergonomic}
   size_t SoftMaxHeapSize                          = 1595932672                             {manageable} {ergonomic}
     bool UseCompressedClassPointers               = true                           {product lp64_product} {ergonomic}
     bool UseCompressedOops                        = true                           {product lp64_product} {ergonomic}
     bool UseG1GC                                  = true                                      {product} {ergonomic}
     bool UseLargePagesIndividualAllocation        = false                                  {pd product} {ergonomic}

Logging:
Log output configuration:
 #0: stdout all=warning uptime,level,tags
 #1: stderr all=off uptime,level,tags

Environment Variables:
JAVA_HOME=C:\Program Files\Java\jdk-18
PATH=C:\Program Files\Common Files\Oracle\Java\javapath;C:\Program Files (x86)\Common Files\Oracle\Java\java8path;C:\Program Files (x86)\Common Files\Oracle\Java\javapath;C:\Program Files\Git\cmd;C:\Program Files\Java\jdk-18\bin;C:\Program Files\nodejs\;C:\ProgramData\chocolatey\bin;C:\Users\Luis Bautista\AppData\Local\Programs\Python\Python312\Scripts\;C:\Users\Luis Bautista\AppData\Local\Programs\Python\Python312\;C:\Users\Luis Bautista\AppData\Local\Programs\Python\Launcher\;C:\Users\Luis Bautista\AppData\Local\Microsoft\WindowsApps;C:\Program Files\JetBrains\IntelliJ IDEA 2024.1\bin;;C:\Users\Luis Bautista\AppData\Local\GitHubDesktop\bin;C:\Users\Luis Bautista\AppData\Local\Programs\Microsoft VS Code\bin;C:\Users\Luis Bautista\AppData\Roaming\npm;C:\Users\Luis Bautista\AppData\Local\Microsoft\WinGet\Packages\Schniz.fnm_Microsoft.Winget.Source_8wekyb3d8bbwe;
USERNAME=Luis Bautista
OS=Windows_NT
PROCESSOR_IDENTIFIER=AMD64 Family 23 Model 24 Stepping 1, AuthenticAMD
TMP=C:\Users\LUISBA~1\AppData\Local\Temp
TEMP=C:\Users\LUISBA~1\AppData\Local\Temp



Periodic native trim disabled


---------------  S Y S T E M  ---------------

OS:
 Windows 11 , 64 bit Build 22621 (10.0.22621.4391)
OS uptime: 0 days 3:25 hours

CPU: total 4 (initial active 4) (4 cores per cpu, 2 threads per core) family 23 model 24 stepping 1 microcode 0x0, cx8, cmov, fxsr, ht, mmx, 3dnowpref, sse, sse2, sse3, ssse3, sse4a, sse4.1, sse4.2, popcnt, lzcnt, tsc, tscinvbit, avx, avx2, aes, clmul, bmi1, bmi2, adx, sha, fma, vzeroupper, clflush, clflushopt
Processor Information for all 4 processors :
  Max Mhz: 2600, Current Mhz: 2600, Mhz Limit: 2600

Memory: 4k page, system-wide physical 6080M (540M free)
TotalPageFile size 24512M (AvailPageFile size 28M)
current process WorkingSet (physical memory assigned to process): 205M, peak: 287M
current process commit charge ("private bytes"): 295M, peak: 319M

vm_info: OpenJDK 64-Bit Server VM (17.0.13+11-LTS) for windows-amd64 JRE (17.0.13+11-LTS), built on Oct 10 2024 19:51:30 by "Administrator" with MS VC++ 16.10 / 16.11 (VS2019)

END.
