#
# There is insufficient memory for the Java Runtime Environment to continue.
# Native memory allocation (malloc) failed to allocate 131088 bytes. Error detail: Chunk::new
# Possible reasons:
#   The system is out of physical RAM or swap space
#   This process is running with CompressedOops enabled, and the Java Heap may be blocking the growth of the native heap
# Possible solutions:
#   Reduce memory load on the system
#   Increase physical memory or swap space
#   Check if swap backing store is full
#   Decrease Java heap size (-Xmx/-Xms)
#   Decrease number of Java threads
#   Decrease Java thread stack sizes (-Xss)
#   Set larger code cache with -XX:ReservedCodeCacheSize=
#   JVM is running with Unscaled Compressed Oops mode in which the Java heap is
#     placed in the first 4GB address space. The Java Heap base address is the
#     maximum limit for the native heap growth. Please use -XX:HeapBaseMinAddress
#     to set the Java Heap base and to place the Java Heap above 4GB virtual address.
# This output file may be truncated or incomplete.
#
#  Out of Memory Error (arena.cpp:191), pid=16504, tid=8424
#
# JRE version: OpenJDK Runtime Environment Corretto-17.0.13.11.1 (17.0.13+11) (build 17.0.13+11-LTS)
# Java VM: OpenJDK 64-Bit Server VM Corretto-17.0.13.11.1 (17.0.13+11-LTS, mixed mode, sharing, tiered, compressed oops, compressed class ptrs, g1 gc, windows-amd64)
# No core dump will be written. Minidumps are not enabled by default on client versions of Windows
#

---------------  S U M M A R Y ------------

Command Line: -Dfile.encoding=windows-1252 -Duser.country=CO -Duser.language=es -Duser.variant com.gestion.hotel.HotelApplication

Host: AMD Ryzen 3 3250U with Radeon Graphics         , 4 cores, 5G,  Windows 11 , 64 bit Build 22621 (10.0.22621.4391)
Time: Fri Nov 22 13:49:32 2024 Hora est. Pacífico, Sudamérica elapsed time: 79.843450 seconds (0d 0h 1m 19s)

---------------  T H R E A D  ---------------

Current thread (0x0000021ff9f17210):  JavaThread "C2 CompilerThread0" daemon [_thread_in_native, id=8424, stack(0x000000374f700000,0x000000374f800000)]


Current CompileTask:
C2:  79843 9277       4       com.mysql.cj.QueryInfo::<init> (1618 bytes)

Stack: [0x000000374f700000,0x000000374f800000]
Native frames: (J=compiled Java code, j=interpreted, Vv=VM code, C=native code)
V  [jvm.dll+0x680c19]
V  [jvm.dll+0x83888a]
V  [jvm.dll+0x83a34e]
V  [jvm.dll+0x83a9b3]
V  [jvm.dll+0x2481af]
V  [jvm.dll+0xac9f4]
V  [jvm.dll+0xad03c]
V  [jvm.dll+0xacafb]
V  [jvm.dll+0x65e26c]
V  [jvm.dll+0x610a8d]
V  [jvm.dll+0x21a578]
V  [jvm.dll+0x219b41]
V  [jvm.dll+0x1a58ed]
V  [jvm.dll+0x22988d]
V  [jvm.dll+0x227a1c]
V  [jvm.dll+0x7ed737]
V  [jvm.dll+0x7e7b2c]
V  [jvm.dll+0x67fae7]
C  [ucrtbase.dll+0x29333]
C  [KERNEL32.DLL+0x1259d]
C  [ntdll.dll+0x5af38]


---------------  P R O C E S S  ---------------

Threads class SMR info:
_java_thread_list=0x0000021fd1d75530, length=30, elements={
0x0000021ff9ef7d50, 0x0000021ff9ef9370, 0x0000021ff9f11d80, 0x0000021ff9f12940,
0x0000021ff9f15ab0, 0x0000021ff9f16470, 0x0000021ff9f17210, 0x0000021ff9f47900,
0x0000021ff9f5ae20, 0x0000021ffe1de780, 0x0000021ffe1eb530, 0x0000021fd0fa4010,
0x0000021fd029d020, 0x0000021fd10b97c0, 0x0000021fd09ee800, 0x0000021fd11b16c0,
0x0000021fd11b1bd0, 0x0000021fd11b2b00, 0x0000021fd11b25f0, 0x0000021fd11b11b0,
0x0000021fd11b3a30, 0x0000021fd11b3f40, 0x0000021fd11b4450, 0x0000021fd11b4960,
0x0000021fd11b3010, 0x0000021fd24f2f50, 0x0000021fd24ebff0, 0x0000021fd24eed80,
0x0000021fd24ef290, 0x0000021fd030f050
}

Java Threads: ( => current thread )
  0x0000021ff9ef7d50 JavaThread "Reference Handler" daemon [_thread_blocked, id=10884, stack(0x000000374f100000,0x000000374f200000)]
  0x0000021ff9ef9370 JavaThread "Finalizer" daemon [_thread_blocked, id=18324, stack(0x000000374f200000,0x000000374f300000)]
  0x0000021ff9f11d80 JavaThread "Signal Dispatcher" daemon [_thread_blocked, id=7604, stack(0x000000374f300000,0x000000374f400000)]
  0x0000021ff9f12940 JavaThread "Attach Listener" daemon [_thread_blocked, id=7636, stack(0x000000374f400000,0x000000374f500000)]
  0x0000021ff9f15ab0 JavaThread "Service Thread" daemon [_thread_blocked, id=3108, stack(0x000000374f500000,0x000000374f600000)]
  0x0000021ff9f16470 JavaThread "Monitor Deflation Thread" daemon [_thread_blocked, id=9744, stack(0x000000374f600000,0x000000374f700000)]
=>0x0000021ff9f17210 JavaThread "C2 CompilerThread0" daemon [_thread_in_native, id=8424, stack(0x000000374f700000,0x000000374f800000)]
  0x0000021ff9f47900 JavaThread "C1 CompilerThread0" daemon [_thread_blocked, id=18224, stack(0x000000374f800000,0x000000374f900000)]
  0x0000021ff9f5ae20 JavaThread "Sweeper thread" daemon [_thread_blocked, id=2184, stack(0x000000374f900000,0x000000374fa00000)]
  0x0000021ffe1de780 JavaThread "Notification Thread" daemon [_thread_blocked, id=14356, stack(0x000000374fa00000,0x000000374fb00000)]
  0x0000021ffe1eb530 JavaThread "Common-Cleaner" daemon [_thread_blocked, id=15716, stack(0x000000374fc00000,0x000000374fd00000)]
  0x0000021fd0fa4010 JavaThread "Catalina-utility-1" [_thread_blocked, id=11988, stack(0x000000374fd00000,0x000000374fe00000)]
  0x0000021fd029d020 JavaThread "Catalina-utility-2" [_thread_blocked, id=2404, stack(0x0000003750200000,0x0000003750300000)]
  0x0000021fd10b97c0 JavaThread "container-0" [_thread_blocked, id=17628, stack(0x0000003750300000,0x0000003750400000)]
  0x0000021fd09ee800 JavaThread "mysql-cj-abandoned-connection-cleanup" daemon [_thread_blocked, id=18200, stack(0x0000003750400000,0x0000003750500000)]
  0x0000021fd11b16c0 JavaThread "HikariPool-1 housekeeper" daemon [_thread_blocked, id=15544, stack(0x0000003750600000,0x0000003750700000)]
  0x0000021fd11b1bd0 JavaThread "http-nio-8080-exec-1" daemon [_thread_blocked, id=18748, stack(0x0000003750800000,0x0000003750900000)]
  0x0000021fd11b2b00 JavaThread "http-nio-8080-exec-2" daemon [_thread_blocked, id=17952, stack(0x0000003750900000,0x0000003750a00000)]
  0x0000021fd11b25f0 JavaThread "http-nio-8080-exec-3" daemon [_thread_blocked, id=17780, stack(0x0000003750a00000,0x0000003750b00000)]
  0x0000021fd11b11b0 JavaThread "http-nio-8080-exec-4" daemon [_thread_blocked, id=7452, stack(0x0000003750b00000,0x0000003750c00000)]
  0x0000021fd11b3a30 JavaThread "http-nio-8080-exec-5" daemon [_thread_blocked, id=12700, stack(0x0000003750c00000,0x0000003750d00000)]
  0x0000021fd11b3f40 JavaThread "http-nio-8080-exec-6" daemon [_thread_blocked, id=11964, stack(0x0000003750d00000,0x0000003750e00000)]
  0x0000021fd11b4450 JavaThread "http-nio-8080-exec-7" daemon [_thread_blocked, id=10628, stack(0x0000003750e00000,0x0000003750f00000)]
  0x0000021fd11b4960 JavaThread "http-nio-8080-exec-8" daemon [_thread_blocked, id=7172, stack(0x0000003750f00000,0x0000003751000000)]
  0x0000021fd11b3010 JavaThread "http-nio-8080-exec-9" daemon [_thread_blocked, id=1736, stack(0x0000003751000000,0x0000003751100000)]
  0x0000021fd24f2f50 JavaThread "http-nio-8080-exec-10" daemon [_thread_blocked, id=19208, stack(0x0000003751100000,0x0000003751200000)]
  0x0000021fd24ebff0 JavaThread "http-nio-8080-Poller" daemon [_thread_in_native, id=16484, stack(0x0000003751200000,0x0000003751300000)]
  0x0000021fd24eed80 JavaThread "http-nio-8080-Acceptor" daemon [_thread_in_native, id=14224, stack(0x0000003751300000,0x0000003751400000)]
  0x0000021fd24ef290 JavaThread "DestroyJavaVM" [_thread_blocked, id=15424, stack(0x000000374ea00000,0x000000374eb00000)]
  0x0000021fd030f050 JavaThread "C2 CompilerThread1" daemon [_thread_blocked, id=16624, stack(0x000000374e800000,0x000000374e900000)]

Other Threads:
  0x0000021ff9ef2f10 VMThread "VM Thread" [stack: 0x000000374f000000,0x000000374f100000] [id=13692]
  0x0000021ffe1e3090 WatcherThread [stack: 0x000000374fb00000,0x000000374fc00000] [id=8232]
  0x0000021fea77d500 GCTaskThread "GC Thread#0" [stack: 0x000000374eb00000,0x000000374ec00000] [id=14528]
  0x0000021ffea01720 GCTaskThread "GC Thread#1" [stack: 0x000000374fe00000,0x000000374ff00000] [id=15540]
  0x0000021ffef91520 GCTaskThread "GC Thread#2" [stack: 0x000000374ff00000,0x0000003750000000] [id=13840]
  0x0000021ffef917e0 GCTaskThread "GC Thread#3" [stack: 0x0000003750000000,0x0000003750100000] [id=14284]
  0x0000021fea78b2a0 ConcurrentGCThread "G1 Main Marker" [stack: 0x000000374ec00000,0x000000374ed00000] [id=9848]
  0x0000021fea78c460 ConcurrentGCThread "G1 Conc#0" [stack: 0x000000374ed00000,0x000000374ee00000] [id=5648]
  0x0000021ff9db0090 ConcurrentGCThread "G1 Refine#0" [stack: 0x000000374ee00000,0x000000374ef00000] [id=1772]
  0x0000021ff9db0ac0 ConcurrentGCThread "G1 Service" [stack: 0x000000374ef00000,0x000000374f000000] [id=17868]

Threads with active compile tasks:
C2 CompilerThread0    79876 9277       4       com.mysql.cj.QueryInfo::<init> (1618 bytes)

VM state: not at safepoint (normal execution)

VM Mutex/Monitor currently owned by a thread: None

Heap address: 0x00000000a0e00000, size: 1522 MB, Compressed Oops mode: 32-bit

CDS archive(s) mapped at: [0x0000021f8f000000-0x0000021f8fbb0000-0x0000021f8fbb0000), size 12255232, SharedBaseAddress: 0x0000021f8f000000, ArchiveRelocationMode: 1.
Compressed class space mapped at: 0x0000021f90000000-0x0000021fd0000000, reserved size: 1073741824
Narrow klass base: 0x0000021f8f000000, Narrow klass shift: 0, Narrow klass range: 0x100000000

GC Precious Log:
 CPUs: 4 total, 4 available
 Memory: 6080M
 Large Page Support: Disabled
 NUMA Support: Disabled
 Compressed Oops: Enabled (32-bit)
 Heap Region Size: 1M
 Heap Min Capacity: 8M
 Heap Initial Capacity: 96M
 Heap Max Capacity: 1522M
 Pre-touch: Disabled
 Parallel Workers: 4
 Concurrent Workers: 1
 Concurrent Refinement Workers: 4
 Periodic GC: Disabled

Heap:
 garbage-first heap   total 61440K, used 40473K [0x00000000a0e00000, 0x0000000100000000)
  region size 1024K, 8 young (8192K), 1 survivors (1024K)
 Metaspace       used 76866K, committed 77504K, reserved 1179648K
  class space    used 10450K, committed 10752K, reserved 1048576K

Heap Regions: E=young(eden), S=young(survivor), O=old, HS=humongous(starts), HC=humongous(continues), CS=collection set, F=free, OA=open archive, CA=closed archive, TAMS=top-at-mark-start (previous, next)
|   0|0x00000000a0e00000, 0x00000000a0f00000, 0x00000000a0f00000|100%|HS|  |TAMS 0x00000000a0f00000, 0x00000000a0e00000| Complete 
|   1|0x00000000a0f00000, 0x00000000a1000000, 0x00000000a1000000|100%| O|  |TAMS 0x00000000a1000000, 0x00000000a0f00000| Untracked 
|   2|0x00000000a1000000, 0x00000000a1100000, 0x00000000a1100000|100%| O|  |TAMS 0x00000000a1100000, 0x00000000a1000000| Untracked 
|   3|0x00000000a1100000, 0x00000000a1200000, 0x00000000a1200000|100%| O|  |TAMS 0x00000000a1200000, 0x00000000a1100000| Untracked 
|   4|0x00000000a1200000, 0x00000000a1300000, 0x00000000a1300000|100%| O|  |TAMS 0x00000000a1300000, 0x00000000a1200000| Untracked 
|   5|0x00000000a1300000, 0x00000000a1400000, 0x00000000a1400000|100%| O|  |TAMS 0x00000000a1400000, 0x00000000a1300000| Untracked 
|   6|0x00000000a1400000, 0x00000000a1500000, 0x00000000a1500000|100%| O|  |TAMS 0x00000000a1500000, 0x00000000a1400000| Untracked 
|   7|0x00000000a1500000, 0x00000000a1600000, 0x00000000a1600000|100%| O|  |TAMS 0x00000000a1600000, 0x00000000a1500000| Untracked 
|   8|0x00000000a1600000, 0x00000000a1700000, 0x00000000a1700000|100%| O|  |TAMS 0x00000000a1700000, 0x00000000a1600000| Untracked 
|   9|0x00000000a1700000, 0x00000000a1800000, 0x00000000a1800000|100%| O|  |TAMS 0x00000000a1800000, 0x00000000a1700000| Untracked 
|  10|0x00000000a1800000, 0x00000000a1900000, 0x00000000a1900000|100%| O|  |TAMS 0x00000000a1900000, 0x00000000a1800000| Untracked 
|  11|0x00000000a1900000, 0x00000000a1a00000, 0x00000000a1a00000|100%| O|  |TAMS 0x00000000a1a00000, 0x00000000a1900000| Untracked 
|  12|0x00000000a1a00000, 0x00000000a1b00000, 0x00000000a1b00000|100%| O|  |TAMS 0x00000000a1b00000, 0x00000000a1a00000| Untracked 
|  13|0x00000000a1b00000, 0x00000000a1c00000, 0x00000000a1c00000|100%| O|  |TAMS 0x00000000a1c00000, 0x00000000a1b00000| Untracked 
|  14|0x00000000a1c00000, 0x00000000a1d00000, 0x00000000a1d00000|100%| O|  |TAMS 0x00000000a1d00000, 0x00000000a1c00000| Untracked 
|  15|0x00000000a1d00000, 0x00000000a1e00000, 0x00000000a1e00000|100%| O|  |TAMS 0x00000000a1e00000, 0x00000000a1d00000| Untracked 
|  16|0x00000000a1e00000, 0x00000000a1f00000, 0x00000000a1f00000|100%| O|  |TAMS 0x00000000a1f00000, 0x00000000a1e00000| Untracked 
|  17|0x00000000a1f00000, 0x00000000a2000000, 0x00000000a2000000|100%| O|  |TAMS 0x00000000a2000000, 0x00000000a1f00000| Untracked 
|  18|0x00000000a2000000, 0x00000000a2100000, 0x00000000a2100000|100%| O|  |TAMS 0x00000000a2100000, 0x00000000a2000000| Untracked 
|  19|0x00000000a2100000, 0x00000000a2200000, 0x00000000a2200000|100%| O|  |TAMS 0x00000000a2200000, 0x00000000a2100000| Untracked 
|  20|0x00000000a2200000, 0x00000000a2300000, 0x00000000a2300000|100%| O|  |TAMS 0x00000000a2300000, 0x00000000a2200000| Untracked 
|  21|0x00000000a2300000, 0x00000000a2400000, 0x00000000a2400000|100%| O|  |TAMS 0x00000000a2400000, 0x00000000a2300000| Untracked 
|  22|0x00000000a2400000, 0x00000000a2500000, 0x00000000a2500000|100%| O|  |TAMS 0x00000000a2500000, 0x00000000a2400000| Untracked 
|  23|0x00000000a2500000, 0x00000000a2600000, 0x00000000a2600000|100%| O|  |TAMS 0x00000000a2600000, 0x00000000a2500000| Untracked 
|  24|0x00000000a2600000, 0x00000000a2700000, 0x00000000a2700000|100%| O|  |TAMS 0x00000000a2700000, 0x00000000a2600000| Untracked 
|  25|0x00000000a2700000, 0x00000000a2800000, 0x00000000a2800000|100%| O|  |TAMS 0x00000000a2800000, 0x00000000a2700000| Untracked 
|  26|0x00000000a2800000, 0x00000000a2900000, 0x00000000a2900000|100%| O|  |TAMS 0x00000000a2900000, 0x00000000a2800000| Untracked 
|  27|0x00000000a2900000, 0x00000000a2a00000, 0x00000000a2a00000|100%| O|  |TAMS 0x00000000a2a00000, 0x00000000a2900000| Untracked 
|  28|0x00000000a2a00000, 0x00000000a2b00000, 0x00000000a2b00000|100%| O|  |TAMS 0x00000000a2af5600, 0x00000000a2a00000| Untracked 
|  29|0x00000000a2b00000, 0x00000000a2c00000, 0x00000000a2c00000|100%| O|  |TAMS 0x00000000a2b00000, 0x00000000a2b00000| Untracked 
|  30|0x00000000a2c00000, 0x00000000a2d00000, 0x00000000a2d00000|100%| O|  |TAMS 0x00000000a2c00000, 0x00000000a2c00000| Untracked 
|  31|0x00000000a2d00000, 0x00000000a2e00000, 0x00000000a2e00000|100%| O|  |TAMS 0x00000000a2d00000, 0x00000000a2d00000| Untracked 
|  32|0x00000000a2e00000, 0x00000000a2eaf000, 0x00000000a2f00000| 68%| O|  |TAMS 0x00000000a2e00000, 0x00000000a2e00000| Untracked 
|  33|0x00000000a2f00000, 0x00000000a2f00000, 0x00000000a3000000|  0%| F|  |TAMS 0x00000000a2f00000, 0x00000000a2f00000| Untracked 
|  34|0x00000000a3000000, 0x00000000a3000000, 0x00000000a3100000|  0%| F|  |TAMS 0x00000000a3000000, 0x00000000a3000000| Untracked 
|  35|0x00000000a3100000, 0x00000000a3100000, 0x00000000a3200000|  0%| F|  |TAMS 0x00000000a3100000, 0x00000000a3100000| Untracked 
|  36|0x00000000a3200000, 0x00000000a3200000, 0x00000000a3300000|  0%| F|  |TAMS 0x00000000a3200000, 0x00000000a3200000| Untracked 
|  37|0x00000000a3300000, 0x00000000a3300000, 0x00000000a3400000|  0%| F|  |TAMS 0x00000000a3300000, 0x00000000a3300000| Untracked 
|  38|0x00000000a3400000, 0x00000000a3400000, 0x00000000a3500000|  0%| F|  |TAMS 0x00000000a3400000, 0x00000000a3400000| Untracked 
|  39|0x00000000a3500000, 0x00000000a3500000, 0x00000000a3600000|  0%| F|  |TAMS 0x00000000a3500000, 0x00000000a3500000| Untracked 
|  40|0x00000000a3600000, 0x00000000a3600000, 0x00000000a3700000|  0%| F|  |TAMS 0x00000000a3600000, 0x00000000a3600000| Untracked 
|  41|0x00000000a3700000, 0x00000000a3700000, 0x00000000a3800000|  0%| F|  |TAMS 0x00000000a3700000, 0x00000000a3700000| Untracked 
|  42|0x00000000a3800000, 0x00000000a3800000, 0x00000000a3900000|  0%| F|  |TAMS 0x00000000a3800000, 0x00000000a3800000| Untracked 
|  43|0x00000000a3900000, 0x00000000a3900000, 0x00000000a3a00000|  0%| F|  |TAMS 0x00000000a3900000, 0x00000000a3900000| Untracked 
|  44|0x00000000a3a00000, 0x00000000a3ad7550, 0x00000000a3b00000| 84%| S|CS|TAMS 0x00000000a3a00000, 0x00000000a3a00000| Complete 
|  45|0x00000000a3b00000, 0x00000000a3b00000, 0x00000000a3c00000|  0%| F|  |TAMS 0x00000000a3b00000, 0x00000000a3b00000| Untracked 
|  46|0x00000000a3c00000, 0x00000000a3c00000, 0x00000000a3d00000|  0%| F|  |TAMS 0x00000000a3c00000, 0x00000000a3c00000| Untracked 
|  47|0x00000000a3d00000, 0x00000000a3d00000, 0x00000000a3e00000|  0%| F|  |TAMS 0x00000000a3d00000, 0x00000000a3d00000| Untracked 
|  48|0x00000000a3e00000, 0x00000000a3e00000, 0x00000000a3f00000|  0%| F|  |TAMS 0x00000000a3e00000, 0x00000000a3e00000| Untracked 
|  49|0x00000000a3f00000, 0x00000000a3f00000, 0x00000000a4000000|  0%| F|  |TAMS 0x00000000a3f00000, 0x00000000a3f00000| Untracked 
|  50|0x00000000a4000000, 0x00000000a4000000, 0x00000000a4100000|  0%| F|  |TAMS 0x00000000a4000000, 0x00000000a4000000| Untracked 
|  51|0x00000000a4100000, 0x00000000a4100000, 0x00000000a4200000|  0%| F|  |TAMS 0x00000000a4100000, 0x00000000a4100000| Untracked 
|  52|0x00000000a4200000, 0x00000000a4200000, 0x00000000a4300000|  0%| F|  |TAMS 0x00000000a4200000, 0x00000000a4200000| Untracked 
|  53|0x00000000a4300000, 0x00000000a43bdf90, 0x00000000a4400000| 74%| E|  |TAMS 0x00000000a4300000, 0x00000000a4300000| Complete 
|  54|0x00000000a4400000, 0x00000000a4500000, 0x00000000a4500000|100%| E|CS|TAMS 0x00000000a4400000, 0x00000000a4400000| Complete 
|  55|0x00000000a4500000, 0x00000000a4600000, 0x00000000a4600000|100%| E|CS|TAMS 0x00000000a4500000, 0x00000000a4500000| Complete 
|  56|0x00000000a4600000, 0x00000000a4700000, 0x00000000a4700000|100%| E|CS|TAMS 0x00000000a4600000, 0x00000000a4600000| Complete 
|  57|0x00000000a4700000, 0x00000000a4800000, 0x00000000a4800000|100%| E|CS|TAMS 0x00000000a4700000, 0x00000000a4700000| Complete 
|  90|0x00000000a6800000, 0x00000000a6900000, 0x00000000a6900000|100%| E|CS|TAMS 0x00000000a6800000, 0x00000000a6800000| Complete 
|  95|0x00000000a6d00000, 0x00000000a6e00000, 0x00000000a6e00000|100%| E|CS|TAMS 0x00000000a6d00000, 0x00000000a6d00000| Complete 

Card table byte_map: [0x0000021ff4380000,0x0000021ff4680000] _byte_map_base: 0x0000021ff3e79000

Marking Bits (Prev, Next): (CMBitMap*) 0x0000021fea77eb30, (CMBitMap*) 0x0000021fea77eb70
 Prev Bits: [0x0000021ff4980000, 0x0000021ff6148000)
 Next Bits: [0x0000021ff6150000, 0x0000021ff7918000)

Polling page: 0x0000021fea7d0000

Metaspace:

Usage:
  Non-class:     64.86 MB used.
      Class:     10.21 MB used.
       Both:     75.07 MB used.

Virtual space:
  Non-class space:      128.00 MB reserved,      65.19 MB ( 51%) committed,  2 nodes.
      Class space:        1.00 GB reserved,      10.50 MB (  1%) committed,  1 nodes.
             Both:        1.12 GB reserved,      75.69 MB (  7%) committed. 

Chunk freelists:
   Non-Class:  14.70 MB
       Class:  5.36 MB
        Both:  20.06 MB

MaxMetaspaceSize: unlimited
CompressedClassSpaceSize: 1.00 GB
Initial GC threshold: 21.00 MB
Current GC threshold: 122.31 MB
CDS: on
MetaspaceReclaimPolicy: balanced
 - commit_granule_bytes: 65536.
 - commit_granule_words: 8192.
 - virtual_space_node_default_size: 8388608.
 - enlarge_chunks_in_place: 1.
 - new_chunks_are_fully_committed: 0.
 - uncommit_free_chunks: 1.
 - use_allocation_guard: 0.
 - handle_deallocations: 1.


Internal statistics:

num_allocs_failed_limit: 9.
num_arena_births: 880.
num_arena_deaths: 0.
num_vsnodes_births: 3.
num_vsnodes_deaths: 0.
num_space_committed: 1211.
num_space_uncommitted: 0.
num_chunks_returned_to_freelist: 9.
num_chunks_taken_from_freelist: 3576.
num_chunk_merges: 9.
num_chunk_splits: 2582.
num_chunks_enlarged: 2035.
num_inconsistent_stats: 0.

CodeHeap 'non-profiled nmethods': size=120000Kb used=5085Kb max_used=5085Kb free=114914Kb
 bounds [0x0000021f87ad0000, 0x0000021f87fd0000, 0x0000021f8f000000]
CodeHeap 'profiled nmethods': size=120000Kb used=16243Kb max_used=16243Kb free=103756Kb
 bounds [0x0000021f80000000, 0x0000021f80fe0000, 0x0000021f87530000]
CodeHeap 'non-nmethods': size=5760Kb used=1382Kb max_used=1443Kb free=4377Kb
 bounds [0x0000021f87530000, 0x0000021f877a0000, 0x0000021f87ad0000]
 total_blobs=9190 nmethods=8470 adapters=631
 compilation: enabled
              stopped_count=0, restarted_count=0
 full_count=0

Compilation events (20 events):
Event: 79.699 Thread 0x0000021ff9f47900 9300       1       org.hibernate.metamodel.mapping.internal.ToOneAttributeMapping::getTargetKeyPropertyNames (5 bytes)
Event: 79.700 Thread 0x0000021ff9f47900 nmethod 9300 0x0000021f87fc6710 code [0x0000021f87fc68a0, 0x0000021f87fc6978]
Event: 79.700 Thread 0x0000021ff9f47900 9301       3       org.hibernate.query.sqm.tree.expression.JpaCriteriaParameter::accept (8 bytes)
Event: 79.701 Thread 0x0000021ff9f47900 nmethod 9301 0x0000021f80fda610 code [0x0000021f80fda7c0, 0x0000021f80fda9a8]
Event: 79.701 Thread 0x0000021ff9f47900 9303       3       org.hibernate.query.sqm.internal.DomainParameterXref::getQueryParameter (41 bytes)
Event: 79.701 Thread 0x0000021ff9f47900 nmethod 9303 0x0000021f80fdaa90 code [0x0000021f80fdac80, 0x0000021f80fdb488]
Event: 79.701 Thread 0x0000021ff9f47900 9305       3       org.hibernate.query.sqm.tree.domain.SqmBasicValuedSimplePath::getJavaType (10 bytes)
Event: 79.702 Thread 0x0000021ff9f47900 nmethod 9305 0x0000021f80fdb590 code [0x0000021f80fdb7c0, 0x0000021f80fdbf38]
Event: 79.702 Thread 0x0000021ff9f47900 9306       3       org.hibernate.query.sqm.tree.domain.SqmBasicValuedSimplePath::getJavaTypeDescriptor (8 bytes)
Event: 79.704 Thread 0x0000021ff9f47900 nmethod 9306 0x0000021f80fdc190 code [0x0000021f80fdc3a0, 0x0000021f80fdc9e8]
Event: 79.704 Thread 0x0000021ff9f47900 9302       3       org.hibernate.query.sqm.tree.expression.SqmJpaCriteriaParameterWrapper::allowMultiValuedBinding (8 bytes)
Event: 79.704 Thread 0x0000021ff9f47900 nmethod 9302 0x0000021f80fdcc10 code [0x0000021f80fdcda0, 0x0000021f80fdced8]
Event: 79.704 Thread 0x0000021ff9f47900 9307       1       org.springframework.web.method.HandlerMethod::getContainingClass (5 bytes)
Event: 79.704 Thread 0x0000021ff9f47900 nmethod 9307 0x0000021f87fc6a10 code [0x0000021f87fc6ba0, 0x0000021f87fc6c78]
Event: 79.704 Thread 0x0000021ff9f47900 9304       1       org.hibernate.query.internal.QueryParameterBindingImpl::getExplicitTemporalPrecision (5 bytes)
Event: 79.704 Thread 0x0000021ff9f47900 nmethod 9304 0x0000021f87fc6d10 code [0x0000021f87fc6ea0, 0x0000021f87fc6f78]
Event: 79.713 Thread 0x0000021fd030f050 9262       4       com.mysql.cj.CoreSession::getServerSession (10 bytes)
Event: 79.715 Thread 0x0000021fd030f050 nmethod 9262 0x0000021f87fc7010 code [0x0000021f87fc7180, 0x0000021f87fc7238]
Event: 79.715 Thread 0x0000021fd030f050 9280       4       org.hibernate.engine.spi.SessionFactoryImplementor::getSessionFactory (2 bytes)
Event: 79.715 Thread 0x0000021fd030f050 nmethod 9280 0x0000021f87fc7310 code [0x0000021f87fc7480, 0x0000021f87fc74f8]

GC Heap History (20 events):
Event: 11.346 GC heap before
{Heap before GC invocations=14 (full 0):
 garbage-first heap   total 51200K, used 39260K [0x00000000a0e00000, 0x0000000100000000)
  region size 1024K, 20 young (20480K), 1 survivors (1024K)
 Metaspace       used 48985K, committed 49344K, reserved 1114112K
  class space    used 6364K, committed 6528K, reserved 1048576K
}
Event: 11.349 GC heap after
{Heap after GC invocations=15 (full 0):
 garbage-first heap   total 61440K, used 21427K [0x00000000a0e00000, 0x0000000100000000)
  region size 1024K, 2 young (2048K), 2 survivors (2048K)
 Metaspace       used 48985K, committed 49344K, reserved 1114112K
  class space    used 6364K, committed 6528K, reserved 1048576K
}
Event: 12.168 GC heap before
{Heap before GC invocations=15 (full 0):
 garbage-first heap   total 61440K, used 46003K [0x00000000a0e00000, 0x0000000100000000)
  region size 1024K, 27 young (27648K), 2 survivors (2048K)
 Metaspace       used 55109K, committed 55552K, reserved 1114112K
  class space    used 7374K, committed 7552K, reserved 1048576K
}
Event: 12.171 GC heap after
{Heap after GC invocations=16 (full 0):
 garbage-first heap   total 61440K, used 22144K [0x00000000a0e00000, 0x0000000100000000)
  region size 1024K, 2 young (2048K), 2 survivors (2048K)
 Metaspace       used 55109K, committed 55552K, reserved 1114112K
  class space    used 7374K, committed 7552K, reserved 1048576K
}
Event: 12.823 GC heap before
{Heap before GC invocations=16 (full 0):
 garbage-first heap   total 61440K, used 42624K [0x00000000a0e00000, 0x0000000100000000)
  region size 1024K, 24 young (24576K), 2 survivors (2048K)
 Metaspace       used 59884K, committed 60416K, reserved 1114112K
  class space    used 8035K, committed 8320K, reserved 1048576K
}
Event: 12.829 GC heap after
{Heap after GC invocations=17 (full 0):
 garbage-first heap   total 61440K, used 23841K [0x00000000a0e00000, 0x0000000100000000)
  region size 1024K, 4 young (4096K), 4 survivors (4096K)
 Metaspace       used 59884K, committed 60416K, reserved 1114112K
  class space    used 8035K, committed 8320K, reserved 1048576K
}
Event: 13.788 GC heap before
{Heap before GC invocations=18 (full 0):
 garbage-first heap   total 61440K, used 47393K [0x00000000a0e00000, 0x0000000100000000)
  region size 1024K, 28 young (28672K), 4 survivors (4096K)
 Metaspace       used 63887K, committed 64448K, reserved 1114112K
  class space    used 8742K, committed 9024K, reserved 1048576K
}
Event: 13.799 GC heap after
{Heap after GC invocations=19 (full 0):
 garbage-first heap   total 61440K, used 26170K [0x00000000a0e00000, 0x0000000100000000)
  region size 1024K, 4 young (4096K), 4 survivors (4096K)
 Metaspace       used 63887K, committed 64448K, reserved 1114112K
  class space    used 8742K, committed 9024K, reserved 1048576K
}
Event: 14.224 GC heap before
{Heap before GC invocations=19 (full 0):
 garbage-first heap   total 61440K, used 47674K [0x00000000a0e00000, 0x0000000100000000)
  region size 1024K, 26 young (26624K), 4 survivors (4096K)
 Metaspace       used 65553K, committed 66048K, reserved 1114112K
  class space    used 9098K, committed 9344K, reserved 1048576K
}
Event: 14.233 GC heap after
{Heap after GC invocations=20 (full 0):
 garbage-first heap   total 61440K, used 27821K [0x00000000a0e00000, 0x0000000100000000)
  region size 1024K, 2 young (2048K), 2 survivors (2048K)
 Metaspace       used 65553K, committed 66048K, reserved 1114112K
  class space    used 9098K, committed 9344K, reserved 1048576K
}
Event: 14.508 GC heap before
{Heap before GC invocations=20 (full 0):
 garbage-first heap   total 61440K, used 48301K [0x00000000a0e00000, 0x0000000100000000)
  region size 1024K, 23 young (23552K), 2 survivors (2048K)
 Metaspace       used 66956K, committed 67456K, reserved 1114112K
  class space    used 9283K, committed 9536K, reserved 1048576K
}
Event: 14.514 GC heap after
{Heap after GC invocations=21 (full 0):
 garbage-first heap   total 61440K, used 28022K [0x00000000a0e00000, 0x0000000100000000)
  region size 1024K, 3 young (3072K), 3 survivors (3072K)
 Metaspace       used 66956K, committed 67456K, reserved 1114112K
  class space    used 9283K, committed 9536K, reserved 1048576K
}
Event: 15.205 GC heap before
{Heap before GC invocations=21 (full 0):
 garbage-first heap   total 61440K, used 48502K [0x00000000a0e00000, 0x0000000100000000)
  region size 1024K, 23 young (23552K), 3 survivors (3072K)
 Metaspace       used 68491K, committed 69056K, reserved 1114112K
  class space    used 9466K, committed 9728K, reserved 1048576K
}
Event: 15.211 GC heap after
{Heap after GC invocations=22 (full 0):
 garbage-first heap   total 61440K, used 29969K [0x00000000a0e00000, 0x0000000100000000)
  region size 1024K, 3 young (3072K), 3 survivors (3072K)
 Metaspace       used 68491K, committed 69056K, reserved 1114112K
  class space    used 9466K, committed 9728K, reserved 1048576K
}
Event: 32.011 GC heap before
{Heap before GC invocations=22 (full 0):
 garbage-first heap   total 61440K, used 49425K [0x00000000a0e00000, 0x0000000100000000)
  region size 1024K, 22 young (22528K), 3 survivors (3072K)
 Metaspace       used 71052K, committed 71616K, reserved 1114112K
  class space    used 9806K, committed 10112K, reserved 1048576K
}
Event: 32.021 GC heap after
{Heap after GC invocations=23 (full 0):
 garbage-first heap   total 61440K, used 31604K [0x00000000a0e00000, 0x0000000100000000)
  region size 1024K, 2 young (2048K), 2 survivors (2048K)
 Metaspace       used 71052K, committed 71616K, reserved 1114112K
  class space    used 9806K, committed 10112K, reserved 1048576K
}
Event: 33.727 GC heap before
{Heap before GC invocations=23 (full 0):
 garbage-first heap   total 61440K, used 49012K [0x00000000a0e00000, 0x0000000100000000)
  region size 1024K, 20 young (20480K), 2 survivors (2048K)
 Metaspace       used 74489K, committed 75008K, reserved 1114112K
  class space    used 10308K, committed 10560K, reserved 1048576K
}
Event: 33.738 GC heap after
{Heap after GC invocations=24 (full 0):
 garbage-first heap   total 61440K, used 33753K [0x00000000a0e00000, 0x0000000100000000)
  region size 1024K, 3 young (3072K), 3 survivors (3072K)
 Metaspace       used 74489K, committed 75008K, reserved 1114112K
  class space    used 10308K, committed 10560K, reserved 1048576K
}
Event: 72.054 GC heap before
{Heap before GC invocations=25 (full 0):
 garbage-first heap   total 61440K, used 49113K [0x00000000a0e00000, 0x0000000100000000)
  region size 1024K, 18 young (18432K), 3 survivors (3072K)
 Metaspace       used 76532K, committed 77184K, reserved 1179648K
  class space    used 10450K, committed 10752K, reserved 1048576K
}
Event: 72.059 GC heap after
{Heap after GC invocations=26 (full 0):
 garbage-first heap   total 61440K, used 34329K [0x00000000a0e00000, 0x0000000100000000)
  region size 1024K, 1 young (1024K), 1 survivors (1024K)
 Metaspace       used 76532K, committed 77184K, reserved 1179648K
  class space    used 10450K, committed 10752K, reserved 1048576K
}

Dll operation events (11 events):
Event: 0.017 Loaded shared library C:\Users\Luis Bautista\.jdks\corretto-17.0.13\bin\java.dll
Event: 0.051 Loaded shared library C:\Users\Luis Bautista\.jdks\corretto-17.0.13\bin\jsvml.dll
Event: 0.213 Loaded shared library C:\Users\Luis Bautista\.jdks\corretto-17.0.13\bin\net.dll
Event: 0.216 Loaded shared library C:\Users\Luis Bautista\.jdks\corretto-17.0.13\bin\nio.dll
Event: 0.220 Loaded shared library C:\Users\Luis Bautista\.jdks\corretto-17.0.13\bin\zip.dll
Event: 0.456 Loaded shared library C:\Users\Luis Bautista\.jdks\corretto-17.0.13\bin\jimage.dll
Event: 3.115 Loaded shared library C:\Users\Luis Bautista\.jdks\corretto-17.0.13\bin\sunmscapi.dll
Event: 6.808 Loaded shared library C:\Users\Luis Bautista\.jdks\corretto-17.0.13\bin\management.dll
Event: 6.813 Loaded shared library C:\Users\Luis Bautista\.jdks\corretto-17.0.13\bin\management_ext.dll
Event: 8.101 Loaded shared library C:\Users\Luis Bautista\.jdks\corretto-17.0.13\bin\verify.dll
Event: 8.952 Loaded shared library C:\Users\Luis Bautista\.jdks\corretto-17.0.13\bin\extnet.dll

Deoptimization events (20 events):
Event: 33.745 Thread 0x0000021fd11b2b00 Uncommon trap: trap_request=0xffffff45 fr.pc=0x0000021f87c52570 relative=0x0000000000000210
Event: 33.745 Thread 0x0000021fd11b2b00 Uncommon trap: reason=unstable_if action=reinterpret pc=0x0000021f87c52570 method=java.util.concurrent.ConcurrentHashMap.get(Ljava/lang/Object;)Ljava/lang/Object; @ 152 c2
Event: 33.745 Thread 0x0000021fd11b2b00 DEOPT PACKING pc=0x0000021f87c52570 sp=0x00000037509f8420
Event: 33.745 Thread 0x0000021fd11b2b00 DEOPT UNPACKING pc=0x0000021f875869a3 sp=0x00000037509f8350 mode 2
Event: 33.883 Thread 0x0000021fd11b11b0 Uncommon trap: trap_request=0xffffff45 fr.pc=0x0000021f87dcf7c8 relative=0x00000000000006c8
Event: 33.883 Thread 0x0000021fd11b11b0 Uncommon trap: reason=unstable_if action=reinterpret pc=0x0000021f87dcf7c8 method=jdk.internal.org.objectweb.asm.Type.getArgumentsAndReturnSizes(Ljava/lang/String;)I @ 123 c2
Event: 33.883 Thread 0x0000021fd11b11b0 DEOPT PACKING pc=0x0000021f87dcf7c8 sp=0x0000003750bfa6b0
Event: 33.883 Thread 0x0000021fd11b11b0 DEOPT UNPACKING pc=0x0000021f875869a3 sp=0x0000003750bfa5c8 mode 2
Event: 33.982 Thread 0x0000021fd11b2b00 Uncommon trap: trap_request=0xffffff45 fr.pc=0x0000021f87b6ac5c relative=0x00000000000003bc
Event: 33.983 Thread 0x0000021fd11b2b00 Uncommon trap: reason=unstable_if action=reinterpret pc=0x0000021f87b6ac5c method=java.util.IdentityHashMap.put(Ljava/lang/Object;Ljava/lang/Object;)Ljava/lang/Object; @ 90 c2
Event: 33.983 Thread 0x0000021fd11b2b00 DEOPT PACKING pc=0x0000021f87b6ac5c sp=0x00000037509f9760
Event: 33.983 Thread 0x0000021fd11b2b00 DEOPT UNPACKING pc=0x0000021f875869a3 sp=0x00000037509f9708 mode 2
Event: 71.895 Thread 0x0000021fd11b3a30 Uncommon trap: trap_request=0xffffff45 fr.pc=0x0000021f87f203c8 relative=0x0000000000000668
Event: 71.895 Thread 0x0000021fd11b3a30 Uncommon trap: reason=unstable_if action=reinterpret pc=0x0000021f87f203c8 method=org.apache.tomcat.util.buf.MessageBytes.equalsIgnoreCase(Ljava/lang/String;)Z @ 4 c2
Event: 71.895 Thread 0x0000021fd11b3a30 DEOPT PACKING pc=0x0000021f87f203c8 sp=0x0000003750cfea30
Event: 71.895 Thread 0x0000021fd11b3a30 DEOPT UNPACKING pc=0x0000021f875869a3 sp=0x0000003750cfe9f0 mode 2
Event: 72.086 Thread 0x0000021fd11b3a30 DEOPT PACKING pc=0x0000021f80892a32 sp=0x0000003750cf8ca0
Event: 72.086 Thread 0x0000021fd11b3a30 DEOPT UNPACKING pc=0x0000021f87587143 sp=0x0000003750cf8230 mode 0
Event: 79.686 Thread 0x0000021fd24f2f50 DEOPT PACKING pc=0x0000021f80cc6e08 sp=0x00000037511f9c50
Event: 79.686 Thread 0x0000021fd24f2f50 DEOPT UNPACKING pc=0x0000021f87587143 sp=0x00000037511f93b8 mode 0

Classes loaded (20 events):
Event: 33.707 Loading class jdk/internal/reflect/UnsafeIntegerFieldAccessorImpl
Event: 33.707 Loading class jdk/internal/reflect/UnsafeIntegerFieldAccessorImpl done
Event: 33.708 Loading class jdk/internal/reflect/UnsafeBooleanFieldAccessorImpl
Event: 33.708 Loading class jdk/internal/reflect/UnsafeBooleanFieldAccessorImpl done
Event: 33.709 Loading class jdk/internal/reflect/UnsafeDoubleFieldAccessorImpl
Event: 33.709 Loading class jdk/internal/reflect/UnsafeDoubleFieldAccessorImpl done
Event: 34.084 Loading class java/util/OptionalLong
Event: 34.084 Loading class java/util/OptionalLong done
Event: 34.084 Loading class java/util/OptionalDouble
Event: 34.084 Loading class java/util/OptionalDouble done
Event: 34.111 Loading class java/util/stream/LongStream
Event: 34.112 Loading class java/util/stream/LongStream done
Event: 34.187 Loading class sun/reflect/generics/tree/LongSignature
Event: 34.187 Loading class sun/reflect/generics/tree/LongSignature done
Event: 34.197 Loading class org/w3c/dom/Node
Event: 34.197 Loading class org/w3c/dom/Node done
Event: 34.197 Loading class org/w3c/dom/Document
Event: 34.198 Loading class org/w3c/dom/Document done
Event: 34.207 Loading class java/util/concurrent/atomic/Striped64$Cell
Event: 34.207 Loading class java/util/concurrent/atomic/Striped64$Cell done

Classes unloaded (0 events):
No events

Classes redefined (0 events):
No events

Internal exceptions (20 events):
Event: 14.717 Thread 0x0000021fea7287e0 Exception <a 'java/lang/reflect/InvocationTargetException'{0x00000000a40ec0f0}> (0x00000000a40ec0f0) 
thrown [s\src\hotspot\share\runtime\reflection.cpp, line 1128]
Event: 15.198 Thread 0x0000021fea7287e0 Exception <a 'sun/nio/fs/WindowsException'{0x00000000a36c4ee8}> (0x00000000a36c4ee8) 
thrown [s\src\hotspot\share\prims\jni.cpp, line 516]
Event: 15.281 Thread 0x0000021fea7287e0 Exception <a 'java/lang/IncompatibleClassChangeError'{0x00000000a4651c58}: Found class java.lang.Object, but interface was expected> (0x00000000a4651c58) 
thrown [s\src\hotspot\share\interpreter\linkResolver.cpp, line 826]
Event: 15.340 Thread 0x0000021fea7287e0 Exception <a 'java/lang/NoSuchMethodError'{0x00000000a440b228}: 'void java.lang.invoke.DirectMethodHandle$Holder.invokeVirtual(java.lang.Object, java.lang.Object, long)'> (0x00000000a440b228) 
thrown [s\src\hotspot\share\interpreter\linkResolver.cpp, line 759]
Event: 15.499 Thread 0x0000021fea7287e0 Exception <a 'java/lang/IncompatibleClassChangeError'{0x00000000a402d3b8}: Found class java.lang.Object, but interface was expected> (0x00000000a402d3b8) 
thrown [s\src\hotspot\share\interpreter\linkResolver.cpp, line 826]
Event: 15.628 Thread 0x0000021fea7287e0 Exception <a 'java/lang/NoSuchMethodError'{0x00000000a3cb4140}: 'java.lang.Object java.lang.invoke.DirectMethodHandle$Holder.newInvokeSpecial(java.lang.Object, java.lang.Object, int, java.lang.Object, java.lang.Object)'> (0x00000000a3cb4140) 
thrown [s\src\hotspot\share\interpreter\linkResolver.cpp, line 759]
Event: 31.995 Thread 0x0000021fd11b1bd0 Exception <a 'java/lang/NoSuchMethodError'{0x00000000a378cb08}: 'java.lang.Object java.lang.invoke.DirectMethodHandle$Holder.invokeSpecial(java.lang.Object, java.lang.Object, java.lang.Object, java.lang.Object, java.lang.Object, long)'> (0x00000000a378cb08) 
thrown [s\src\hotspot\share\interpreter\linkResolver.cpp, line 759]
Event: 31.995 Thread 0x0000021fd11b1bd0 Exception <a 'java/lang/NoSuchMethodError'{0x00000000a3790548}: 'java.lang.Object java.lang.invoke.Invokers$Holder.linkToTargetMethod(java.lang.Object, java.lang.Object, java.lang.Object, long, java.lang.Object)'> (0x00000000a3790548) 
thrown [s\src\hotspot\share\interpreter\linkResolver.cpp, line 759]
Event: 32.172 Thread 0x0000021fd11b1bd0 Exception <a 'java/lang/NoSuchMethodError'{0x00000000a47b8088}: 'java.lang.Object java.lang.invoke.DirectMethodHandle$Holder.invokeStatic(java.lang.Object, int, int)'> (0x00000000a47b8088) 
thrown [s\src\hotspot\share\interpreter\linkResolver.cpp, line 759]
Event: 33.449 Thread 0x0000021fd11b1bd0 Exception <a 'java/lang/NoSuchMethodError'{0x00000000a4170eb8}: 'java.lang.Object java.lang.invoke.DirectMethodHandle$Holder.invokeInterface(java.lang.Object, java.lang.Object, java.lang.Object, java.lang.Object)'> (0x00000000a4170eb8) 
thrown [s\src\hotspot\share\interpreter\linkResolver.cpp, line 759]
Event: 33.452 Thread 0x0000021fd11b2b00 Exception <a 'java/lang/NoSuchMethodError'{0x00000000a404fd48}: 'java.lang.Object java.lang.invoke.DirectMethodHandle$Holder.invokeInterface(java.lang.Object, java.lang.Object, java.lang.Object, java.lang.Object)'> (0x00000000a404fd48) 
thrown [s\src\hotspot\share\interpreter\linkResolver.cpp, line 759]
Event: 33.468 Thread 0x0000021fd11b1bd0 Exception <a 'java/lang/IncompatibleClassChangeError'{0x00000000a40d7480}: Found class java.lang.Object, but interface was expected> (0x00000000a40d7480) 
thrown [s\src\hotspot\share\interpreter\linkResolver.cpp, line 826]
Event: 33.631 Thread 0x0000021fd11b3a30 Exception <a 'java/lang/IncompatibleClassChangeError'{0x00000000a3c4be58}: Found class java.lang.Object, but interface was expected> (0x00000000a3c4be58) 
thrown [s\src\hotspot\share\interpreter\linkResolver.cpp, line 826]
Event: 33.640 Thread 0x0000021fd11b3a30 Exception <a 'java/lang/NoSuchMethodError'{0x00000000a3ce0648}: 'void java.lang.invoke.DirectMethodHandle$Holder.invokeSpecialIFC(java.lang.Object, java.lang.Object, int, java.lang.Object, java.lang.Object, java.lang.Object, java.lang.Object)'> (0x00000000a3ce0648) 
thrown [s\src\hotspot\share\interpreter\linkResolver.cpp, line 759]
Event: 33.668 Thread 0x0000021fd11b3a30 Exception <a 'java/lang/IncompatibleClassChangeError'{0x00000000a3a22560}: Found class java.lang.Object, but interface was expected> (0x00000000a3a22560) 
thrown [s\src\hotspot\share\interpreter\linkResolver.cpp, line 826]
Event: 33.681 Thread 0x0000021fd11b3a30 Exception <a 'java/lang/NoSuchMethodError'{0x00000000a3ae65e0}: 'double java.lang.invoke.DirectMethodHandle$Holder.invokeSpecial(java.lang.Object, java.lang.Object)'> (0x00000000a3ae65e0) 
thrown [s\src\hotspot\share\interpreter\linkResolver.cpp, line 759]
Event: 33.689 Thread 0x0000021fd11b3a30 Exception <a 'java/lang/NoSuchMethodError'{0x00000000a3aef1e8}: 'void java.lang.invoke.DirectMethodHandle$Holder.invokeStatic(java.lang.Object, java.lang.Object, double)'> (0x00000000a3aef1e8) 
thrown [s\src\hotspot\share\interpreter\linkResolver.cpp, line 759]
Event: 33.745 Thread 0x0000021fd11b2b00 Implicit null exception at 0x0000021f87ec24d8 to 0x0000021f87ec27a8
Event: 33.883 Thread 0x0000021fd11b11b0 Exception <a 'java/lang/NoSuchMethodError'{0x00000000a6dbdcf8}: 'double java.lang.invoke.DirectMethodHandle$Holder.invokeVirtual(java.lang.Object, java.lang.Object)'> (0x00000000a6dbdcf8) 
thrown [s\src\hotspot\share\interpreter\linkResolver.cpp, line 759]
Event: 34.639 Thread 0x0000021fd24f2f50 Exception <a 'java/lang/NoSuchMethodError'{0x00000000a42b6190}: 'double java.lang.invoke.DirectMethodHandle$Holder.invokeStatic(java.lang.Object, java.lang.Object)'> (0x00000000a42b6190) 
thrown [s\src\hotspot\share\interpreter\linkResolver.cpp, line 759]

VM Operations (20 events):
Event: 53.836 Executing VM operation: Cleanup
Event: 53.836 Executing VM operation: Cleanup done
Event: 54.841 Executing VM operation: Cleanup
Event: 54.841 Executing VM operation: Cleanup done
Event: 57.878 Executing VM operation: Cleanup
Event: 57.878 Executing VM operation: Cleanup done
Event: 59.897 Executing VM operation: Cleanup
Event: 59.897 Executing VM operation: Cleanup done
Event: 60.271 Executing VM operation: HandshakeAllThreads
Event: 60.271 Executing VM operation: HandshakeAllThreads done
Event: 61.284 Executing VM operation: Cleanup
Event: 61.284 Executing VM operation: Cleanup done
Event: 62.296 Executing VM operation: Cleanup
Event: 62.297 Executing VM operation: Cleanup done
Event: 68.331 Executing VM operation: Cleanup
Event: 68.331 Executing VM operation: Cleanup done
Event: 72.053 Executing VM operation: G1CollectForAllocation
Event: 72.059 Executing VM operation: G1CollectForAllocation done
Event: 73.066 Executing VM operation: Cleanup
Event: 73.066 Executing VM operation: Cleanup done

Memory protections (0 events):
No events

Nmethod flushes (20 events):
Event: 12.375 Thread 0x0000021ff9f5ae20 flushing  nmethod 0x0000021f80a4a810
Event: 12.375 Thread 0x0000021ff9f5ae20 flushing  nmethod 0x0000021f80a4e990
Event: 12.375 Thread 0x0000021ff9f5ae20 flushing  nmethod 0x0000021f80a4ed10
Event: 12.375 Thread 0x0000021ff9f5ae20 flushing  nmethod 0x0000021f80a54610
Event: 12.375 Thread 0x0000021ff9f5ae20 flushing  nmethod 0x0000021f80a58190
Event: 12.375 Thread 0x0000021ff9f5ae20 flushing  nmethod 0x0000021f80a5a690
Event: 33.554 Thread 0x0000021ff9f5ae20 flushing  nmethod 0x0000021f800d1b90
Event: 33.555 Thread 0x0000021ff9f5ae20 flushing  nmethod 0x0000021f8018dd10
Event: 33.556 Thread 0x0000021ff9f5ae20 flushing  nmethod 0x0000021f80267290
Event: 33.556 Thread 0x0000021ff9f5ae20 flushing  nmethod 0x0000021f8027a510
Event: 33.557 Thread 0x0000021ff9f5ae20 flushing  nmethod 0x0000021f8034eb90
Event: 33.564 Thread 0x0000021ff9f5ae20 flushing  nmethod 0x0000021f80880c90
Event: 33.565 Thread 0x0000021ff9f5ae20 flushing  nmethod 0x0000021f80a1e010
Event: 33.565 Thread 0x0000021ff9f5ae20 flushing  nmethod 0x0000021f80a1e410
Event: 33.565 Thread 0x0000021ff9f5ae20 flushing  nmethod 0x0000021f80a1ef10
Event: 33.565 Thread 0x0000021ff9f5ae20 flushing  nmethod 0x0000021f80a20310
Event: 33.565 Thread 0x0000021ff9f5ae20 flushing  nmethod 0x0000021f80a22c10
Event: 33.566 Thread 0x0000021ff9f5ae20 flushing  nmethod 0x0000021f80a45710
Event: 33.566 Thread 0x0000021ff9f5ae20 flushing  nmethod 0x0000021f80a4f090
Event: 33.566 Thread 0x0000021ff9f5ae20 flushing  nmethod 0x0000021f80a80810

Events (20 events):
Event: 15.643 Thread 0x0000021fea7287e0 Thread added: 0x0000021fd11b3f40
Event: 15.643 Thread 0x0000021fea7287e0 Thread added: 0x0000021fd11b4450
Event: 15.644 Thread 0x0000021fea7287e0 Thread added: 0x0000021fd11b4960
Event: 15.644 Thread 0x0000021fea7287e0 Thread added: 0x0000021fd11b3010
Event: 15.644 Thread 0x0000021fea7287e0 Thread added: 0x0000021fd24f2f50
Event: 15.666 Thread 0x0000021fea7287e0 Thread added: 0x0000021fd24ebff0
Event: 15.668 Thread 0x0000021fea7287e0 Thread added: 0x0000021fd24eed80
Event: 15.711 Thread 0x0000021fea7287e0 Thread exited: 0x0000021fea7287e0
Event: 15.711 Thread 0x0000021fd24ef290 Thread added: 0x0000021fd24ef290
Event: 15.747 Thread 0x0000021fd11b20e0 Thread exited: 0x0000021fd11b20e0
Event: 21.415 Thread 0x0000021fff417710 Thread exited: 0x0000021fff417710
Event: 32.068 Thread 0x0000021ff9f47900 Thread added: 0x0000021fd36b4010
Event: 33.313 Thread 0x0000021fd36b4010 Thread exited: 0x0000021fd36b4010
Event: 33.347 Thread 0x0000021ff9f47900 Thread added: 0x0000021fd0af8e40
Event: 33.390 Thread 0x0000021fd11b11b0 Thread added: 0x0000021fd24f1b10
Event: 36.207 Thread 0x0000021fd0af8e40 Thread exited: 0x0000021fd0af8e40
Event: 38.570 Thread 0x0000021fd24f1b10 Thread exited: 0x0000021fd24f1b10
Event: 72.090 Thread 0x0000021ff9f47900 Thread added: 0x0000021fffccf190
Event: 72.311 Thread 0x0000021fffccf190 Thread exited: 0x0000021fffccf190
Event: 79.653 Thread 0x0000021ff9f47900 Thread added: 0x0000021fd030f050


Dynamic libraries:
0x00007ff79ecd0000 - 0x00007ff79ecde000 	C:\Users\Luis Bautista\.jdks\corretto-17.0.13\bin\java.exe
0x00007ffe4f550000 - 0x00007ffe4f767000 	C:\WINDOWS\SYSTEM32\ntdll.dll
0x00007ffe4e9f0000 - 0x00007ffe4eab4000 	C:\WINDOWS\System32\KERNEL32.DLL
0x00007ffe4c970000 - 0x00007ffe4cd29000 	C:\WINDOWS\System32\KERNELBASE.dll
0x00007ffe4c850000 - 0x00007ffe4c961000 	C:\WINDOWS\System32\ucrtbase.dll
0x00007ffe48030000 - 0x00007ffe48047000 	C:\Users\Luis Bautista\.jdks\corretto-17.0.13\bin\jli.dll
0x00007ffe48c00000 - 0x00007ffe48c1b000 	C:\Users\Luis Bautista\.jdks\corretto-17.0.13\bin\VCRUNTIME140.dll
0x00007ffe4d6e0000 - 0x00007ffe4d88e000 	C:\WINDOWS\System32\USER32.dll
0x00007ffe4d0e0000 - 0x00007ffe4d106000 	C:\WINDOWS\System32\win32u.dll
0x00007ffe3d0a0000 - 0x00007ffe3d332000 	C:\WINDOWS\WinSxS\amd64_microsoft.windows.common-controls_6595b64144ccf1df_6.0.22621.4391_none_2715d37f73803e96\COMCTL32.dll
0x00007ffe4d920000 - 0x00007ffe4d949000 	C:\WINDOWS\System32\GDI32.dll
0x00007ffe4cd30000 - 0x00007ffe4ce4b000 	C:\WINDOWS\System32\gdi32full.dll
0x00007ffe4d630000 - 0x00007ffe4d6d7000 	C:\WINDOWS\System32\msvcrt.dll
0x00007ffe4d110000 - 0x00007ffe4d1aa000 	C:\WINDOWS\System32\msvcp_win.dll
0x00007ffe4ec80000 - 0x00007ffe4ecb1000 	C:\WINDOWS\System32\IMM32.DLL
0x00007ffe48700000 - 0x00007ffe4870c000 	C:\Users\Luis Bautista\.jdks\corretto-17.0.13\bin\vcruntime140_1.dll
0x00007ffe42a00000 - 0x00007ffe42a8d000 	C:\Users\Luis Bautista\.jdks\corretto-17.0.13\bin\msvcp140.dll
0x00007ffdfc440000 - 0x00007ffdfd0ac000 	C:\Users\Luis Bautista\.jdks\corretto-17.0.13\bin\server\jvm.dll
0x00007ffe4ed70000 - 0x00007ffe4ee22000 	C:\WINDOWS\System32\ADVAPI32.dll
0x00007ffe4ecc0000 - 0x00007ffe4ed67000 	C:\WINDOWS\System32\sechost.dll
0x00007ffe4d030000 - 0x00007ffe4d058000 	C:\WINDOWS\System32\bcrypt.dll
0x00007ffe4ee50000 - 0x00007ffe4ef64000 	C:\WINDOWS\System32\RPCRT4.dll
0x00007ffe4e6a0000 - 0x00007ffe4e711000 	C:\WINDOWS\System32\WS2_32.dll
0x00007ffe4c720000 - 0x00007ffe4c76d000 	C:\WINDOWS\SYSTEM32\POWRPROF.dll
0x00007ffe4a150000 - 0x00007ffe4a184000 	C:\WINDOWS\SYSTEM32\WINMM.dll
0x00007ffe431b0000 - 0x00007ffe431ba000 	C:\WINDOWS\SYSTEM32\VERSION.dll
0x00007ffe4c700000 - 0x00007ffe4c713000 	C:\WINDOWS\SYSTEM32\UMPDC.dll
0x00007ffe4b890000 - 0x00007ffe4b8a8000 	C:\WINDOWS\SYSTEM32\kernel.appcore.dll
0x00007ffe486b0000 - 0x00007ffe486ba000 	C:\Users\Luis Bautista\.jdks\corretto-17.0.13\bin\jimage.dll
0x00007ffe49ef0000 - 0x00007ffe4a122000 	C:\WINDOWS\SYSTEM32\DBGHELP.DLL
0x00007ffe4f180000 - 0x00007ffe4f50f000 	C:\WINDOWS\System32\combase.dll
0x00007ffe4eb40000 - 0x00007ffe4ec17000 	C:\WINDOWS\System32\OLEAUT32.dll
0x00007ffe49eb0000 - 0x00007ffe49ee2000 	C:\WINDOWS\SYSTEM32\dbgcore.DLL
0x00007ffe4d060000 - 0x00007ffe4d0db000 	C:\WINDOWS\System32\bcryptPrimitives.dll
0x00007ffe462f0000 - 0x00007ffe46315000 	C:\Users\Luis Bautista\.jdks\corretto-17.0.13\bin\java.dll
0x00007ffe207f0000 - 0x00007ffe208c7000 	C:\Users\Luis Bautista\.jdks\corretto-17.0.13\bin\jsvml.dll
0x00007ffe4de20000 - 0x00007ffe4e696000 	C:\WINDOWS\System32\SHELL32.dll
0x00007ffe4a790000 - 0x00007ffe4b093000 	C:\WINDOWS\SYSTEM32\windows.storage.dll
0x00007ffe4a650000 - 0x00007ffe4a78f000 	C:\WINDOWS\SYSTEM32\wintypes.dll
0x00007ffe4f060000 - 0x00007ffe4f159000 	C:\WINDOWS\System32\SHCORE.dll
0x00007ffe4ec20000 - 0x00007ffe4ec7e000 	C:\WINDOWS\System32\shlwapi.dll
0x00007ffe4c780000 - 0x00007ffe4c7ab000 	C:\WINDOWS\SYSTEM32\profapi.dll
0x00007ffe479a0000 - 0x00007ffe479b9000 	C:\Users\Luis Bautista\.jdks\corretto-17.0.13\bin\net.dll
0x00007ffe45ff0000 - 0x00007ffe46126000 	C:\WINDOWS\SYSTEM32\WINHTTP.dll
0x00007ffe4bd10000 - 0x00007ffe4bd79000 	C:\WINDOWS\system32\mswsock.dll
0x00007ffe429e0000 - 0x00007ffe429f6000 	C:\Users\Luis Bautista\.jdks\corretto-17.0.13\bin\nio.dll
0x00007ffe429c0000 - 0x00007ffe429d8000 	C:\Users\Luis Bautista\.jdks\corretto-17.0.13\bin\zip.dll
0x00007ffe462b0000 - 0x00007ffe462be000 	C:\Users\Luis Bautista\.jdks\corretto-17.0.13\bin\sunmscapi.dll
0x00007ffe4ce50000 - 0x00007ffe4cfb6000 	C:\WINDOWS\System32\CRYPT32.dll
0x00007ffe4c120000 - 0x00007ffe4c14d000 	C:\WINDOWS\SYSTEM32\ncrypt.dll
0x00007ffe4c0e0000 - 0x00007ffe4c117000 	C:\WINDOWS\SYSTEM32\NTASN1.dll
0x00007ffe4bf70000 - 0x00007ffe4bf8b000 	C:\WINDOWS\SYSTEM32\CRYPTSP.dll
0x00007ffe4b7f0000 - 0x00007ffe4b825000 	C:\WINDOWS\system32\rsaenh.dll
0x00007ffe4be00000 - 0x00007ffe4be28000 	C:\WINDOWS\SYSTEM32\USERENV.dll
0x00007ffe4bf60000 - 0x00007ffe4bf6c000 	C:\WINDOWS\SYSTEM32\CRYPTBASE.dll
0x00007ffe4b300000 - 0x00007ffe4b32d000 	C:\WINDOWS\SYSTEM32\IPHLPAPI.DLL
0x00007ffe4e720000 - 0x00007ffe4e729000 	C:\WINDOWS\System32\NSI.dll
0x00007ffe46350000 - 0x00007ffe46369000 	C:\WINDOWS\SYSTEM32\dhcpcsvc6.DLL
0x00007ffe45fd0000 - 0x00007ffe45fef000 	C:\WINDOWS\SYSTEM32\dhcpcsvc.DLL
0x00007ffe4b370000 - 0x00007ffe4b472000 	C:\WINDOWS\SYSTEM32\DNSAPI.dll
0x00007ffe428c0000 - 0x00007ffe428c9000 	C:\Users\Luis Bautista\.jdks\corretto-17.0.13\bin\management.dll
0x00007ffe428b0000 - 0x00007ffe428bb000 	C:\Users\Luis Bautista\.jdks\corretto-17.0.13\bin\management_ext.dll
0x00007ffe4f170000 - 0x00007ffe4f178000 	C:\WINDOWS\System32\PSAPI.DLL
0x00007ffe428a0000 - 0x00007ffe428b0000 	C:\Users\Luis Bautista\.jdks\corretto-17.0.13\bin\verify.dll
0x00007ffe39bd0000 - 0x00007ffe39bda000 	C:\Windows\System32\rasadhlp.dll
0x00007ffe43ce0000 - 0x00007ffe43d63000 	C:\WINDOWS\System32\fwpuclnt.dll
0x00007ffe42890000 - 0x00007ffe42899000 	C:\Users\Luis Bautista\.jdks\corretto-17.0.13\bin\extnet.dll
0x00007ffe45fc0000 - 0x00007ffe45fc8000 	C:\WINDOWS\system32\wshunix.dll

dbghelp: loaded successfully - version: 4.0.5 - missing functions: none
symbol engine: initialized successfully - sym options: 0x614 - pdb path: .;C:\Users\Luis Bautista\.jdks\corretto-17.0.13\bin;C:\WINDOWS\SYSTEM32;C:\WINDOWS\WinSxS\amd64_microsoft.windows.common-controls_6595b64144ccf1df_6.0.22621.4391_none_2715d37f73803e96;C:\Users\Luis Bautista\.jdks\corretto-17.0.13\bin\server

VM Arguments:
jvm_args: -Dfile.encoding=windows-1252 -Duser.country=CO -Duser.language=es -Duser.variant 
java_command: com.gestion.hotel.HotelApplication
java_class_path (initial): C:\Users\Luis Bautista\OneDrive\Escritorio\ReservaFacil\hotel\build\classes\java\main;C:\Users\Luis Bautista\OneDrive\Escritorio\ReservaFacil\hotel\build\resources\main;C:\Users\Luis Bautista\.gradle\caches\modules-2\files-2.1\org.springframework.boot\spring-boot-starter-data-jpa\3.3.5\3fbef698f3a3c43c60ed493f96b11471f7d01ec7\spring-boot-starter-data-jpa-3.3.5.jar;C:\Users\Luis Bautista\.gradle\caches\modules-2\files-2.1\org.springframework.boot\spring-boot-starter-web\3.3.5\51cc6cd5fb15f4eecfadea4ac689ed290e65c2cc\spring-boot-starter-web-3.3.5.jar;C:\Users\Luis Bautista\.gradle\caches\modules-2\files-2.1\com.mysql\mysql-connector-j\8.3.0\1cc7fa5d61f4bbc113531a4ba6d85d41cf3d57e1\mysql-connector-j-8.3.0.jar;C:\Users\Luis Bautista\.gradle\caches\modules-2\files-2.1\org.springframework.boot\spring-boot-starter-aop\3.3.5\872157ff7d70996d6302f61aad1b176b4905a169\spring-boot-starter-aop-3.3.5.jar;C:\Users\Luis Bautista\.gradle\caches\modules-2\files-2.1\org.springframework.boot\spring-boot-starter-jdbc\3.3.5\64c2c63ff90dffcd6996b3cd11e5d7e9805884d2\spring-boot-starter-jdbc-3.3.5.jar;C:\Users\Luis Bautista\.gradle\caches\modules-2\files-2.1\org.hibernate.orm\hibernate-core\6.5.3.Final\1e23c320a5d10f5eaecbd23095fca5c5c83c1fb5\hibernate-core-6.5.3.Final.jar;C:\Users\Luis Bautista\.gradle\caches\modules-2\files-2.1\org.springframework.data\spring-data-jpa\3.3.5\72a3aa723e1008cc6216f94e79e2de721fc4c513\spring-data-jpa-3.3.5.jar;C:\Users\Luis Bautista\.gradle\caches\modules-2\files-2.1\org.springframework\spring-aspects\6.1.14\cd9d1c53457ac159e1eba3f342cbd6bf8dad4027\spring-aspects-6.1.14.jar;C:\Users\Luis Bautista\.gradle\caches\modules-2\files-2.1\org.springframework.boot\spring-boot-starter-json\3.3.5\a92dd0bc808c9de278bc62bc37db4e409027657a\spring-boot-starter-json-3.3.5.jar;C:\Users\Luis Bautista\.gradle\caches\modules-2\files-2.1\org.springframework.boot\spring-boot-starter\3.3.5\16b7a9acf1918a8f763e871ada3794e9ffd4a980\spring-boot-starter-3.3
Launcher Type: SUN_STANDARD

[Global flags]
     intx CICompilerCount                          = 3                                         {product} {ergonomic}
     uint ConcGCThreads                            = 1                                         {product} {ergonomic}
     uint G1ConcRefinementThreads                  = 4                                         {product} {ergonomic}
   size_t G1HeapRegionSize                         = 1048576                                   {product} {ergonomic}
    uintx GCDrainStackTargetSize                   = 64                                        {product} {ergonomic}
   size_t InitialHeapSize                          = 100663296                                 {product} {ergonomic}
   size_t MarkStackSize                            = 4194304                                   {product} {ergonomic}
   size_t MaxHeapSize                              = 1595932672                                {product} {ergonomic}
   size_t MaxNewSize                               = 957349888                                 {product} {ergonomic}
   size_t MinHeapDeltaBytes                        = 1048576                                   {product} {ergonomic}
   size_t MinHeapSize                              = 8388608                                   {product} {ergonomic}
    uintx NonNMethodCodeHeapSize                   = 5832780                                {pd product} {ergonomic}
    uintx NonProfiledCodeHeapSize                  = 122912730                              {pd product} {ergonomic}
    uintx ProfiledCodeHeapSize                     = 122912730                              {pd product} {ergonomic}
    uintx ReservedCodeCacheSize                    = 251658240                              {pd product} {ergonomic}
     bool SegmentedCodeCache                       = true                                      {product} {ergonomic}
   size_t SoftMaxHeapSize                          = 1595932672                             {manageable} {ergonomic}
     bool UseCompressedClassPointers               = true                           {product lp64_product} {ergonomic}
     bool UseCompressedOops                        = true                           {product lp64_product} {ergonomic}
     bool UseG1GC                                  = true                                      {product} {ergonomic}
     bool UseLargePagesIndividualAllocation        = false                                  {pd product} {ergonomic}

Logging:
Log output configuration:
 #0: stdout all=warning uptime,level,tags
 #1: stderr all=off uptime,level,tags

Environment Variables:
JAVA_HOME=C:\Program Files\Java\jdk-18
PATH=C:\Program Files\Common Files\Oracle\Java\javapath;C:\Program Files (x86)\Common Files\Oracle\Java\java8path;C:\Program Files (x86)\Common Files\Oracle\Java\javapath;C:\Program Files\Git\cmd;C:\Program Files\Java\jdk-18\bin;C:\Program Files\nodejs\;C:\ProgramData\chocolatey\bin;C:\Users\Luis Bautista\AppData\Local\Programs\Python\Python312\Scripts\;C:\Users\Luis Bautista\AppData\Local\Programs\Python\Python312\;C:\Users\Luis Bautista\AppData\Local\Programs\Python\Launcher\;C:\Users\Luis Bautista\AppData\Local\Microsoft\WindowsApps;C:\Program Files\JetBrains\IntelliJ IDEA 2024.1\bin;;C:\Users\Luis Bautista\AppData\Local\GitHubDesktop\bin;C:\Users\Luis Bautista\AppData\Local\Programs\Microsoft VS Code\bin;C:\Users\Luis Bautista\AppData\Roaming\npm;C:\Users\Luis Bautista\AppData\Local\Microsoft\WinGet\Packages\Schniz.fnm_Microsoft.Winget.Source_8wekyb3d8bbwe;
USERNAME=Luis Bautista
OS=Windows_NT
PROCESSOR_IDENTIFIER=AMD64 Family 23 Model 24 Stepping 1, AuthenticAMD
TMP=C:\Users\LUISBA~1\AppData\Local\Temp
TEMP=C:\Users\LUISBA~1\AppData\Local\Temp



Periodic native trim disabled


---------------  S Y S T E M  ---------------

OS:
 Windows 11 , 64 bit Build 22621 (10.0.22621.4391)
OS uptime: 0 days 3:01 hours

CPU: total 4 (initial active 4) (4 cores per cpu, 2 threads per core) family 23 model 24 stepping 1 microcode 0x0, cx8, cmov, fxsr, ht, mmx, 3dnowpref, sse, sse2, sse3, ssse3, sse4a, sse4.1, sse4.2, popcnt, lzcnt, tsc, tscinvbit, avx, avx2, aes, clmul, bmi1, bmi2, adx, sha, fma, vzeroupper, clflush, clflushopt
Processor Information for all 4 processors :
  Max Mhz: 2600, Current Mhz: 2600, Mhz Limit: 2600

Memory: 4k page, system-wide physical 6080M (429M free)
TotalPageFile size 24512M (AvailPageFile size 2M)
current process WorkingSet (physical memory assigned to process): 246M, peak: 275M
current process commit charge ("private bytes"): 275M, peak: 305M

vm_info: OpenJDK 64-Bit Server VM (17.0.13+11-LTS) for windows-amd64 JRE (17.0.13+11-LTS), built on Oct 10 2024 19:51:30 by "Administrator" with MS VC++ 16.10 / 16.11 (VS2019)

END.
