#
# There is insufficient memory for the Java Runtime Environment to continue.
# Native memory allocation (malloc) failed to allocate 742912 bytes. Error detail: Chunk::new
# Possible reasons:
#   The system is out of physical RAM or swap space
#   This process is running with CompressedOops enabled, and the Java Heap may be blocking the growth of the native heap
# Possible solutions:
#   Reduce memory load on the system
#   Increase physical memory or swap space
#   Check if swap backing store is full
#   Decrease Java heap size (-Xmx/-Xms)
#   Decrease number of Java threads
#   Decrease Java thread stack sizes (-Xss)
#   Set larger code cache with -XX:ReservedCodeCacheSize=
#   JVM is running with Unscaled Compressed Oops mode in which the Java heap is
#     placed in the first 4GB address space. The Java Heap base address is the
#     maximum limit for the native heap growth. Please use -XX:HeapBaseMinAddress
#     to set the Java Heap base and to place the Java Heap above 4GB virtual address.
# This output file may be truncated or incomplete.
#
#  Out of Memory Error (arena.cpp:191), pid=14532, tid=256
#
# JRE version: OpenJDK Runtime Environment Corretto-17.0.13.11.1 (17.0.13+11) (build 17.0.13+11-LTS)
# Java VM: OpenJDK 64-Bit Server VM Corretto-17.0.13.11.1 (17.0.13+11-LTS, mixed mode, sharing, tiered, compressed oops, compressed class ptrs, g1 gc, windows-amd64)
# No core dump will be written. Minidumps are not enabled by default on client versions of Windows
#

---------------  S U M M A R Y ------------

Command Line: -Dfile.encoding=windows-1252 -Duser.country=CO -Duser.language=es -Duser.variant com.gestion.hotel.HotelApplication

Host: AMD Ryzen 3 3250U with Radeon Graphics         , 4 cores, 5G,  Windows 11 , 64 bit Build 22621 (10.0.22621.4391)
Time: Fri Nov 22 14:00:03 2024 Hora est. Pacífico, Sudamérica elapsed time: 38.856488 seconds (0d 0h 0m 38s)

---------------  T H R E A D  ---------------

Current thread (0x000001b277e33360):  JavaThread "C2 CompilerThread0" daemon [_thread_in_native, id=256, stack(0x0000009346100000,0x0000009346200000)]


Current CompileTask:
C2:  38856 8671       4       jdk.internal.loader.URLClassPath::findResource (38 bytes)

Stack: [0x0000009346100000,0x0000009346200000]
Native frames: (J=compiled Java code, j=interpreted, Vv=VM code, C=native code)
V  [jvm.dll+0x680c19]
V  [jvm.dll+0x83888a]
V  [jvm.dll+0x83a34e]
V  [jvm.dll+0x83a9b3]
V  [jvm.dll+0x2481af]
V  [jvm.dll+0xac9f4]
V  [jvm.dll+0xad03c]
V  [jvm.dll+0x3677b7]
V  [jvm.dll+0x1bd3c2]
V  [jvm.dll+0x21a859]
V  [jvm.dll+0x219b41]
V  [jvm.dll+0x1a58ed]
V  [jvm.dll+0x22988d]
V  [jvm.dll+0x227a1c]
V  [jvm.dll+0x7ed737]
V  [jvm.dll+0x7e7b2c]
V  [jvm.dll+0x67fae7]
C  [ucrtbase.dll+0x29333]
C  [KERNEL32.DLL+0x1259d]
C  [ntdll.dll+0x5af38]


---------------  P R O C E S S  ---------------

Threads class SMR info:
_java_thread_list=0x000001b27d090f50, length=29, elements={
0x000001b277e11df0, 0x000001b277e12c70, 0x000001b277e29130, 0x000001b277e29cf0,
0x000001b277e2c6c0, 0x000001b277e2d080, 0x000001b277e33360, 0x000001b277e53e20,
0x000001b277e56c20, 0x000001b27c1223e0, 0x000001b27c12d390, 0x000001b27dadd570,
0x000001b27daddf90, 0x000001b27dade4a0, 0x000001b27dade9b0, 0x000001b27e39b300,
0x000001b27e39bd20, 0x000001b27e39f4d0, 0x000001b27e399ec0, 0x000001b27e39a3d0,
0x000001b27e39d160, 0x000001b27e39d670, 0x000001b27e39db80, 0x000001b27e39e5a0,
0x000001b27e39eab0, 0x000001b27e39efc0, 0x000001b27e398060, 0x000001b27e398f90,
0x000001b27e39f9e0
}

Java Threads: ( => current thread )
  0x000001b277e11df0 JavaThread "Reference Handler" daemon [_thread_blocked, id=6876, stack(0x0000009345b00000,0x0000009345c00000)]
  0x000001b277e12c70 JavaThread "Finalizer" daemon [_thread_blocked, id=13300, stack(0x0000009345c00000,0x0000009345d00000)]
  0x000001b277e29130 JavaThread "Signal Dispatcher" daemon [_thread_blocked, id=16608, stack(0x0000009345d00000,0x0000009345e00000)]
  0x000001b277e29cf0 JavaThread "Attach Listener" daemon [_thread_blocked, id=11760, stack(0x0000009345e00000,0x0000009345f00000)]
  0x000001b277e2c6c0 JavaThread "Service Thread" daemon [_thread_blocked, id=17932, stack(0x0000009345f00000,0x0000009346000000)]
  0x000001b277e2d080 JavaThread "Monitor Deflation Thread" daemon [_thread_blocked, id=10556, stack(0x0000009346000000,0x0000009346100000)]
=>0x000001b277e33360 JavaThread "C2 CompilerThread0" daemon [_thread_in_native, id=256, stack(0x0000009346100000,0x0000009346200000)]
  0x000001b277e53e20 JavaThread "C1 CompilerThread0" daemon [_thread_in_native, id=6928, stack(0x0000009346200000,0x0000009346300000)]
  0x000001b277e56c20 JavaThread "Sweeper thread" daemon [_thread_blocked, id=19208, stack(0x0000009346300000,0x0000009346400000)]
  0x000001b27c1223e0 JavaThread "Notification Thread" daemon [_thread_blocked, id=18576, stack(0x0000009346400000,0x0000009346500000)]
  0x000001b27c12d390 JavaThread "Common-Cleaner" daemon [_thread_blocked, id=16740, stack(0x0000009346600000,0x0000009346700000)]
  0x000001b27dadd570 JavaThread "Catalina-utility-1" [_thread_blocked, id=8776, stack(0x0000009346700000,0x0000009346800000)]
  0x000001b27daddf90 JavaThread "Catalina-utility-2" [_thread_blocked, id=5692, stack(0x0000009346c00000,0x0000009346d00000)]
  0x000001b27dade4a0 JavaThread "container-0" [_thread_blocked, id=6952, stack(0x0000009346d00000,0x0000009346e00000)]
  0x000001b27dade9b0 JavaThread "mysql-cj-abandoned-connection-cleanup" daemon [_thread_blocked, id=17624, stack(0x0000009346e00000,0x0000009346f00000)]
  0x000001b27e39b300 JavaThread "HikariPool-1 housekeeper" daemon [_thread_blocked, id=17824, stack(0x0000009347000000,0x0000009347100000)]
  0x000001b27e39bd20 JavaThread "http-nio-8080-exec-1" daemon [_thread_blocked, id=1936, stack(0x0000009347200000,0x0000009347300000)]
  0x000001b27e39f4d0 JavaThread "http-nio-8080-exec-2" daemon [_thread_blocked, id=10936, stack(0x0000009347300000,0x0000009347400000)]
  0x000001b27e399ec0 JavaThread "http-nio-8080-exec-3" daemon [_thread_in_native, id=14248, stack(0x0000009347400000,0x0000009347500000)]
  0x000001b27e39a3d0 JavaThread "http-nio-8080-exec-4" daemon [_thread_in_Java, id=1940, stack(0x0000009347500000,0x0000009347600000)]
  0x000001b27e39d160 JavaThread "http-nio-8080-exec-5" daemon [_thread_blocked, id=17900, stack(0x0000009347600000,0x0000009347700000)]
  0x000001b27e39d670 JavaThread "http-nio-8080-exec-6" daemon [_thread_blocked, id=15768, stack(0x0000009347700000,0x0000009347800000)]
  0x000001b27e39db80 JavaThread "http-nio-8080-exec-7" daemon [_thread_blocked, id=14944, stack(0x0000009347800000,0x0000009347900000)]
  0x000001b27e39e5a0 JavaThread "http-nio-8080-exec-8" daemon [_thread_blocked, id=5564, stack(0x0000009347900000,0x0000009347a00000)]
  0x000001b27e39eab0 JavaThread "http-nio-8080-exec-9" daemon [_thread_blocked, id=6480, stack(0x0000009347a00000,0x0000009347b00000)]
  0x000001b27e39efc0 JavaThread "http-nio-8080-exec-10" daemon [_thread_blocked, id=9136, stack(0x0000009347b00000,0x0000009347c00000)]
  0x000001b27e398060 JavaThread "http-nio-8080-Poller" daemon [_thread_in_native, id=12196, stack(0x0000009347c00000,0x0000009347d00000)]
  0x000001b27e398f90 JavaThread "http-nio-8080-Acceptor" daemon [_thread_in_native, id=18620, stack(0x0000009347d00000,0x0000009347e00000)]
  0x000001b27e39f9e0 JavaThread "DestroyJavaVM" [_thread_blocked, id=15584, stack(0x0000009345400000,0x0000009345500000)]

Other Threads:
  0x000001b277e08730 VMThread "VM Thread" [stack: 0x0000009345a00000,0x0000009345b00000] [id=2184]
  0x000001b27c125d10 WatcherThread [stack: 0x0000009346500000,0x0000009346600000] [id=1376]
  0x000001b26a5c51f0 GCTaskThread "GC Thread#0" [stack: 0x0000009345500000,0x0000009345600000] [id=13252]
  0x000001b27c9dd430 GCTaskThread "GC Thread#1" [stack: 0x0000009346800000,0x0000009346900000] [id=15588]
  0x000001b27c9a6150 GCTaskThread "GC Thread#2" [stack: 0x0000009346900000,0x0000009346a00000] [id=12140]
  0x000001b27c9a6410 GCTaskThread "GC Thread#3" [stack: 0x0000009346a00000,0x0000009346b00000] [id=6348]
  0x000001b26a5d2f90 ConcurrentGCThread "G1 Main Marker" [stack: 0x0000009345600000,0x0000009345700000] [id=8680]
  0x000001b26a5d4150 ConcurrentGCThread "G1 Conc#0" [stack: 0x0000009345700000,0x0000009345800000] [id=16184]
  0x000001b26a61dd00 ConcurrentGCThread "G1 Refine#0" [stack: 0x0000009345800000,0x0000009345900000] [id=18244]
  0x000001b26a61e730 ConcurrentGCThread "G1 Service" [stack: 0x0000009345900000,0x0000009345a00000] [id=14636]

Threads with active compile tasks:
C2 CompilerThread0    38898 8671       4       jdk.internal.loader.URLClassPath::findResource (38 bytes)
C1 CompilerThread0    38898 8761       3       com.mysql.cj.QueryInfo::<init> (1618 bytes)

VM state: not at safepoint (normal execution)

VM Mutex/Monitor currently owned by a thread: None

Heap address: 0x00000000a0e00000, size: 1522 MB, Compressed Oops mode: 32-bit

CDS archive(s) mapped at: [0x000001b20f000000-0x000001b20fbb0000-0x000001b20fbb0000), size 12255232, SharedBaseAddress: 0x000001b20f000000, ArchiveRelocationMode: 1.
Compressed class space mapped at: 0x000001b210000000-0x000001b250000000, reserved size: 1073741824
Narrow klass base: 0x000001b20f000000, Narrow klass shift: 0, Narrow klass range: 0x100000000

GC Precious Log:
 CPUs: 4 total, 4 available
 Memory: 6080M
 Large Page Support: Disabled
 NUMA Support: Disabled
 Compressed Oops: Enabled (32-bit)
 Heap Region Size: 1M
 Heap Min Capacity: 8M
 Heap Initial Capacity: 96M
 Heap Max Capacity: 1522M
 Pre-touch: Disabled
 Parallel Workers: 4
 Concurrent Workers: 1
 Concurrent Refinement Workers: 4
 Periodic GC: Disabled

Heap:
 garbage-first heap   total 182272K, used 88091K [0x00000000a0e00000, 0x0000000100000000)
  region size 1024K, 61 young (62464K), 2 survivors (2048K)
 Metaspace       used 76727K, committed 77376K, reserved 1179648K
  class space    used 10484K, committed 10752K, reserved 1048576K

Heap Regions: E=young(eden), S=young(survivor), O=old, HS=humongous(starts), HC=humongous(continues), CS=collection set, F=free, OA=open archive, CA=closed archive, TAMS=top-at-mark-start (previous, next)
|   0|0x00000000a0e00000, 0x00000000a0f00000, 0x00000000a0f00000|100%|HS|  |TAMS 0x00000000a0f00000, 0x00000000a0e00000| Complete 
|   1|0x00000000a0f00000, 0x00000000a1000000, 0x00000000a1000000|100%| O|  |TAMS 0x00000000a1000000, 0x00000000a0f00000| Untracked 
|   2|0x00000000a1000000, 0x00000000a1100000, 0x00000000a1100000|100%| O|  |TAMS 0x00000000a1100000, 0x00000000a1000000| Untracked 
|   3|0x00000000a1100000, 0x00000000a1200000, 0x00000000a1200000|100%| O|  |TAMS 0x00000000a1200000, 0x00000000a1100000| Untracked 
|   4|0x00000000a1200000, 0x00000000a1300000, 0x00000000a1300000|100%| O|  |TAMS 0x00000000a1300000, 0x00000000a1200000| Untracked 
|   5|0x00000000a1300000, 0x00000000a1400000, 0x00000000a1400000|100%| O|  |TAMS 0x00000000a1400000, 0x00000000a1300000| Untracked 
|   6|0x00000000a1400000, 0x00000000a1500000, 0x00000000a1500000|100%| O|  |TAMS 0x00000000a1500000, 0x00000000a1400000| Untracked 
|   7|0x00000000a1500000, 0x00000000a1600000, 0x00000000a1600000|100%| O|  |TAMS 0x00000000a1600000, 0x00000000a1500000| Untracked 
|   8|0x00000000a1600000, 0x00000000a1700000, 0x00000000a1700000|100%| O|  |TAMS 0x00000000a1700000, 0x00000000a1600000| Untracked 
|   9|0x00000000a1700000, 0x00000000a1800000, 0x00000000a1800000|100%| O|  |TAMS 0x00000000a1800000, 0x00000000a1700000| Untracked 
|  10|0x00000000a1800000, 0x00000000a1900000, 0x00000000a1900000|100%| O|  |TAMS 0x00000000a1900000, 0x00000000a1800000| Untracked 
|  11|0x00000000a1900000, 0x00000000a1a00000, 0x00000000a1a00000|100%| O|  |TAMS 0x00000000a1a00000, 0x00000000a1900000| Untracked 
|  12|0x00000000a1a00000, 0x00000000a1b00000, 0x00000000a1b00000|100%| O|  |TAMS 0x00000000a1b00000, 0x00000000a1a00000| Untracked 
|  13|0x00000000a1b00000, 0x00000000a1c00000, 0x00000000a1c00000|100%| O|  |TAMS 0x00000000a1c00000, 0x00000000a1b00000| Untracked 
|  14|0x00000000a1c00000, 0x00000000a1d00000, 0x00000000a1d00000|100%| O|  |TAMS 0x00000000a1d00000, 0x00000000a1c00000| Untracked 
|  15|0x00000000a1d00000, 0x00000000a1e00000, 0x00000000a1e00000|100%| O|  |TAMS 0x00000000a1d00000, 0x00000000a1d00000| Untracked 
|  16|0x00000000a1e00000, 0x00000000a1f00000, 0x00000000a1f00000|100%| O|  |TAMS 0x00000000a1f00000, 0x00000000a1e00000| Untracked 
|  17|0x00000000a1f00000, 0x00000000a2000000, 0x00000000a2000000|100%| O|  |TAMS 0x00000000a2000000, 0x00000000a1f00000| Untracked 
|  18|0x00000000a2000000, 0x00000000a2100000, 0x00000000a2100000|100%| O|  |TAMS 0x00000000a2100000, 0x00000000a2000000| Untracked 
|  19|0x00000000a2100000, 0x00000000a2200000, 0x00000000a2200000|100%| O|  |TAMS 0x00000000a2200000, 0x00000000a2100000| Untracked 
|  20|0x00000000a2200000, 0x00000000a2200000, 0x00000000a2300000|  0%| F|  |TAMS 0x00000000a2200000, 0x00000000a2200000| Untracked 
|  21|0x00000000a2300000, 0x00000000a2400000, 0x00000000a2400000|100%| O|  |TAMS 0x00000000a2400000, 0x00000000a2300000| Untracked 
|  22|0x00000000a2400000, 0x00000000a2500000, 0x00000000a2500000|100%| O|  |TAMS 0x00000000a2500000, 0x00000000a2400000| Untracked 
|  23|0x00000000a2500000, 0x00000000a2600000, 0x00000000a2600000|100%| O|  |TAMS 0x00000000a2600000, 0x00000000a2500000| Untracked 
|  24|0x00000000a2600000, 0x00000000a2700000, 0x00000000a2700000|100%| O|  |TAMS 0x00000000a2700000, 0x00000000a2600000| Untracked 
|  25|0x00000000a2700000, 0x00000000a2800000, 0x00000000a2800000|100%| O|  |TAMS 0x00000000a2800000, 0x00000000a2700000| Untracked 
|  26|0x00000000a2800000, 0x00000000a2900000, 0x00000000a2900000|100%| O|  |TAMS 0x00000000a2835a00, 0x00000000a2800000| Untracked 
|  27|0x00000000a2900000, 0x00000000a2a00000, 0x00000000a2a00000|100%| O|  |TAMS 0x00000000a2900000, 0x00000000a2900000| Untracked 
|  28|0x00000000a2a00000, 0x00000000a2a4e600, 0x00000000a2b00000| 30%| O|  |TAMS 0x00000000a2a00000, 0x00000000a2a00000| Untracked 
|  29|0x00000000a2b00000, 0x00000000a2b00000, 0x00000000a2c00000|  0%| F|  |TAMS 0x00000000a2b00000, 0x00000000a2b00000| Untracked 
|  30|0x00000000a2c00000, 0x00000000a2c00000, 0x00000000a2d00000|  0%| F|  |TAMS 0x00000000a2c00000, 0x00000000a2c00000| Untracked 
|  31|0x00000000a2d00000, 0x00000000a2d00000, 0x00000000a2e00000|  0%| F|  |TAMS 0x00000000a2d00000, 0x00000000a2d00000| Untracked 
|  32|0x00000000a2e00000, 0x00000000a2e00000, 0x00000000a2f00000|  0%| F|  |TAMS 0x00000000a2e00000, 0x00000000a2e00000| Untracked 
|  33|0x00000000a2f00000, 0x00000000a2f00000, 0x00000000a3000000|  0%| F|  |TAMS 0x00000000a2f00000, 0x00000000a2f00000| Untracked 
|  34|0x00000000a3000000, 0x00000000a3000000, 0x00000000a3100000|  0%| F|  |TAMS 0x00000000a3000000, 0x00000000a3000000| Untracked 
|  35|0x00000000a3100000, 0x00000000a3100000, 0x00000000a3200000|  0%| F|  |TAMS 0x00000000a3100000, 0x00000000a3100000| Untracked 
|  36|0x00000000a3200000, 0x00000000a3200000, 0x00000000a3300000|  0%| F|  |TAMS 0x00000000a3200000, 0x00000000a3200000| Untracked 
|  37|0x00000000a3300000, 0x00000000a3300000, 0x00000000a3400000|  0%| F|  |TAMS 0x00000000a3300000, 0x00000000a3300000| Untracked 
|  38|0x00000000a3400000, 0x00000000a3400000, 0x00000000a3500000|  0%| F|  |TAMS 0x00000000a3400000, 0x00000000a3400000| Untracked 
|  39|0x00000000a3500000, 0x00000000a3500000, 0x00000000a3600000|  0%| F|  |TAMS 0x00000000a3500000, 0x00000000a3500000| Untracked 
|  40|0x00000000a3600000, 0x00000000a3600000, 0x00000000a3700000|  0%| F|  |TAMS 0x00000000a3600000, 0x00000000a3600000| Untracked 
|  41|0x00000000a3700000, 0x00000000a37b88c0, 0x00000000a3800000| 72%| S|CS|TAMS 0x00000000a3700000, 0x00000000a3700000| Complete 
|  42|0x00000000a3800000, 0x00000000a3900000, 0x00000000a3900000|100%| S|CS|TAMS 0x00000000a3800000, 0x00000000a3800000| Complete 
|  43|0x00000000a3900000, 0x00000000a3900000, 0x00000000a3a00000|  0%| F|  |TAMS 0x00000000a3900000, 0x00000000a3900000| Untracked 
|  44|0x00000000a3a00000, 0x00000000a3a00000, 0x00000000a3b00000|  0%| F|  |TAMS 0x00000000a3a00000, 0x00000000a3a00000| Untracked 
|  45|0x00000000a3b00000, 0x00000000a3b00000, 0x00000000a3c00000|  0%| F|  |TAMS 0x00000000a3b00000, 0x00000000a3b00000| Untracked 
|  46|0x00000000a3c00000, 0x00000000a3c00000, 0x00000000a3d00000|  0%| F|  |TAMS 0x00000000a3c00000, 0x00000000a3c00000| Untracked 
|  47|0x00000000a3d00000, 0x00000000a3d00000, 0x00000000a3e00000|  0%| F|  |TAMS 0x00000000a3d00000, 0x00000000a3d00000| Untracked 
|  48|0x00000000a3e00000, 0x00000000a3e00000, 0x00000000a3f00000|  0%| F|  |TAMS 0x00000000a3e00000, 0x00000000a3e00000| Untracked 
|  49|0x00000000a3f00000, 0x00000000a3f00000, 0x00000000a4000000|  0%| F|  |TAMS 0x00000000a3f00000, 0x00000000a3f00000| Untracked 
|  50|0x00000000a4000000, 0x00000000a4000000, 0x00000000a4100000|  0%| F|  |TAMS 0x00000000a4000000, 0x00000000a4000000| Untracked 
|  51|0x00000000a4100000, 0x00000000a4100000, 0x00000000a4200000|  0%| F|  |TAMS 0x00000000a4100000, 0x00000000a4100000| Untracked 
|  52|0x00000000a4200000, 0x00000000a4200000, 0x00000000a4300000|  0%| F|  |TAMS 0x00000000a4200000, 0x00000000a4200000| Untracked 
|  53|0x00000000a4300000, 0x00000000a4300000, 0x00000000a4400000|  0%| F|  |TAMS 0x00000000a4300000, 0x00000000a4300000| Untracked 
|  54|0x00000000a4400000, 0x00000000a4400000, 0x00000000a4500000|  0%| F|  |TAMS 0x00000000a4400000, 0x00000000a4400000| Untracked 
|  55|0x00000000a4500000, 0x00000000a4500000, 0x00000000a4600000|  0%| F|  |TAMS 0x00000000a4500000, 0x00000000a4500000| Untracked 
|  56|0x00000000a4600000, 0x00000000a4600000, 0x00000000a4700000|  0%| F|  |TAMS 0x00000000a4600000, 0x00000000a4600000| Untracked 
|  57|0x00000000a4700000, 0x00000000a4700000, 0x00000000a4800000|  0%| F|  |TAMS 0x00000000a4700000, 0x00000000a4700000| Untracked 
|  58|0x00000000a4800000, 0x00000000a4800000, 0x00000000a4900000|  0%| F|  |TAMS 0x00000000a4800000, 0x00000000a4800000| Untracked 
|  59|0x00000000a4900000, 0x00000000a4900000, 0x00000000a4a00000|  0%| F|  |TAMS 0x00000000a4900000, 0x00000000a4900000| Untracked 
|  60|0x00000000a4a00000, 0x00000000a4a00000, 0x00000000a4b00000|  0%| F|  |TAMS 0x00000000a4a00000, 0x00000000a4a00000| Untracked 
|  61|0x00000000a4b00000, 0x00000000a4b00000, 0x00000000a4c00000|  0%| F|  |TAMS 0x00000000a4b00000, 0x00000000a4b00000| Untracked 
|  62|0x00000000a4c00000, 0x00000000a4c00000, 0x00000000a4d00000|  0%| F|  |TAMS 0x00000000a4c00000, 0x00000000a4c00000| Untracked 
|  63|0x00000000a4d00000, 0x00000000a4d00000, 0x00000000a4e00000|  0%| F|  |TAMS 0x00000000a4d00000, 0x00000000a4d00000| Untracked 
|  64|0x00000000a4e00000, 0x00000000a4e00000, 0x00000000a4f00000|  0%| F|  |TAMS 0x00000000a4e00000, 0x00000000a4e00000| Untracked 
|  65|0x00000000a4f00000, 0x00000000a4f00000, 0x00000000a5000000|  0%| F|  |TAMS 0x00000000a4f00000, 0x00000000a4f00000| Untracked 
|  66|0x00000000a5000000, 0x00000000a5000000, 0x00000000a5100000|  0%| F|  |TAMS 0x00000000a5000000, 0x00000000a5000000| Untracked 
|  67|0x00000000a5100000, 0x00000000a5100000, 0x00000000a5200000|  0%| F|  |TAMS 0x00000000a5100000, 0x00000000a5100000| Untracked 
|  68|0x00000000a5200000, 0x00000000a5200000, 0x00000000a5300000|  0%| F|  |TAMS 0x00000000a5200000, 0x00000000a5200000| Untracked 
|  69|0x00000000a5300000, 0x00000000a5300000, 0x00000000a5400000|  0%| F|  |TAMS 0x00000000a5300000, 0x00000000a5300000| Untracked 
|  70|0x00000000a5400000, 0x00000000a5400000, 0x00000000a5500000|  0%| F|  |TAMS 0x00000000a5400000, 0x00000000a5400000| Untracked 
|  71|0x00000000a5500000, 0x00000000a5500000, 0x00000000a5600000|  0%| F|  |TAMS 0x00000000a5500000, 0x00000000a5500000| Untracked 
|  72|0x00000000a5600000, 0x00000000a5600000, 0x00000000a5700000|  0%| F|  |TAMS 0x00000000a5600000, 0x00000000a5600000| Untracked 
|  73|0x00000000a5700000, 0x00000000a5700000, 0x00000000a5800000|  0%| F|  |TAMS 0x00000000a5700000, 0x00000000a5700000| Untracked 
|  74|0x00000000a5800000, 0x00000000a5800000, 0x00000000a5900000|  0%| F|  |TAMS 0x00000000a5800000, 0x00000000a5800000| Untracked 
|  75|0x00000000a5900000, 0x00000000a5900000, 0x00000000a5a00000|  0%| F|  |TAMS 0x00000000a5900000, 0x00000000a5900000| Untracked 
|  76|0x00000000a5a00000, 0x00000000a5a00000, 0x00000000a5b00000|  0%| F|  |TAMS 0x00000000a5a00000, 0x00000000a5a00000| Untracked 
|  77|0x00000000a5b00000, 0x00000000a5b00000, 0x00000000a5c00000|  0%| F|  |TAMS 0x00000000a5b00000, 0x00000000a5b00000| Untracked 
|  78|0x00000000a5c00000, 0x00000000a5c00000, 0x00000000a5d00000|  0%| F|  |TAMS 0x00000000a5c00000, 0x00000000a5c00000| Untracked 
|  79|0x00000000a5d00000, 0x00000000a5d00000, 0x00000000a5e00000|  0%| F|  |TAMS 0x00000000a5d00000, 0x00000000a5d00000| Untracked 
|  80|0x00000000a5e00000, 0x00000000a5e00000, 0x00000000a5f00000|  0%| F|  |TAMS 0x00000000a5e00000, 0x00000000a5e00000| Untracked 
|  81|0x00000000a5f00000, 0x00000000a5f00000, 0x00000000a6000000|  0%| F|  |TAMS 0x00000000a5f00000, 0x00000000a5f00000| Untracked 
|  82|0x00000000a6000000, 0x00000000a6000000, 0x00000000a6100000|  0%| F|  |TAMS 0x00000000a6000000, 0x00000000a6000000| Untracked 
|  83|0x00000000a6100000, 0x00000000a6100000, 0x00000000a6200000|  0%| F|  |TAMS 0x00000000a6100000, 0x00000000a6100000| Untracked 
|  84|0x00000000a6200000, 0x00000000a6200000, 0x00000000a6300000|  0%| F|  |TAMS 0x00000000a6200000, 0x00000000a6200000| Untracked 
|  85|0x00000000a6300000, 0x00000000a6300000, 0x00000000a6400000|  0%| F|  |TAMS 0x00000000a6300000, 0x00000000a6300000| Untracked 
|  86|0x00000000a6400000, 0x00000000a6400000, 0x00000000a6500000|  0%| F|  |TAMS 0x00000000a6400000, 0x00000000a6400000| Untracked 
|  87|0x00000000a6500000, 0x00000000a6500000, 0x00000000a6600000|  0%| F|  |TAMS 0x00000000a6500000, 0x00000000a6500000| Untracked 
|  88|0x00000000a6600000, 0x00000000a6600000, 0x00000000a6700000|  0%| F|  |TAMS 0x00000000a6600000, 0x00000000a6600000| Untracked 
|  89|0x00000000a6700000, 0x00000000a6700000, 0x00000000a6800000|  0%| F|  |TAMS 0x00000000a6700000, 0x00000000a6700000| Untracked 
|  90|0x00000000a6800000, 0x00000000a6800000, 0x00000000a6900000|  0%| F|  |TAMS 0x00000000a6800000, 0x00000000a6800000| Untracked 
|  91|0x00000000a6900000, 0x00000000a6900000, 0x00000000a6a00000|  0%| F|  |TAMS 0x00000000a6900000, 0x00000000a6900000| Untracked 
|  92|0x00000000a6a00000, 0x00000000a6a00000, 0x00000000a6b00000|  0%| F|  |TAMS 0x00000000a6a00000, 0x00000000a6a00000| Untracked 
|  93|0x00000000a6b00000, 0x00000000a6b00000, 0x00000000a6c00000|  0%| F|  |TAMS 0x00000000a6b00000, 0x00000000a6b00000| Untracked 
|  94|0x00000000a6c00000, 0x00000000a6c00000, 0x00000000a6d00000|  0%| F|  |TAMS 0x00000000a6c00000, 0x00000000a6c00000| Untracked 
|  95|0x00000000a6d00000, 0x00000000a6d00000, 0x00000000a6e00000|  0%| F|  |TAMS 0x00000000a6d00000, 0x00000000a6d00000| Untracked 
|  96|0x00000000a6e00000, 0x00000000a6e00000, 0x00000000a6f00000|  0%| F|  |TAMS 0x00000000a6e00000, 0x00000000a6e00000| Untracked 
|  97|0x00000000a6f00000, 0x00000000a6f00000, 0x00000000a7000000|  0%| F|  |TAMS 0x00000000a6f00000, 0x00000000a6f00000| Untracked 
|  98|0x00000000a7000000, 0x00000000a7000000, 0x00000000a7100000|  0%| F|  |TAMS 0x00000000a7000000, 0x00000000a7000000| Untracked 
|  99|0x00000000a7100000, 0x00000000a7100000, 0x00000000a7200000|  0%| F|  |TAMS 0x00000000a7100000, 0x00000000a7100000| Untracked 
| 100|0x00000000a7200000, 0x00000000a7200000, 0x00000000a7300000|  0%| F|  |TAMS 0x00000000a7200000, 0x00000000a7200000| Untracked 
| 101|0x00000000a7300000, 0x00000000a7300000, 0x00000000a7400000|  0%| F|  |TAMS 0x00000000a7300000, 0x00000000a7300000| Untracked 
| 102|0x00000000a7400000, 0x00000000a7400000, 0x00000000a7500000|  0%| F|  |TAMS 0x00000000a7400000, 0x00000000a7400000| Untracked 
| 103|0x00000000a7500000, 0x00000000a7500000, 0x00000000a7600000|  0%| F|  |TAMS 0x00000000a7500000, 0x00000000a7500000| Untracked 
| 104|0x00000000a7600000, 0x00000000a7600000, 0x00000000a7700000|  0%| F|  |TAMS 0x00000000a7600000, 0x00000000a7600000| Untracked 
| 105|0x00000000a7700000, 0x00000000a7700000, 0x00000000a7800000|  0%| F|  |TAMS 0x00000000a7700000, 0x00000000a7700000| Untracked 
| 106|0x00000000a7800000, 0x00000000a7800000, 0x00000000a7900000|  0%| F|  |TAMS 0x00000000a7800000, 0x00000000a7800000| Untracked 
| 107|0x00000000a7900000, 0x00000000a7900000, 0x00000000a7a00000|  0%| F|  |TAMS 0x00000000a7900000, 0x00000000a7900000| Untracked 
| 108|0x00000000a7a00000, 0x00000000a7a00000, 0x00000000a7b00000|  0%| F|  |TAMS 0x00000000a7a00000, 0x00000000a7a00000| Untracked 
| 109|0x00000000a7b00000, 0x00000000a7b00000, 0x00000000a7c00000|  0%| F|  |TAMS 0x00000000a7b00000, 0x00000000a7b00000| Untracked 
| 110|0x00000000a7c00000, 0x00000000a7c00000, 0x00000000a7d00000|  0%| F|  |TAMS 0x00000000a7c00000, 0x00000000a7c00000| Untracked 
| 111|0x00000000a7d00000, 0x00000000a7d00000, 0x00000000a7e00000|  0%| F|  |TAMS 0x00000000a7d00000, 0x00000000a7d00000| Untracked 
| 112|0x00000000a7e00000, 0x00000000a7e00000, 0x00000000a7f00000|  0%| F|  |TAMS 0x00000000a7e00000, 0x00000000a7e00000| Untracked 
| 113|0x00000000a7f00000, 0x00000000a7f00000, 0x00000000a8000000|  0%| F|  |TAMS 0x00000000a7f00000, 0x00000000a7f00000| Untracked 
| 114|0x00000000a8000000, 0x00000000a8000000, 0x00000000a8100000|  0%| F|  |TAMS 0x00000000a8000000, 0x00000000a8000000| Untracked 
| 115|0x00000000a8100000, 0x00000000a8100000, 0x00000000a8200000|  0%| F|  |TAMS 0x00000000a8100000, 0x00000000a8100000| Untracked 
| 116|0x00000000a8200000, 0x00000000a8200000, 0x00000000a8300000|  0%| F|  |TAMS 0x00000000a8200000, 0x00000000a8200000| Untracked 
| 117|0x00000000a8300000, 0x00000000a8300000, 0x00000000a8400000|  0%| F|  |TAMS 0x00000000a8300000, 0x00000000a8300000| Untracked 
| 118|0x00000000a8400000, 0x00000000a8400000, 0x00000000a8500000|  0%| F|  |TAMS 0x00000000a8400000, 0x00000000a8400000| Untracked 
| 119|0x00000000a8500000, 0x00000000a8600000, 0x00000000a8600000|100%| E|  |TAMS 0x00000000a8500000, 0x00000000a8500000| Complete 
| 120|0x00000000a8600000, 0x00000000a8700000, 0x00000000a8700000|100%| E|CS|TAMS 0x00000000a8600000, 0x00000000a8600000| Complete 
| 121|0x00000000a8700000, 0x00000000a8800000, 0x00000000a8800000|100%| E|CS|TAMS 0x00000000a8700000, 0x00000000a8700000| Complete 
| 122|0x00000000a8800000, 0x00000000a8900000, 0x00000000a8900000|100%| E|CS|TAMS 0x00000000a8800000, 0x00000000a8800000| Complete 
| 123|0x00000000a8900000, 0x00000000a8a00000, 0x00000000a8a00000|100%| E|CS|TAMS 0x00000000a8900000, 0x00000000a8900000| Complete 
| 124|0x00000000a8a00000, 0x00000000a8b00000, 0x00000000a8b00000|100%| E|CS|TAMS 0x00000000a8a00000, 0x00000000a8a00000| Complete 
| 125|0x00000000a8b00000, 0x00000000a8c00000, 0x00000000a8c00000|100%| E|CS|TAMS 0x00000000a8b00000, 0x00000000a8b00000| Complete 
| 126|0x00000000a8c00000, 0x00000000a8d00000, 0x00000000a8d00000|100%| E|CS|TAMS 0x00000000a8c00000, 0x00000000a8c00000| Complete 
| 127|0x00000000a8d00000, 0x00000000a8e00000, 0x00000000a8e00000|100%| E|CS|TAMS 0x00000000a8d00000, 0x00000000a8d00000| Complete 
| 128|0x00000000a8e00000, 0x00000000a8f00000, 0x00000000a8f00000|100%| E|CS|TAMS 0x00000000a8e00000, 0x00000000a8e00000| Complete 
| 129|0x00000000a8f00000, 0x00000000a9000000, 0x00000000a9000000|100%| E|CS|TAMS 0x00000000a8f00000, 0x00000000a8f00000| Complete 
| 130|0x00000000a9000000, 0x00000000a9100000, 0x00000000a9100000|100%| E|CS|TAMS 0x00000000a9000000, 0x00000000a9000000| Complete 
| 131|0x00000000a9100000, 0x00000000a9200000, 0x00000000a9200000|100%| E|CS|TAMS 0x00000000a9100000, 0x00000000a9100000| Complete 
| 132|0x00000000a9200000, 0x00000000a9300000, 0x00000000a9300000|100%| E|CS|TAMS 0x00000000a9200000, 0x00000000a9200000| Complete 
| 133|0x00000000a9300000, 0x00000000a9400000, 0x00000000a9400000|100%| E|CS|TAMS 0x00000000a9300000, 0x00000000a9300000| Complete 
| 134|0x00000000a9400000, 0x00000000a9500000, 0x00000000a9500000|100%| E|CS|TAMS 0x00000000a9400000, 0x00000000a9400000| Complete 
| 135|0x00000000a9500000, 0x00000000a9600000, 0x00000000a9600000|100%| E|CS|TAMS 0x00000000a9500000, 0x00000000a9500000| Complete 
| 136|0x00000000a9600000, 0x00000000a9700000, 0x00000000a9700000|100%| E|CS|TAMS 0x00000000a9600000, 0x00000000a9600000| Complete 
| 137|0x00000000a9700000, 0x00000000a9800000, 0x00000000a9800000|100%| E|CS|TAMS 0x00000000a9700000, 0x00000000a9700000| Complete 
| 138|0x00000000a9800000, 0x00000000a9900000, 0x00000000a9900000|100%| E|CS|TAMS 0x00000000a9800000, 0x00000000a9800000| Complete 
| 139|0x00000000a9900000, 0x00000000a9a00000, 0x00000000a9a00000|100%| E|CS|TAMS 0x00000000a9900000, 0x00000000a9900000| Complete 
| 140|0x00000000a9a00000, 0x00000000a9b00000, 0x00000000a9b00000|100%| E|CS|TAMS 0x00000000a9a00000, 0x00000000a9a00000| Complete 
| 141|0x00000000a9b00000, 0x00000000a9c00000, 0x00000000a9c00000|100%| E|CS|TAMS 0x00000000a9b00000, 0x00000000a9b00000| Complete 
| 142|0x00000000a9c00000, 0x00000000a9d00000, 0x00000000a9d00000|100%| E|CS|TAMS 0x00000000a9c00000, 0x00000000a9c00000| Complete 
| 143|0x00000000a9d00000, 0x00000000a9e00000, 0x00000000a9e00000|100%| E|  |TAMS 0x00000000a9d00000, 0x00000000a9d00000| Complete 
| 144|0x00000000a9e00000, 0x00000000a9f00000, 0x00000000a9f00000|100%| E|CS|TAMS 0x00000000a9e00000, 0x00000000a9e00000| Complete 
| 145|0x00000000a9f00000, 0x00000000aa000000, 0x00000000aa000000|100%| E|CS|TAMS 0x00000000a9f00000, 0x00000000a9f00000| Complete 
| 146|0x00000000aa000000, 0x00000000aa100000, 0x00000000aa100000|100%| E|CS|TAMS 0x00000000aa000000, 0x00000000aa000000| Complete 
| 147|0x00000000aa100000, 0x00000000aa200000, 0x00000000aa200000|100%| E|CS|TAMS 0x00000000aa100000, 0x00000000aa100000| Complete 
| 148|0x00000000aa200000, 0x00000000aa300000, 0x00000000aa300000|100%| E|CS|TAMS 0x00000000aa200000, 0x00000000aa200000| Complete 
| 149|0x00000000aa300000, 0x00000000aa400000, 0x00000000aa400000|100%| E|CS|TAMS 0x00000000aa300000, 0x00000000aa300000| Complete 
| 150|0x00000000aa400000, 0x00000000aa500000, 0x00000000aa500000|100%| E|CS|TAMS 0x00000000aa400000, 0x00000000aa400000| Complete 
| 151|0x00000000aa500000, 0x00000000aa600000, 0x00000000aa600000|100%| E|CS|TAMS 0x00000000aa500000, 0x00000000aa500000| Complete 
| 152|0x00000000aa600000, 0x00000000aa700000, 0x00000000aa700000|100%| E|CS|TAMS 0x00000000aa600000, 0x00000000aa600000| Complete 
| 153|0x00000000aa700000, 0x00000000aa800000, 0x00000000aa800000|100%| E|CS|TAMS 0x00000000aa700000, 0x00000000aa700000| Complete 
| 154|0x00000000aa800000, 0x00000000aa900000, 0x00000000aa900000|100%| E|CS|TAMS 0x00000000aa800000, 0x00000000aa800000| Complete 
| 155|0x00000000aa900000, 0x00000000aaa00000, 0x00000000aaa00000|100%| E|CS|TAMS 0x00000000aa900000, 0x00000000aa900000| Complete 
| 156|0x00000000aaa00000, 0x00000000aab00000, 0x00000000aab00000|100%| E|CS|TAMS 0x00000000aaa00000, 0x00000000aaa00000| Complete 
| 157|0x00000000aab00000, 0x00000000aac00000, 0x00000000aac00000|100%| E|CS|TAMS 0x00000000aab00000, 0x00000000aab00000| Complete 
| 158|0x00000000aac00000, 0x00000000aad00000, 0x00000000aad00000|100%| E|CS|TAMS 0x00000000aac00000, 0x00000000aac00000| Complete 
| 159|0x00000000aad00000, 0x00000000aae00000, 0x00000000aae00000|100%| E|CS|TAMS 0x00000000aad00000, 0x00000000aad00000| Complete 
| 160|0x00000000aae00000, 0x00000000aaf00000, 0x00000000aaf00000|100%| E|CS|TAMS 0x00000000aae00000, 0x00000000aae00000| Complete 
| 161|0x00000000aaf00000, 0x00000000ab000000, 0x00000000ab000000|100%| E|CS|TAMS 0x00000000aaf00000, 0x00000000aaf00000| Complete 
| 162|0x00000000ab000000, 0x00000000ab100000, 0x00000000ab100000|100%| E|CS|TAMS 0x00000000ab000000, 0x00000000ab000000| Complete 
| 163|0x00000000ab100000, 0x00000000ab200000, 0x00000000ab200000|100%| E|CS|TAMS 0x00000000ab100000, 0x00000000ab100000| Complete 
| 164|0x00000000ab200000, 0x00000000ab300000, 0x00000000ab300000|100%| E|CS|TAMS 0x00000000ab200000, 0x00000000ab200000| Complete 
| 165|0x00000000ab300000, 0x00000000ab400000, 0x00000000ab400000|100%| E|CS|TAMS 0x00000000ab300000, 0x00000000ab300000| Complete 
| 166|0x00000000ab400000, 0x00000000ab500000, 0x00000000ab500000|100%| E|CS|TAMS 0x00000000ab400000, 0x00000000ab400000| Complete 
| 167|0x00000000ab500000, 0x00000000ab600000, 0x00000000ab600000|100%| E|CS|TAMS 0x00000000ab500000, 0x00000000ab500000| Complete 
| 168|0x00000000ab600000, 0x00000000ab700000, 0x00000000ab700000|100%| E|CS|TAMS 0x00000000ab600000, 0x00000000ab600000| Complete 
| 169|0x00000000ab700000, 0x00000000ab800000, 0x00000000ab800000|100%| E|CS|TAMS 0x00000000ab700000, 0x00000000ab700000| Complete 
| 170|0x00000000ab800000, 0x00000000ab900000, 0x00000000ab900000|100%| E|CS|TAMS 0x00000000ab800000, 0x00000000ab800000| Complete 
| 171|0x00000000ab900000, 0x00000000aba00000, 0x00000000aba00000|100%| E|CS|TAMS 0x00000000ab900000, 0x00000000ab900000| Complete 
| 172|0x00000000aba00000, 0x00000000abb00000, 0x00000000abb00000|100%| E|CS|TAMS 0x00000000aba00000, 0x00000000aba00000| Complete 
| 173|0x00000000abb00000, 0x00000000abc00000, 0x00000000abc00000|100%| E|CS|TAMS 0x00000000abb00000, 0x00000000abb00000| Complete 
| 174|0x00000000abc00000, 0x00000000abd00000, 0x00000000abd00000|100%| E|CS|TAMS 0x00000000abc00000, 0x00000000abc00000| Complete 
| 175|0x00000000abd00000, 0x00000000abe00000, 0x00000000abe00000|100%| E|CS|TAMS 0x00000000abd00000, 0x00000000abd00000| Complete 
| 176|0x00000000abe00000, 0x00000000abf00000, 0x00000000abf00000|100%| E|CS|TAMS 0x00000000abe00000, 0x00000000abe00000| Complete 
| 177|0x00000000abf00000, 0x00000000ac000000, 0x00000000ac000000|100%| E|CS|TAMS 0x00000000abf00000, 0x00000000abf00000| Complete 

Card table byte_map: [0x000001b2723a0000,0x000001b2726a0000] _byte_map_base: 0x000001b271e99000

Marking Bits (Prev, Next): (CMBitMap*) 0x000001b26a5c6820, (CMBitMap*) 0x000001b26a5c6860
 Prev Bits: [0x000001b2729a0000, 0x000001b274168000)
 Next Bits: [0x000001b274170000, 0x000001b275938000)

Polling page: 0x000001b268540000

Metaspace:

Usage:
  Non-class:     64.69 MB used.
      Class:     10.24 MB used.
       Both:     74.93 MB used.

Virtual space:
  Non-class space:      128.00 MB reserved,      65.06 MB ( 51%) committed,  2 nodes.
      Class space:        1.00 GB reserved,      10.50 MB (  1%) committed,  1 nodes.
             Both:        1.12 GB reserved,      75.56 MB (  7%) committed. 

Chunk freelists:
   Non-Class:  14.42 MB
       Class:  5.33 MB
        Both:  19.75 MB

MaxMetaspaceSize: unlimited
CompressedClassSpaceSize: 1.00 GB
Initial GC threshold: 21.00 MB
Current GC threshold: 107.75 MB
CDS: on
MetaspaceReclaimPolicy: balanced
 - commit_granule_bytes: 65536.
 - commit_granule_words: 8192.
 - virtual_space_node_default_size: 8388608.
 - enlarge_chunks_in_place: 1.
 - new_chunks_are_fully_committed: 0.
 - uncommit_free_chunks: 1.
 - use_allocation_guard: 0.
 - handle_deallocations: 1.


Internal statistics:

num_allocs_failed_limit: 12.
num_arena_births: 878.
num_arena_deaths: 0.
num_vsnodes_births: 3.
num_vsnodes_deaths: 0.
num_space_committed: 1209.
num_space_uncommitted: 0.
num_chunks_returned_to_freelist: 12.
num_chunks_taken_from_freelist: 3587.
num_chunk_merges: 12.
num_chunk_splits: 2604.
num_chunks_enlarged: 2033.
num_inconsistent_stats: 0.

CodeHeap 'non-profiled nmethods': size=120000Kb used=4235Kb max_used=4235Kb free=115764Kb
 bounds [0x000001b207ad0000, 0x000001b207f00000, 0x000001b20f000000]
CodeHeap 'profiled nmethods': size=120000Kb used=14653Kb max_used=14653Kb free=105347Kb
 bounds [0x000001b200000000, 0x000001b200e50000, 0x000001b207530000]
CodeHeap 'non-nmethods': size=5760Kb used=1385Kb max_used=1433Kb free=4374Kb
 bounds [0x000001b207530000, 0x000001b2077a0000, 0x000001b207ad0000]
 total_blobs=8616 nmethods=7894 adapters=631
 compilation: enabled
              stopped_count=0, restarted_count=0
 full_count=0

Compilation events (20 events):
Event: 38.842 Thread 0x000001b277e53e20 nmethod 8725 0x000001b207ef2390 code [0x000001b207ef2520, 0x000001b207ef25f8]
Event: 38.842 Thread 0x000001b277e53e20 8726       3       org.hibernate.sql.ast.spi.AbstractSqlAstTranslator::registerAffectedTable (12 bytes)
Event: 38.843 Thread 0x000001b277e53e20 nmethod 8726 0x000001b200e40310 code [0x000001b200e404c0, 0x000001b200e40688]
Event: 38.845 Thread 0x000001b277e53e20 8727       3       org.hibernate.engine.internal.StatefulPersistenceContext::addUninitializedCollection (51 bytes)
Event: 38.846 Thread 0x000001b277e53e20 nmethod 8727 0x000001b200e40790 code [0x000001b200e409a0, 0x000001b200e411e8]
Event: 38.846 Thread 0x000001b277e53e20 8729       3       org.hibernate.sql.results.graph.entity.AbstractEntityInitializer::instantiateEntity (56 bytes)
Event: 38.847 Thread 0x000001b277e53e20 nmethod 8729 0x000001b200e41510 code [0x000001b200e41740, 0x000001b200e41f98]
Event: 38.847 Thread 0x000001b277e53e20 8738       3       org.hibernate.type.AbstractStandardBasicType::getHashCode (6 bytes)
Event: 38.848 Thread 0x000001b277e53e20 nmethod 8738 0x000001b200e42290 code [0x000001b200e42460, 0x000001b200e42838]
Event: 38.848 Thread 0x000001b277e53e20 8735       3       org.hibernate.event.spi.PreLoadEvent::reset (21 bytes)
Event: 38.848 Thread 0x000001b277e53e20 nmethod 8735 0x000001b200e42990 code [0x000001b200e42b20, 0x000001b200e42cf8]
Event: 38.848 Thread 0x000001b277e53e20 8737       3       org.hibernate.engine.internal.MutableEntityEntryFactory::createEntityEntry (25 bytes)
Event: 38.848 Thread 0x000001b277e53e20 nmethod 8737 0x000001b200e42d90 code [0x000001b200e42f40, 0x000001b200e43148]
Event: 38.848 Thread 0x000001b277e53e20 8730       3       org.hibernate.internal.SessionImpl::instantiate (50 bytes)
Event: 38.850 Thread 0x000001b277e53e20 nmethod 8730 0x000001b200e43290 code [0x000001b200e43500, 0x000001b200e44428]
Event: 38.850 Thread 0x000001b277e53e20 8731       3       org.hibernate.Interceptor::instantiate (15 bytes)
Event: 38.850 Thread 0x000001b277e53e20 nmethod 8731 0x000001b200e44910 code [0x000001b200e44ac0, 0x000001b200e44d98]
Event: 38.851 Thread 0x000001b277e53e20 8732       3       org.hibernate.metamodel.internal.EntityRepresentationStrategyPojoStandard::getMode (4 bytes)
Event: 38.852 Thread 0x000001b277e53e20 nmethod 8732 0x000001b200e44f10 code [0x000001b200e450a0, 0x000001b200e451b8]
Event: 38.852 Thread 0x000001b277e53e20 8733       3       org.hibernate.persister.entity.AbstractEntityPersister::instantiate (40 bytes)

GC Heap History (20 events):
Event: 9.894 GC heap before
{Heap before GC invocations=13 (full 0):
 garbage-first heap   total 51200K, used 39979K [0x00000000a0e00000, 0x0000000100000000)
  region size 1024K, 22 young (22528K), 3 survivors (3072K)
 Metaspace       used 48766K, committed 49216K, reserved 1114112K
  class space    used 6322K, committed 6528K, reserved 1048576K
}
Event: 9.901 GC heap after
{Heap after GC invocations=14 (full 0):
 garbage-first heap   total 51200K, used 21734K [0x00000000a0e00000, 0x0000000100000000)
  region size 1024K, 2 young (2048K), 2 survivors (2048K)
 Metaspace       used 48766K, committed 49216K, reserved 1114112K
  class space    used 6322K, committed 6528K, reserved 1048576K
}
Event: 10.446 GC heap before
{Heap before GC invocations=14 (full 0):
 garbage-first heap   total 51200K, used 39142K [0x00000000a0e00000, 0x0000000100000000)
  region size 1024K, 20 young (20480K), 2 survivors (2048K)
 Metaspace       used 53986K, committed 54464K, reserved 1114112K
  class space    used 7223K, committed 7424K, reserved 1048576K
}
Event: 10.449 GC heap after
{Heap after GC invocations=15 (full 0):
 garbage-first heap   total 61440K, used 22302K [0x00000000a0e00000, 0x0000000100000000)
  region size 1024K, 2 young (2048K), 2 survivors (2048K)
 Metaspace       used 53986K, committed 54464K, reserved 1114112K
  class space    used 7223K, committed 7424K, reserved 1048576K
}
Event: 11.204 GC heap before
{Heap before GC invocations=15 (full 0):
 garbage-first heap   total 61440K, used 47902K [0x00000000a0e00000, 0x0000000100000000)
  region size 1024K, 28 young (28672K), 2 survivors (2048K)
 Metaspace       used 59181K, committed 59776K, reserved 1114112K
  class space    used 7953K, committed 8256K, reserved 1048576K
}
Event: 11.211 GC heap after
{Heap after GC invocations=16 (full 0):
 garbage-first heap   total 61440K, used 23577K [0x00000000a0e00000, 0x0000000100000000)
  region size 1024K, 4 young (4096K), 4 survivors (4096K)
 Metaspace       used 59181K, committed 59776K, reserved 1114112K
  class space    used 7953K, committed 8256K, reserved 1048576K
}
Event: 11.311 GC heap before
{Heap before GC invocations=16 (full 0):
 garbage-first heap   total 61440K, used 26649K [0x00000000a0e00000, 0x0000000100000000)
  region size 1024K, 8 young (8192K), 4 survivors (4096K)
 Metaspace       used 59971K, committed 60480K, reserved 1114112K
  class space    used 8039K, committed 8320K, reserved 1048576K
}
Event: 11.318 GC heap after
{Heap after GC invocations=17 (full 0):
 garbage-first heap   total 61440K, used 24034K [0x00000000a0e00000, 0x0000000100000000)
  region size 1024K, 3 young (3072K), 3 survivors (3072K)
 Metaspace       used 59971K, committed 60480K, reserved 1114112K
  class space    used 8039K, committed 8320K, reserved 1048576K
}
Event: 11.957 GC heap before
{Heap before GC invocations=18 (full 0):
 garbage-first heap   total 61440K, used 45538K [0x00000000a0e00000, 0x0000000100000000)
  region size 1024K, 25 young (25600K), 3 survivors (3072K)
 Metaspace       used 63769K, committed 64320K, reserved 1114112K
  class space    used 8737K, committed 9024K, reserved 1048576K
}
Event: 11.964 GC heap after
{Heap after GC invocations=19 (full 0):
 garbage-first heap   total 61440K, used 26200K [0x00000000a0e00000, 0x0000000100000000)
  region size 1024K, 4 young (4096K), 4 survivors (4096K)
 Metaspace       used 63769K, committed 64320K, reserved 1114112K
  class space    used 8737K, committed 9024K, reserved 1048576K
}
Event: 12.005 GC heap before
{Heap before GC invocations=19 (full 0):
 garbage-first heap   total 61440K, used 27224K [0x00000000a0e00000, 0x0000000100000000)
  region size 1024K, 5 young (5120K), 4 survivors (4096K)
 Metaspace       used 63889K, committed 64448K, reserved 1114112K
  class space    used 8743K, committed 9024K, reserved 1048576K
}
Event: 12.014 GC heap after
{Heap after GC invocations=20 (full 0):
 garbage-first heap   total 61440K, used 26510K [0x00000000a0e00000, 0x0000000100000000)
  region size 1024K, 1 young (1024K), 1 survivors (1024K)
 Metaspace       used 63889K, committed 64448K, reserved 1114112K
  class space    used 8743K, committed 9024K, reserved 1048576K
}
Event: 12.317 GC heap before
{Heap before GC invocations=20 (full 0):
 garbage-first heap   total 61440K, used 45966K [0x00000000a0e00000, 0x0000000100000000)
  region size 1024K, 21 young (21504K), 1 survivors (1024K)
 Metaspace       used 65596K, committed 66112K, reserved 1114112K
  class space    used 9101K, committed 9344K, reserved 1048576K
}
Event: 12.322 GC heap after
{Heap after GC invocations=21 (full 0):
 garbage-first heap   total 61440K, used 28408K [0x00000000a0e00000, 0x0000000100000000)
  region size 1024K, 3 young (3072K), 3 survivors (3072K)
 Metaspace       used 65596K, committed 66112K, reserved 1114112K
  class space    used 9101K, committed 9344K, reserved 1048576K
}
Event: 12.467 GC heap before
{Heap before GC invocations=22 (full 0):
 garbage-first heap   total 68608K, used 46840K [0x00000000a0e00000, 0x0000000100000000)
  region size 1024K, 21 young (21504K), 3 survivors (3072K)
 Metaspace       used 65612K, committed 66176K, reserved 1114112K
  class space    used 9101K, committed 9344K, reserved 1048576K
}
Event: 12.473 GC heap after
{Heap after GC invocations=23 (full 0):
 garbage-first heap   total 68608K, used 29841K [0x00000000a0e00000, 0x0000000100000000)
  region size 1024K, 3 young (3072K), 3 survivors (3072K)
 Metaspace       used 65612K, committed 66176K, reserved 1114112K
  class space    used 9101K, committed 9344K, reserved 1048576K
}
Event: 12.478 GC heap before
{Heap before GC invocations=23 (full 0):
 garbage-first heap   total 68608K, used 30865K [0x00000000a0e00000, 0x0000000100000000)
  region size 1024K, 4 young (4096K), 3 survivors (3072K)
 Metaspace       used 65612K, committed 66176K, reserved 1114112K
  class space    used 9101K, committed 9344K, reserved 1048576K
}
Event: 12.483 GC heap after
{Heap after GC invocations=24 (full 0):
 garbage-first heap   total 68608K, used 28298K [0x00000000a0e00000, 0x0000000100000000)
  region size 1024K, 1 young (1024K), 1 survivors (1024K)
 Metaspace       used 65612K, committed 66176K, reserved 1114112K
  class space    used 9101K, committed 9344K, reserved 1048576K
}
Event: 13.369 GC heap before
{Heap before GC invocations=24 (full 0):
 garbage-first heap   total 68608K, used 50826K [0x00000000a0e00000, 0x0000000100000000)
  region size 1024K, 24 young (24576K), 1 survivors (1024K)
 Metaspace       used 68396K, committed 68992K, reserved 1114112K
  class space    used 9457K, committed 9728K, reserved 1048576K
}
Event: 13.375 GC heap after
{Heap after GC invocations=25 (full 0):
 garbage-first heap   total 182272K, used 29723K [0x00000000a0e00000, 0x0000000100000000)
  region size 1024K, 2 young (2048K), 2 survivors (2048K)
 Metaspace       used 68396K, committed 68992K, reserved 1114112K
  class space    used 9457K, committed 9728K, reserved 1048576K
}

Dll operation events (11 events):
Event: 0.012 Loaded shared library C:\Users\Luis Bautista\.jdks\corretto-17.0.13\bin\java.dll
Event: 0.037 Loaded shared library C:\Users\Luis Bautista\.jdks\corretto-17.0.13\bin\jsvml.dll
Event: 0.230 Loaded shared library C:\Users\Luis Bautista\.jdks\corretto-17.0.13\bin\net.dll
Event: 0.234 Loaded shared library C:\Users\Luis Bautista\.jdks\corretto-17.0.13\bin\nio.dll
Event: 0.240 Loaded shared library C:\Users\Luis Bautista\.jdks\corretto-17.0.13\bin\zip.dll
Event: 0.617 Loaded shared library C:\Users\Luis Bautista\.jdks\corretto-17.0.13\bin\jimage.dll
Event: 2.952 Loaded shared library C:\Users\Luis Bautista\.jdks\corretto-17.0.13\bin\sunmscapi.dll
Event: 6.047 Loaded shared library C:\Users\Luis Bautista\.jdks\corretto-17.0.13\bin\management.dll
Event: 6.056 Loaded shared library C:\Users\Luis Bautista\.jdks\corretto-17.0.13\bin\management_ext.dll
Event: 7.075 Loaded shared library C:\Users\Luis Bautista\.jdks\corretto-17.0.13\bin\verify.dll
Event: 7.739 Loaded shared library C:\Users\Luis Bautista\.jdks\corretto-17.0.13\bin\extnet.dll

Deoptimization events (20 events):
Event: 20.348 Thread 0x000001b27e39db80 DEOPT PACKING pc=0x000001b207d972c8 sp=0x00000093478fa990
Event: 20.348 Thread 0x000001b27e39db80 DEOPT UNPACKING pc=0x000001b2075869a3 sp=0x00000093478fa8a8 mode 2
Event: 20.350 Thread 0x000001b27e39eab0 Uncommon trap: trap_request=0xffffff45 fr.pc=0x000001b207b37f5c relative=0x00000000000003bc
Event: 20.350 Thread 0x000001b27e39eab0 Uncommon trap: reason=unstable_if action=reinterpret pc=0x000001b207b37f5c method=java.util.IdentityHashMap.put(Ljava/lang/Object;Ljava/lang/Object;)Ljava/lang/Object; @ 90 c2
Event: 20.350 Thread 0x000001b27e39eab0 DEOPT PACKING pc=0x000001b207b37f5c sp=0x0000009347af9650
Event: 20.350 Thread 0x000001b27e39eab0 DEOPT UNPACKING pc=0x000001b2075869a3 sp=0x0000009347af95f8 mode 2
Event: 20.504 Thread 0x000001b27e39eab0 Uncommon trap: trap_request=0xffffff45 fr.pc=0x000001b207c544b8 relative=0x0000000000000038
Event: 20.504 Thread 0x000001b27e39eab0 Uncommon trap: reason=unstable_if action=reinterpret pc=0x000001b207c544b8 method=java.util.IdentityHashMap.maskNull(Ljava/lang/Object;)Ljava/lang/Object; @ 1 c2
Event: 20.504 Thread 0x000001b27e39eab0 DEOPT PACKING pc=0x000001b207c544b8 sp=0x0000009347afcf40
Event: 20.504 Thread 0x000001b27e39eab0 DEOPT UNPACKING pc=0x000001b2075869a3 sp=0x0000009347afcee0 mode 2
Event: 20.516 Thread 0x000001b27e39db80 Uncommon trap: trap_request=0xffffffde fr.pc=0x000001b207c56ccc relative=0x000000000000028c
Event: 20.516 Thread 0x000001b27e39db80 Uncommon trap: reason=class_check action=maybe_recompile pc=0x000001b207c56ccc method=java.util.concurrent.ConcurrentHashMap.get(Ljava/lang/Object;)Ljava/lang/Object; @ 93 c2
Event: 20.516 Thread 0x000001b27e39db80 DEOPT PACKING pc=0x000001b207c56ccc sp=0x00000093478fc690
Event: 20.516 Thread 0x000001b27e39db80 DEOPT UNPACKING pc=0x000001b2075869a3 sp=0x00000093478fc5f8 mode 2
Event: 27.310 Thread 0x000001b27e399ec0 DEOPT PACKING pc=0x000001b200957abc sp=0x00000093474fa340
Event: 27.310 Thread 0x000001b27e399ec0 DEOPT UNPACKING pc=0x000001b207587143 sp=0x00000093474f9800 mode 0
Event: 27.540 Thread 0x000001b27e39e5a0 DEOPT PACKING pc=0x000001b200aff380 sp=0x00000093479fed10
Event: 27.540 Thread 0x000001b27e39e5a0 DEOPT UNPACKING pc=0x000001b207587143 sp=0x00000093479fe250 mode 0
Event: 27.568 Thread 0x000001b27e39bd20 DEOPT PACKING pc=0x000001b200bff5cc sp=0x00000093472f98a0
Event: 27.568 Thread 0x000001b27e39bd20 DEOPT UNPACKING pc=0x000001b207587143 sp=0x00000093472f8d38 mode 0

Classes loaded (20 events):
Event: 20.249 Loading class java/util/stream/Sink$OfDouble done
Event: 20.249 Loading class java/util/stream/ReduceOps$13ReducingSink done
Event: 20.249 Loading class java/util/stream/ReferencePipeline$6$1
Event: 20.250 Loading class java/util/stream/ReferencePipeline$6$1 done
Event: 20.250 Loading class jdk/internal/reflect/UnsafeDoubleFieldAccessorImpl
Event: 20.251 Loading class jdk/internal/reflect/UnsafeDoubleFieldAccessorImpl done
Event: 20.305 Loading class java/util/OptionalLong
Event: 20.306 Loading class java/util/OptionalLong done
Event: 20.306 Loading class java/util/OptionalDouble
Event: 20.308 Loading class java/util/OptionalDouble done
Event: 20.366 Loading class java/util/stream/LongStream
Event: 20.370 Loading class java/util/stream/LongStream done
Event: 20.500 Loading class sun/reflect/generics/tree/LongSignature
Event: 20.500 Loading class sun/reflect/generics/tree/LongSignature done
Event: 20.510 Loading class org/w3c/dom/Node
Event: 20.516 Loading class org/w3c/dom/Node done
Event: 20.516 Loading class org/w3c/dom/Document
Event: 20.517 Loading class org/w3c/dom/Document done
Event: 27.107 Loading class java/util/concurrent/atomic/Striped64$Cell
Event: 27.108 Loading class java/util/concurrent/atomic/Striped64$Cell done

Classes unloaded (0 events):
No events

Classes redefined (0 events):
No events

Internal exceptions (20 events):
Event: 12.832 Thread 0x000001b26a578e30 Exception <a 'java/lang/reflect/InvocationTargetException'{0x00000000a42736b8}> (0x00000000a42736b8) 
thrown [s\src\hotspot\share\runtime\reflection.cpp, line 1128]
Event: 12.834 Thread 0x000001b26a578e30 Exception <a 'java/lang/reflect/InvocationTargetException'{0x00000000a427f1d8}> (0x00000000a427f1d8) 
thrown [s\src\hotspot\share\runtime\reflection.cpp, line 1128]
Event: 12.875 Thread 0x000001b26a578e30 Exception <a 'java/lang/reflect/InvocationTargetException'{0x00000000a41815b0}> (0x00000000a41815b0) 
thrown [s\src\hotspot\share\runtime\reflection.cpp, line 1128]
Event: 13.716 Thread 0x000001b26a578e30 Exception <a 'sun/nio/fs/WindowsException'{0x00000000abe633c0}> (0x00000000abe633c0) 
thrown [s\src\hotspot\share\prims\jni.cpp, line 516]
Event: 13.857 Thread 0x000001b26a578e30 Exception <a 'java/lang/IncompatibleClassChangeError'{0x00000000abbf1fa8}: Found class java.lang.Object, but interface was expected> (0x00000000abbf1fa8) 
thrown [s\src\hotspot\share\interpreter\linkResolver.cpp, line 826]
Event: 13.958 Thread 0x000001b26a578e30 Exception <a 'java/lang/NoSuchMethodError'{0x00000000ab9aac58}: 'void java.lang.invoke.DirectMethodHandle$Holder.invokeVirtual(java.lang.Object, java.lang.Object, long)'> (0x00000000ab9aac58) 
thrown [s\src\hotspot\share\interpreter\linkResolver.cpp, line 759]
Event: 14.157 Thread 0x000001b26a578e30 Exception <a 'java/lang/IncompatibleClassChangeError'{0x00000000ab5ce0d0}: Found class java.lang.Object, but interface was expected> (0x00000000ab5ce0d0) 
thrown [s\src\hotspot\share\interpreter\linkResolver.cpp, line 826]
Event: 14.279 Thread 0x000001b26a578e30 Exception <a 'java/lang/NoSuchMethodError'{0x00000000ab046110}: 'java.lang.Object java.lang.invoke.DirectMethodHandle$Holder.newInvokeSpecial(java.lang.Object, java.lang.Object, int, java.lang.Object, java.lang.Object)'> (0x00000000ab046110) 
thrown [s\src\hotspot\share\interpreter\linkResolver.cpp, line 759]
Event: 18.766 Thread 0x000001b27e39bd20 Exception <a 'java/lang/NoSuchMethodError'{0x00000000aa6b6418}: 'java.lang.Object java.lang.invoke.DirectMethodHandle$Holder.invokeSpecial(java.lang.Object, java.lang.Object, java.lang.Object, java.lang.Object, java.lang.Object, long)'> (0x00000000aa6b6418) 
thrown [s\src\hotspot\share\interpreter\linkResolver.cpp, line 759]
Event: 18.767 Thread 0x000001b27e39bd20 Exception <a 'java/lang/NoSuchMethodError'{0x00000000aa6b9e58}: 'java.lang.Object java.lang.invoke.Invokers$Holder.linkToTargetMethod(java.lang.Object, java.lang.Object, java.lang.Object, long, java.lang.Object)'> (0x00000000aa6b9e58) 
thrown [s\src\hotspot\share\interpreter\linkResolver.cpp, line 759]
Event: 18.929 Thread 0x000001b27e39bd20 Exception <a 'java/lang/NoSuchMethodError'{0x00000000aa3e1598}: 'java.lang.Object java.lang.invoke.DirectMethodHandle$Holder.invokeStatic(java.lang.Object, int, int)'> (0x00000000aa3e1598) 
thrown [s\src\hotspot\share\interpreter\linkResolver.cpp, line 759]
Event: 20.065 Thread 0x000001b27e39db80 Exception <a 'java/lang/NoSuchMethodError'{0x00000000aa1dffa0}: 'java.lang.Object java.lang.invoke.DirectMethodHandle$Holder.invokeInterface(java.lang.Object, java.lang.Object, java.lang.Object, java.lang.Object)'> (0x00000000aa1dffa0) 
thrown [s\src\hotspot\share\interpreter\linkResolver.cpp, line 759]
Event: 20.098 Thread 0x000001b27e39db80 Exception <a 'java/lang/IncompatibleClassChangeError'{0x00000000a9d0d338}: Found class java.lang.Object, but interface was expected> (0x00000000a9d0d338) 
thrown [s\src\hotspot\share\interpreter\linkResolver.cpp, line 826]
Event: 20.162 Thread 0x000001b27e39e5a0 Exception <a 'java/lang/IncompatibleClassChangeError'{0x00000000a9bb2388}: Found class java.lang.Object, but interface was expected> (0x00000000a9bb2388) 
thrown [s\src\hotspot\share\interpreter\linkResolver.cpp, line 826]
Event: 20.171 Thread 0x000001b27e39e5a0 Exception <a 'java/lang/NoSuchMethodError'{0x00000000a9be66f0}: 'void java.lang.invoke.DirectMethodHandle$Holder.invokeSpecialIFC(java.lang.Object, java.lang.Object, int, java.lang.Object, java.lang.Object, java.lang.Object, java.lang.Object)'> (0x00000000a9be66f0) 
thrown [s\src\hotspot\share\interpreter\linkResolver.cpp, line 759]
Event: 20.223 Thread 0x000001b27e39e5a0 Exception <a 'java/lang/IncompatibleClassChangeError'{0x00000000a9982340}: Found class java.lang.Object, but interface was expected> (0x00000000a9982340) 
thrown [s\src\hotspot\share\interpreter\linkResolver.cpp, line 826]
Event: 20.235 Thread 0x000001b27e39e5a0 Exception <a 'java/lang/NoSuchMethodError'{0x00000000a99add38}: 'double java.lang.invoke.DirectMethodHandle$Holder.invokeSpecial(java.lang.Object, java.lang.Object)'> (0x00000000a99add38) 
thrown [s\src\hotspot\share\interpreter\linkResolver.cpp, line 759]
Event: 20.241 Thread 0x000001b27e39e5a0 Exception <a 'java/lang/NoSuchMethodError'{0x00000000a99b6a08}: 'void java.lang.invoke.DirectMethodHandle$Holder.invokeStatic(java.lang.Object, java.lang.Object, double)'> (0x00000000a99b6a08) 
thrown [s\src\hotspot\share\interpreter\linkResolver.cpp, line 759]
Event: 20.347 Thread 0x000001b27e39db80 Exception <a 'java/lang/NoSuchMethodError'{0x00000000a98e3e48}: 'double java.lang.invoke.DirectMethodHandle$Holder.invokeVirtual(java.lang.Object, java.lang.Object)'> (0x00000000a98e3e48) 
thrown [s\src\hotspot\share\interpreter\linkResolver.cpp, line 759]
Event: 21.046 Thread 0x000001b27e39efc0 Exception <a 'java/lang/NoSuchMethodError'{0x00000000a90a7ce0}: 'double java.lang.invoke.DirectMethodHandle$Holder.invokeStatic(java.lang.Object, java.lang.Object)'> (0x00000000a90a7ce0) 
thrown [s\src\hotspot\share\interpreter\linkResolver.cpp, line 759]

VM Operations (20 events):
Event: 21.204 Executing VM operation: ICBufferFull
Event: 21.204 Executing VM operation: ICBufferFull done
Event: 22.221 Executing VM operation: Cleanup
Event: 22.221 Executing VM operation: Cleanup done
Event: 25.240 Executing VM operation: Cleanup
Event: 25.240 Executing VM operation: Cleanup done
Event: 27.269 Executing VM operation: Cleanup
Event: 27.270 Executing VM operation: Cleanup done
Event: 27.708 Executing VM operation: ICBufferFull
Event: 27.709 Executing VM operation: ICBufferFull done
Event: 28.721 Executing VM operation: Cleanup
Event: 28.721 Executing VM operation: Cleanup done
Event: 31.763 Executing VM operation: Cleanup
Event: 31.763 Executing VM operation: Cleanup done
Event: 35.817 Executing VM operation: Cleanup
Event: 35.817 Executing VM operation: Cleanup done
Event: 36.827 Executing VM operation: Cleanup
Event: 36.827 Executing VM operation: Cleanup done
Event: 38.843 Executing VM operation: Cleanup
Event: 38.843 Executing VM operation: Cleanup done

Memory protections (0 events):
No events

Nmethod flushes (20 events):
Event: 11.180 Thread 0x000001b277e56c20 flushing  nmethod 0x000001b200a1a010
Event: 11.180 Thread 0x000001b277e56c20 flushing  nmethod 0x000001b200a1c490
Event: 11.180 Thread 0x000001b277e56c20 flushing  nmethod 0x000001b200a22f10
Event: 11.180 Thread 0x000001b277e56c20 flushing  nmethod 0x000001b200a2a590
Event: 11.180 Thread 0x000001b277e56c20 flushing  nmethod 0x000001b200a2a910
Event: 11.181 Thread 0x000001b277e56c20 flushing  nmethod 0x000001b200a44010
Event: 11.181 Thread 0x000001b277e56c20 flushing  nmethod 0x000001b200a45c90
Event: 11.181 Thread 0x000001b277e56c20 flushing  nmethod 0x000001b200a4a110
Event: 11.181 Thread 0x000001b277e56c20 flushing  nmethod 0x000001b200a4a490
Event: 11.181 Thread 0x000001b277e56c20 flushing  nmethod 0x000001b200a4ec10
Event: 11.181 Thread 0x000001b277e56c20 flushing  nmethod 0x000001b200a52a90
Event: 11.181 Thread 0x000001b277e56c20 flushing  nmethod 0x000001b200a55b10
Event: 11.181 Thread 0x000001b277e56c20 flushing  nmethod 0x000001b200a72010
Event: 11.181 Thread 0x000001b277e56c20 flushing  nmethod 0x000001b200afc690
Event: 11.181 Thread 0x000001b277e56c20 flushing  nmethod 0x000001b200b0c890
Event: 20.386 Thread 0x000001b277e56c20 flushing  nmethod 0x000001b207d1da10
Event: 20.395 Thread 0x000001b277e56c20 flushing  nmethod 0x000001b200054510
Event: 20.411 Thread 0x000001b277e56c20 flushing  nmethod 0x000001b2008f8510
Event: 20.413 Thread 0x000001b277e56c20 flushing  nmethod 0x000001b200afc190
Event: 20.413 Thread 0x000001b277e56c20 flushing  nmethod 0x000001b200b0d390

Events (20 events):
Event: 8.495 Thread 0x000001b26a578e30 Thread added: 0x000001b27e39b300
Event: 8.615 Thread 0x000001b27e39b300 Thread added: 0x000001b27e39b810
Event: 10.045 Thread 0x000001b27dc53570 Thread exited: 0x000001b27dc53570
Event: 10.300 Thread 0x000001b277e53e20 Thread added: 0x000001b27dc50050
Event: 10.909 Thread 0x000001b27dc50050 Thread exited: 0x000001b27dc50050
Event: 14.293 Thread 0x000001b26a578e30 Thread added: 0x000001b27e39bd20
Event: 14.293 Thread 0x000001b26a578e30 Thread added: 0x000001b27e39f4d0
Event: 14.294 Thread 0x000001b26a578e30 Thread added: 0x000001b27e399ec0
Event: 14.294 Thread 0x000001b26a578e30 Thread added: 0x000001b27e39a3d0
Event: 14.294 Thread 0x000001b26a578e30 Thread added: 0x000001b27e39d160
Event: 14.294 Thread 0x000001b26a578e30 Thread added: 0x000001b27e39d670
Event: 14.294 Thread 0x000001b26a578e30 Thread added: 0x000001b27e39db80
Event: 14.294 Thread 0x000001b26a578e30 Thread added: 0x000001b27e39e5a0
Event: 14.295 Thread 0x000001b26a578e30 Thread added: 0x000001b27e39eab0
Event: 14.295 Thread 0x000001b26a578e30 Thread added: 0x000001b27e39efc0
Event: 14.316 Thread 0x000001b26a578e30 Thread added: 0x000001b27e398060
Event: 14.318 Thread 0x000001b26a578e30 Thread added: 0x000001b27e398f90
Event: 14.349 Thread 0x000001b26a578e30 Thread exited: 0x000001b26a578e30
Event: 14.349 Thread 0x000001b27e39f9e0 Thread added: 0x000001b27e39f9e0
Event: 14.454 Thread 0x000001b27e39b810 Thread exited: 0x000001b27e39b810


Dynamic libraries:
0x00007ff7eb700000 - 0x00007ff7eb70e000 	C:\Users\Luis Bautista\.jdks\corretto-17.0.13\bin\java.exe
0x00007ffe4f550000 - 0x00007ffe4f767000 	C:\WINDOWS\SYSTEM32\ntdll.dll
0x00007ffe4e9f0000 - 0x00007ffe4eab4000 	C:\WINDOWS\System32\KERNEL32.DLL
0x00007ffe4c970000 - 0x00007ffe4cd29000 	C:\WINDOWS\System32\KERNELBASE.dll
0x00007ffe4c850000 - 0x00007ffe4c961000 	C:\WINDOWS\System32\ucrtbase.dll
0x00007ffe48c00000 - 0x00007ffe48c1b000 	C:\Users\Luis Bautista\.jdks\corretto-17.0.13\bin\VCRUNTIME140.dll
0x00007ffe48030000 - 0x00007ffe48047000 	C:\Users\Luis Bautista\.jdks\corretto-17.0.13\bin\jli.dll
0x00007ffe4d6e0000 - 0x00007ffe4d88e000 	C:\WINDOWS\System32\USER32.dll
0x00007ffe4d0e0000 - 0x00007ffe4d106000 	C:\WINDOWS\System32\win32u.dll
0x00007ffe4d920000 - 0x00007ffe4d949000 	C:\WINDOWS\System32\GDI32.dll
0x00007ffe4cd30000 - 0x00007ffe4ce4b000 	C:\WINDOWS\System32\gdi32full.dll
0x00007ffe4d110000 - 0x00007ffe4d1aa000 	C:\WINDOWS\System32\msvcp_win.dll
0x00007ffe3d0a0000 - 0x00007ffe3d332000 	C:\WINDOWS\WinSxS\amd64_microsoft.windows.common-controls_6595b64144ccf1df_6.0.22621.4391_none_2715d37f73803e96\COMCTL32.dll
0x00007ffe4d630000 - 0x00007ffe4d6d7000 	C:\WINDOWS\System32\msvcrt.dll
0x00007ffe4ec80000 - 0x00007ffe4ecb1000 	C:\WINDOWS\System32\IMM32.DLL
0x00007ffe48700000 - 0x00007ffe4870c000 	C:\Users\Luis Bautista\.jdks\corretto-17.0.13\bin\vcruntime140_1.dll
0x00007ffe42a00000 - 0x00007ffe42a8d000 	C:\Users\Luis Bautista\.jdks\corretto-17.0.13\bin\msvcp140.dll
0x00007ffdfc440000 - 0x00007ffdfd0ac000 	C:\Users\Luis Bautista\.jdks\corretto-17.0.13\bin\server\jvm.dll
0x00007ffe4ed70000 - 0x00007ffe4ee22000 	C:\WINDOWS\System32\ADVAPI32.dll
0x00007ffe4ecc0000 - 0x00007ffe4ed67000 	C:\WINDOWS\System32\sechost.dll
0x00007ffe4d030000 - 0x00007ffe4d058000 	C:\WINDOWS\System32\bcrypt.dll
0x00007ffe4ee50000 - 0x00007ffe4ef64000 	C:\WINDOWS\System32\RPCRT4.dll
0x00007ffe4e6a0000 - 0x00007ffe4e711000 	C:\WINDOWS\System32\WS2_32.dll
0x00007ffe4c720000 - 0x00007ffe4c76d000 	C:\WINDOWS\SYSTEM32\POWRPROF.dll
0x00007ffe4a150000 - 0x00007ffe4a184000 	C:\WINDOWS\SYSTEM32\WINMM.dll
0x00007ffe431b0000 - 0x00007ffe431ba000 	C:\WINDOWS\SYSTEM32\VERSION.dll
0x00007ffe4c700000 - 0x00007ffe4c713000 	C:\WINDOWS\SYSTEM32\UMPDC.dll
0x00007ffe4b890000 - 0x00007ffe4b8a8000 	C:\WINDOWS\SYSTEM32\kernel.appcore.dll
0x00007ffe486b0000 - 0x00007ffe486ba000 	C:\Users\Luis Bautista\.jdks\corretto-17.0.13\bin\jimage.dll
0x00007ffe49ef0000 - 0x00007ffe4a122000 	C:\WINDOWS\SYSTEM32\DBGHELP.DLL
0x00007ffe4f180000 - 0x00007ffe4f50f000 	C:\WINDOWS\System32\combase.dll
0x00007ffe4eb40000 - 0x00007ffe4ec17000 	C:\WINDOWS\System32\OLEAUT32.dll
0x00007ffe49eb0000 - 0x00007ffe49ee2000 	C:\WINDOWS\SYSTEM32\dbgcore.DLL
0x00007ffe4d060000 - 0x00007ffe4d0db000 	C:\WINDOWS\System32\bcryptPrimitives.dll
0x00007ffe462f0000 - 0x00007ffe46315000 	C:\Users\Luis Bautista\.jdks\corretto-17.0.13\bin\java.dll
0x00007ffe207f0000 - 0x00007ffe208c7000 	C:\Users\Luis Bautista\.jdks\corretto-17.0.13\bin\jsvml.dll
0x00007ffe4de20000 - 0x00007ffe4e696000 	C:\WINDOWS\System32\SHELL32.dll
0x00007ffe4a790000 - 0x00007ffe4b093000 	C:\WINDOWS\SYSTEM32\windows.storage.dll
0x00007ffe4a650000 - 0x00007ffe4a78f000 	C:\WINDOWS\SYSTEM32\wintypes.dll
0x00007ffe4f060000 - 0x00007ffe4f159000 	C:\WINDOWS\System32\SHCORE.dll
0x00007ffe4ec20000 - 0x00007ffe4ec7e000 	C:\WINDOWS\System32\shlwapi.dll
0x00007ffe4c780000 - 0x00007ffe4c7ab000 	C:\WINDOWS\SYSTEM32\profapi.dll
0x00007ffe479a0000 - 0x00007ffe479b9000 	C:\Users\Luis Bautista\.jdks\corretto-17.0.13\bin\net.dll
0x00007ffe45ff0000 - 0x00007ffe46126000 	C:\WINDOWS\SYSTEM32\WINHTTP.dll
0x00007ffe4bd10000 - 0x00007ffe4bd79000 	C:\WINDOWS\system32\mswsock.dll
0x00007ffe429e0000 - 0x00007ffe429f6000 	C:\Users\Luis Bautista\.jdks\corretto-17.0.13\bin\nio.dll
0x00007ffe429c0000 - 0x00007ffe429d8000 	C:\Users\Luis Bautista\.jdks\corretto-17.0.13\bin\zip.dll
0x00007ffe46210000 - 0x00007ffe4621e000 	C:\Users\Luis Bautista\.jdks\corretto-17.0.13\bin\sunmscapi.dll
0x00007ffe4ce50000 - 0x00007ffe4cfb6000 	C:\WINDOWS\System32\CRYPT32.dll
0x00007ffe4c120000 - 0x00007ffe4c14d000 	C:\WINDOWS\SYSTEM32\ncrypt.dll
0x00007ffe4c0e0000 - 0x00007ffe4c117000 	C:\WINDOWS\SYSTEM32\NTASN1.dll
0x00007ffe4bf70000 - 0x00007ffe4bf8b000 	C:\WINDOWS\SYSTEM32\CRYPTSP.dll
0x00007ffe4b7f0000 - 0x00007ffe4b825000 	C:\WINDOWS\system32\rsaenh.dll
0x00007ffe4be00000 - 0x00007ffe4be28000 	C:\WINDOWS\SYSTEM32\USERENV.dll
0x00007ffe4bf60000 - 0x00007ffe4bf6c000 	C:\WINDOWS\SYSTEM32\CRYPTBASE.dll
0x00007ffe4b300000 - 0x00007ffe4b32d000 	C:\WINDOWS\SYSTEM32\IPHLPAPI.DLL
0x00007ffe4e720000 - 0x00007ffe4e729000 	C:\WINDOWS\System32\NSI.dll
0x00007ffe46350000 - 0x00007ffe46369000 	C:\WINDOWS\SYSTEM32\dhcpcsvc6.DLL
0x00007ffe45fd0000 - 0x00007ffe45fef000 	C:\WINDOWS\SYSTEM32\dhcpcsvc.DLL
0x00007ffe4b370000 - 0x00007ffe4b472000 	C:\WINDOWS\SYSTEM32\DNSAPI.dll
0x00007ffe428c0000 - 0x00007ffe428c9000 	C:\Users\Luis Bautista\.jdks\corretto-17.0.13\bin\management.dll
0x00007ffe428b0000 - 0x00007ffe428bb000 	C:\Users\Luis Bautista\.jdks\corretto-17.0.13\bin\management_ext.dll
0x00007ffe4f170000 - 0x00007ffe4f178000 	C:\WINDOWS\System32\PSAPI.DLL
0x00007ffe428a0000 - 0x00007ffe428b0000 	C:\Users\Luis Bautista\.jdks\corretto-17.0.13\bin\verify.dll
0x00007ffe39bd0000 - 0x00007ffe39bda000 	C:\Windows\System32\rasadhlp.dll
0x00007ffe43ce0000 - 0x00007ffe43d63000 	C:\WINDOWS\System32\fwpuclnt.dll
0x00007ffe42890000 - 0x00007ffe42899000 	C:\Users\Luis Bautista\.jdks\corretto-17.0.13\bin\extnet.dll
0x00007ffe45fc0000 - 0x00007ffe45fc8000 	C:\WINDOWS\system32\wshunix.dll

dbghelp: loaded successfully - version: 4.0.5 - missing functions: none
symbol engine: initialized successfully - sym options: 0x614 - pdb path: .;C:\Users\Luis Bautista\.jdks\corretto-17.0.13\bin;C:\WINDOWS\SYSTEM32;C:\WINDOWS\WinSxS\amd64_microsoft.windows.common-controls_6595b64144ccf1df_6.0.22621.4391_none_2715d37f73803e96;C:\Users\Luis Bautista\.jdks\corretto-17.0.13\bin\server

VM Arguments:
jvm_args: -Dfile.encoding=windows-1252 -Duser.country=CO -Duser.language=es -Duser.variant 
java_command: com.gestion.hotel.HotelApplication
java_class_path (initial): C:\Users\Luis Bautista\OneDrive\Escritorio\ReservaFacil\hotel\build\classes\java\main;C:\Users\Luis Bautista\OneDrive\Escritorio\ReservaFacil\hotel\build\resources\main;C:\Users\Luis Bautista\.gradle\caches\modules-2\files-2.1\org.springframework.boot\spring-boot-starter-data-jpa\3.3.5\3fbef698f3a3c43c60ed493f96b11471f7d01ec7\spring-boot-starter-data-jpa-3.3.5.jar;C:\Users\Luis Bautista\.gradle\caches\modules-2\files-2.1\org.springframework.boot\spring-boot-starter-web\3.3.5\51cc6cd5fb15f4eecfadea4ac689ed290e65c2cc\spring-boot-starter-web-3.3.5.jar;C:\Users\Luis Bautista\.gradle\caches\modules-2\files-2.1\com.mysql\mysql-connector-j\8.3.0\1cc7fa5d61f4bbc113531a4ba6d85d41cf3d57e1\mysql-connector-j-8.3.0.jar;C:\Users\Luis Bautista\.gradle\caches\modules-2\files-2.1\org.springframework.boot\spring-boot-starter-aop\3.3.5\872157ff7d70996d6302f61aad1b176b4905a169\spring-boot-starter-aop-3.3.5.jar;C:\Users\Luis Bautista\.gradle\caches\modules-2\files-2.1\org.springframework.boot\spring-boot-starter-jdbc\3.3.5\64c2c63ff90dffcd6996b3cd11e5d7e9805884d2\spring-boot-starter-jdbc-3.3.5.jar;C:\Users\Luis Bautista\.gradle\caches\modules-2\files-2.1\org.hibernate.orm\hibernate-core\6.5.3.Final\1e23c320a5d10f5eaecbd23095fca5c5c83c1fb5\hibernate-core-6.5.3.Final.jar;C:\Users\Luis Bautista\.gradle\caches\modules-2\files-2.1\org.springframework.data\spring-data-jpa\3.3.5\72a3aa723e1008cc6216f94e79e2de721fc4c513\spring-data-jpa-3.3.5.jar;C:\Users\Luis Bautista\.gradle\caches\modules-2\files-2.1\org.springframework\spring-aspects\6.1.14\cd9d1c53457ac159e1eba3f342cbd6bf8dad4027\spring-aspects-6.1.14.jar;C:\Users\Luis Bautista\.gradle\caches\modules-2\files-2.1\org.springframework.boot\spring-boot-starter-json\3.3.5\a92dd0bc808c9de278bc62bc37db4e409027657a\spring-boot-starter-json-3.3.5.jar;C:\Users\Luis Bautista\.gradle\caches\modules-2\files-2.1\org.springframework.boot\spring-boot-starter\3.3.5\16b7a9acf1918a8f763e871ada3794e9ffd4a980\spring-boot-starter-3.3
Launcher Type: SUN_STANDARD

[Global flags]
     intx CICompilerCount                          = 3                                         {product} {ergonomic}
     uint ConcGCThreads                            = 1                                         {product} {ergonomic}
     uint G1ConcRefinementThreads                  = 4                                         {product} {ergonomic}
   size_t G1HeapRegionSize                         = 1048576                                   {product} {ergonomic}
    uintx GCDrainStackTargetSize                   = 64                                        {product} {ergonomic}
   size_t InitialHeapSize                          = 100663296                                 {product} {ergonomic}
   size_t MarkStackSize                            = 4194304                                   {product} {ergonomic}
   size_t MaxHeapSize                              = 1595932672                                {product} {ergonomic}
   size_t MaxNewSize                               = 957349888                                 {product} {ergonomic}
   size_t MinHeapDeltaBytes                        = 1048576                                   {product} {ergonomic}
   size_t MinHeapSize                              = 8388608                                   {product} {ergonomic}
    uintx NonNMethodCodeHeapSize                   = 5832780                                {pd product} {ergonomic}
    uintx NonProfiledCodeHeapSize                  = 122912730                              {pd product} {ergonomic}
    uintx ProfiledCodeHeapSize                     = 122912730                              {pd product} {ergonomic}
    uintx ReservedCodeCacheSize                    = 251658240                              {pd product} {ergonomic}
     bool SegmentedCodeCache                       = true                                      {product} {ergonomic}
   size_t SoftMaxHeapSize                          = 1595932672                             {manageable} {ergonomic}
     bool UseCompressedClassPointers               = true                           {product lp64_product} {ergonomic}
     bool UseCompressedOops                        = true                           {product lp64_product} {ergonomic}
     bool UseG1GC                                  = true                                      {product} {ergonomic}
     bool UseLargePagesIndividualAllocation        = false                                  {pd product} {ergonomic}

Logging:
Log output configuration:
 #0: stdout all=warning uptime,level,tags
 #1: stderr all=off uptime,level,tags

Environment Variables:
JAVA_HOME=C:\Program Files\Java\jdk-18
PATH=C:\Program Files\Common Files\Oracle\Java\javapath;C:\Program Files (x86)\Common Files\Oracle\Java\java8path;C:\Program Files (x86)\Common Files\Oracle\Java\javapath;C:\Program Files\Git\cmd;C:\Program Files\Java\jdk-18\bin;C:\Program Files\nodejs\;C:\ProgramData\chocolatey\bin;C:\Users\Luis Bautista\AppData\Local\Programs\Python\Python312\Scripts\;C:\Users\Luis Bautista\AppData\Local\Programs\Python\Python312\;C:\Users\Luis Bautista\AppData\Local\Programs\Python\Launcher\;C:\Users\Luis Bautista\AppData\Local\Microsoft\WindowsApps;C:\Program Files\JetBrains\IntelliJ IDEA 2024.1\bin;;C:\Users\Luis Bautista\AppData\Local\GitHubDesktop\bin;C:\Users\Luis Bautista\AppData\Local\Programs\Microsoft VS Code\bin;C:\Users\Luis Bautista\AppData\Roaming\npm;C:\Users\Luis Bautista\AppData\Local\Microsoft\WinGet\Packages\Schniz.fnm_Microsoft.Winget.Source_8wekyb3d8bbwe;
USERNAME=Luis Bautista
OS=Windows_NT
PROCESSOR_IDENTIFIER=AMD64 Family 23 Model 24 Stepping 1, AuthenticAMD
TMP=C:\Users\LUISBA~1\AppData\Local\Temp
TEMP=C:\Users\LUISBA~1\AppData\Local\Temp



Periodic native trim disabled


---------------  S Y S T E M  ---------------

OS:
 Windows 11 , 64 bit Build 22621 (10.0.22621.4391)
OS uptime: 0 days 3:11 hours

CPU: total 4 (initial active 4) (4 cores per cpu, 2 threads per core) family 23 model 24 stepping 1 microcode 0x0, cx8, cmov, fxsr, ht, mmx, 3dnowpref, sse, sse2, sse3, ssse3, sse4a, sse4.1, sse4.2, popcnt, lzcnt, tsc, tscinvbit, avx, avx2, aes, clmul, bmi1, bmi2, adx, sha, fma, vzeroupper, clflush, clflushopt
Processor Information for all 4 processors :
  Max Mhz: 2600, Current Mhz: 2600, Mhz Limit: 2600

Memory: 4k page, system-wide physical 6080M (368M free)
TotalPageFile size 24512M (AvailPageFile size 6M)
current process WorkingSet (physical memory assigned to process): 301M, peak: 306M
current process commit charge ("private bytes"): 393M, peak: 406M

vm_info: OpenJDK 64-Bit Server VM (17.0.13+11-LTS) for windows-amd64 JRE (17.0.13+11-LTS), built on Oct 10 2024 19:51:30 by "Administrator" with MS VC++ 16.10 / 16.11 (VS2019)

END.
