#
# There is insufficient memory for the Java Runtime Environment to continue.
# Native memory allocation (malloc) failed to allocate 702576 bytes. Error detail: Chunk::new
# Possible reasons:
#   The system is out of physical RAM or swap space
#   This process is running with CompressedOops enabled, and the Java Heap may be blocking the growth of the native heap
# Possible solutions:
#   Reduce memory load on the system
#   Increase physical memory or swap space
#   Check if swap backing store is full
#   Decrease Java heap size (-Xmx/-Xms)
#   Decrease number of Java threads
#   Decrease Java thread stack sizes (-Xss)
#   Set larger code cache with -XX:ReservedCodeCacheSize=
#   JVM is running with Unscaled Compressed Oops mode in which the Java heap is
#     placed in the first 4GB address space. The Java Heap base address is the
#     maximum limit for the native heap growth. Please use -XX:HeapBaseMinAddress
#     to set the Java Heap base and to place the Java Heap above 4GB virtual address.
# This output file may be truncated or incomplete.
#
#  Out of Memory Error (arena.cpp:191), pid=11140, tid=10224
#
# JRE version: OpenJDK Runtime Environment Corretto-17.0.13.11.1 (17.0.13+11) (build 17.0.13+11-LTS)
# Java VM: OpenJDK 64-Bit Server VM Corretto-17.0.13.11.1 (17.0.13+11-LTS, mixed mode, sharing, tiered, compressed oops, compressed class ptrs, g1 gc, windows-amd64)
# No core dump will be written. Minidumps are not enabled by default on client versions of Windows
#

---------------  S U M M A R Y ------------

Command Line: -Dorg.gradle.internal.worker.tmpdir=C:\Users\Luis Bautista\OneDrive\Escritorio\ReservaFacil\hotel\build\tmp\test\work -Xmx512m -Dfile.encoding=windows-1252 -Duser.country=CO -Duser.language=es -Duser.variant -ea worker.org.gradle.process.internal.worker.GradleWorkerMain 'Gradle Test Executor 3'

Host: AMD Ryzen 3 3250U with Radeon Graphics         , 4 cores, 5G,  Windows 11 , 64 bit Build 22621 (10.0.22621.4391)
Time: Fri Nov 22 11:42:45 2024 Hora est. Pacífico, Sudamérica elapsed time: 23.916723 seconds (0d 0h 0m 23s)

---------------  T H R E A D  ---------------

Current thread (0x000002431e4684e0):  JavaThread "C2 CompilerThread0" daemon [_thread_in_native, id=10224, stack(0x000000a8ee700000,0x000000a8ee800000)]


Current CompileTask:
C2:  23916 5647       4       org.springframework.core.annotation.TypeMappedAnnotations::get (52 bytes)

Stack: [0x000000a8ee700000,0x000000a8ee800000]
Native frames: (J=compiled Java code, j=interpreted, Vv=VM code, C=native code)
V  [jvm.dll+0x680c19]
V  [jvm.dll+0x83888a]
V  [jvm.dll+0x83a34e]
V  [jvm.dll+0x83a9b3]
V  [jvm.dll+0x2481af]
V  [jvm.dll+0xac9f4]
V  [jvm.dll+0xad03c]
V  [jvm.dll+0x2af7df]
V  [jvm.dll+0x587047]
V  [jvm.dll+0x223012]
V  [jvm.dll+0x21bf0d]
V  [jvm.dll+0x219a31]
V  [jvm.dll+0x1a58ed]
V  [jvm.dll+0x22988d]
V  [jvm.dll+0x227a1c]
V  [jvm.dll+0x7ed737]
V  [jvm.dll+0x7e7b2c]
V  [jvm.dll+0x67fae7]
C  [ucrtbase.dll+0x29333]
C  [KERNEL32.DLL+0x1259d]
C  [ntdll.dll+0x5af38]


---------------  P R O C E S S  ---------------

Threads class SMR info:
_java_thread_list=0x00000243671ebe00, length=17, elements={
0x00000243041ae900, 0x000002431e44f540, 0x000002431e4503c0, 0x000002431e465730,
0x000002431e4662f0, 0x000002431e469690, 0x000002431e466fa0, 0x000002431e4684e0,
0x000002431e473400, 0x000002431e48a8d0, 0x000002431e6d7f00, 0x000002431e6e0080,
0x000002436454dcb0, 0x00000243647fe8e0, 0x00000243644efc00, 0x00000243646ee310,
0x0000024365f06a80
}

Java Threads: ( => current thread )
  0x00000243041ae900 JavaThread "Test worker" [_thread_in_vm, id=17800, stack(0x000000a8eda00000,0x000000a8edb00000)]
  0x000002431e44f540 JavaThread "Reference Handler" daemon [_thread_blocked, id=13836, stack(0x000000a8ee100000,0x000000a8ee200000)]
  0x000002431e4503c0 JavaThread "Finalizer" daemon [_thread_blocked, id=18960, stack(0x000000a8ee200000,0x000000a8ee300000)]
  0x000002431e465730 JavaThread "Signal Dispatcher" daemon [_thread_blocked, id=392, stack(0x000000a8ee300000,0x000000a8ee400000)]
  0x000002431e4662f0 JavaThread "Attach Listener" daemon [_thread_blocked, id=16816, stack(0x000000a8ee400000,0x000000a8ee500000)]
  0x000002431e469690 JavaThread "Service Thread" daemon [_thread_blocked, id=2184, stack(0x000000a8ee500000,0x000000a8ee600000)]
  0x000002431e466fa0 JavaThread "Monitor Deflation Thread" daemon [_thread_blocked, id=15892, stack(0x000000a8ee600000,0x000000a8ee700000)]
=>0x000002431e4684e0 JavaThread "C2 CompilerThread0" daemon [_thread_in_native, id=10224, stack(0x000000a8ee700000,0x000000a8ee800000)]
  0x000002431e473400 JavaThread "C1 CompilerThread0" daemon [_thread_blocked, id=15288, stack(0x000000a8ee800000,0x000000a8ee900000)]
  0x000002431e48a8d0 JavaThread "Sweeper thread" daemon [_thread_blocked, id=18524, stack(0x000000a8ee900000,0x000000a8eea00000)]
  0x000002431e6d7f00 JavaThread "Notification Thread" daemon [_thread_blocked, id=17984, stack(0x000000a8eea00000,0x000000a8eeb00000)]
  0x000002431e6e0080 JavaThread "Common-Cleaner" daemon [_thread_blocked, id=17240, stack(0x000000a8eec00000,0x000000a8eed00000)]
  0x000002436454dcb0 JavaThread "/127.0.0.1:53676 to /127.0.0.1:53674 workers" [_thread_blocked, id=14848, stack(0x000000a8eed00000,0x000000a8eee00000)]
  0x00000243647fe8e0 JavaThread "/127.0.0.1:53676 to /127.0.0.1:53674 workers Thread 2" [_thread_blocked, id=19220, stack(0x000000a8ef300000,0x000000a8ef400000)]
  0x00000243644efc00 JavaThread "/127.0.0.1:53676 to /127.0.0.1:53674 workers Thread 3" [_thread_in_native, id=3360, stack(0x000000a8ef400000,0x000000a8ef500000)]
  0x00000243646ee310 JavaThread "mysql-cj-abandoned-connection-cleanup" daemon [_thread_blocked, id=5892, stack(0x000000a8ef500000,0x000000a8ef600000)]
  0x0000024365f06a80 JavaThread "HikariPool-1 housekeeper" daemon [_thread_blocked, id=1096, stack(0x000000a8ef600000,0x000000a8ef700000)]

Other Threads:
  0x000002431e4486f0 VMThread "VM Thread" [stack: 0x000000a8ee000000,0x000000a8ee100000] [id=12148]
  0x000002431e6da3f0 WatcherThread [stack: 0x000000a8eeb00000,0x000000a8eec00000] [id=8596]
  0x00000243041e3f70 GCTaskThread "GC Thread#0" [stack: 0x000000a8edb00000,0x000000a8edc00000] [id=5808]
  0x000002436448e920 GCTaskThread "GC Thread#1" [stack: 0x000000a8eee00000,0x000000a8eef00000] [id=6268]
  0x0000024364482c70 GCTaskThread "GC Thread#2" [stack: 0x000000a8eef00000,0x000000a8ef000000] [id=8380]
  0x0000024364488220 GCTaskThread "GC Thread#3" [stack: 0x000000a8ef000000,0x000000a8ef100000] [id=1792]
  0x00000243041e6ea0 ConcurrentGCThread "G1 Main Marker" [stack: 0x000000a8edc00000,0x000000a8edd00000] [id=16840]
  0x00000243041e78c0 ConcurrentGCThread "G1 Conc#0" [stack: 0x000000a8edd00000,0x000000a8ede00000] [id=19068]
  0x00000243042395f0 ConcurrentGCThread "G1 Refine#0" [stack: 0x000000a8ede00000,0x000000a8edf00000] [id=12400]
  0x000002436434fd00 ConcurrentGCThread "G1 Refine#1" [stack: 0x000000a8ef100000,0x000000a8ef200000] [id=14220]
  0x000002430423a020 ConcurrentGCThread "G1 Service" [stack: 0x000000a8edf00000,0x000000a8ee000000] [id=10824]

Threads with active compile tasks:
C2 CompilerThread0    23942 5647       4       org.springframework.core.annotation.TypeMappedAnnotations::get (52 bytes)

VM state: not at safepoint (normal execution)

VM Mutex/Monitor currently owned by a thread: None

Heap address: 0x00000000e0000000, size: 512 MB, Compressed Oops mode: 32-bit

CDS archive(s) mapped at: [0x000002431f000000-0x000002431fbb0000-0x000002431fbb0000), size 12255232, SharedBaseAddress: 0x000002431f000000, ArchiveRelocationMode: 1.
Compressed class space mapped at: 0x0000024320000000-0x0000024360000000, reserved size: 1073741824
Narrow klass base: 0x000002431f000000, Narrow klass shift: 0, Narrow klass range: 0x100000000

GC Precious Log:
 CPUs: 4 total, 4 available
 Memory: 6080M
 Large Page Support: Disabled
 NUMA Support: Disabled
 Compressed Oops: Enabled (32-bit)
 Heap Region Size: 1M
 Heap Min Capacity: 8M
 Heap Initial Capacity: 96M
 Heap Max Capacity: 512M
 Pre-touch: Disabled
 Parallel Workers: 4
 Concurrent Workers: 1
 Concurrent Refinement Workers: 4
 Periodic GC: Disabled

Heap:
 garbage-first heap   total 66560K, used 42110K [0x00000000e0000000, 0x0000000100000000)
  region size 1024K, 9 young (9216K), 2 survivors (2048K)
 Metaspace       used 73693K, committed 74176K, reserved 1114112K
  class space    used 10403K, committed 10624K, reserved 1048576K

Heap Regions: E=young(eden), S=young(survivor), O=old, HS=humongous(starts), HC=humongous(continues), CS=collection set, F=free, OA=open archive, CA=closed archive, TAMS=top-at-mark-start (previous, next)
|   0|0x00000000e0000000, 0x00000000e0100000, 0x00000000e0100000|100%|HS|  |TAMS 0x00000000e0100000, 0x00000000e0000000| Complete 
|   1|0x00000000e0100000, 0x00000000e0200000, 0x00000000e0200000|100%| O|  |TAMS 0x00000000e0200000, 0x00000000e0100000| Untracked 
|   2|0x00000000e0200000, 0x00000000e0300000, 0x00000000e0300000|100%| O|  |TAMS 0x00000000e0300000, 0x00000000e0200000| Untracked 
|   3|0x00000000e0300000, 0x00000000e0400000, 0x00000000e0400000|100%| O|  |TAMS 0x00000000e0400000, 0x00000000e0300000| Untracked 
|   4|0x00000000e0400000, 0x00000000e0500000, 0x00000000e0500000|100%| O|  |TAMS 0x00000000e0500000, 0x00000000e0400000| Untracked 
|   5|0x00000000e0500000, 0x00000000e0600000, 0x00000000e0600000|100%| O|  |TAMS 0x00000000e0600000, 0x00000000e0500000| Untracked 
|   6|0x00000000e0600000, 0x00000000e0700000, 0x00000000e0700000|100%| O|  |TAMS 0x00000000e0700000, 0x00000000e0600000| Untracked 
|   7|0x00000000e0700000, 0x00000000e0800000, 0x00000000e0800000|100%| O|  |TAMS 0x00000000e0800000, 0x00000000e0700000| Untracked 
|   8|0x00000000e0800000, 0x00000000e08b9000, 0x00000000e0900000| 72%| O|  |TAMS 0x00000000e08b9000, 0x00000000e0800000| Untracked 
|   9|0x00000000e0900000, 0x00000000e0a00000, 0x00000000e0a00000|100%| O|  |TAMS 0x00000000e0a00000, 0x00000000e0900000| Untracked 
|  10|0x00000000e0a00000, 0x00000000e0b00000, 0x00000000e0b00000|100%| O|  |TAMS 0x00000000e0b00000, 0x00000000e0a00000| Untracked 
|  11|0x00000000e0b00000, 0x00000000e0c00000, 0x00000000e0c00000|100%| O|  |TAMS 0x00000000e0c00000, 0x00000000e0b00000| Untracked 
|  12|0x00000000e0c00000, 0x00000000e0d00000, 0x00000000e0d00000|100%| O|  |TAMS 0x00000000e0d00000, 0x00000000e0c00000| Untracked 
|  13|0x00000000e0d00000, 0x00000000e0e00000, 0x00000000e0e00000|100%| O|  |TAMS 0x00000000e0e00000, 0x00000000e0d00000| Untracked 
|  14|0x00000000e0e00000, 0x00000000e0f00000, 0x00000000e0f00000|100%| O|  |TAMS 0x00000000e0f00000, 0x00000000e0e00000| Untracked 
|  15|0x00000000e0f00000, 0x00000000e1000000, 0x00000000e1000000|100%| O|  |TAMS 0x00000000e1000000, 0x00000000e0f00000| Untracked 
|  16|0x00000000e1000000, 0x00000000e1100000, 0x00000000e1100000|100%| O|  |TAMS 0x00000000e1100000, 0x00000000e1000000| Untracked 
|  17|0x00000000e1100000, 0x00000000e1200000, 0x00000000e1200000|100%| O|  |TAMS 0x00000000e1200000, 0x00000000e1100000| Untracked 
|  18|0x00000000e1200000, 0x00000000e1300000, 0x00000000e1300000|100%| O|  |TAMS 0x00000000e1300000, 0x00000000e1200000| Untracked 
|  19|0x00000000e1300000, 0x00000000e1400000, 0x00000000e1400000|100%| O|  |TAMS 0x00000000e1400000, 0x00000000e1300000| Untracked 
|  20|0x00000000e1400000, 0x00000000e1500000, 0x00000000e1500000|100%| O|  |TAMS 0x00000000e1500000, 0x00000000e1400000| Untracked 
|  21|0x00000000e1500000, 0x00000000e1600000, 0x00000000e1600000|100%| O|  |TAMS 0x00000000e1600000, 0x00000000e1500000| Untracked 
|  22|0x00000000e1600000, 0x00000000e1700000, 0x00000000e1700000|100%| O|  |TAMS 0x00000000e1700000, 0x00000000e1600000| Untracked 
|  23|0x00000000e1700000, 0x00000000e1800000, 0x00000000e1800000|100%| O|  |TAMS 0x00000000e1800000, 0x00000000e1700000| Untracked 
|  24|0x00000000e1800000, 0x00000000e1900000, 0x00000000e1900000|100%| O|  |TAMS 0x00000000e1900000, 0x00000000e1800000| Untracked 
|  25|0x00000000e1900000, 0x00000000e1a00000, 0x00000000e1a00000|100%| O|  |TAMS 0x00000000e1a00000, 0x00000000e1900000| Untracked 
|  26|0x00000000e1a00000, 0x00000000e1b00000, 0x00000000e1b00000|100%| O|  |TAMS 0x00000000e1b00000, 0x00000000e1a00000| Untracked 
|  27|0x00000000e1b00000, 0x00000000e1c00000, 0x00000000e1c00000|100%| O|  |TAMS 0x00000000e1c00000, 0x00000000e1b00000| Untracked 
|  28|0x00000000e1c00000, 0x00000000e1d00000, 0x00000000e1d00000|100%| O|  |TAMS 0x00000000e1d00000, 0x00000000e1c00000| Complete 
|  29|0x00000000e1d00000, 0x00000000e1e00000, 0x00000000e1e00000|100%| O|  |TAMS 0x00000000e1e00000, 0x00000000e1d00000| Untracked 
|  30|0x00000000e1e00000, 0x00000000e1f00000, 0x00000000e1f00000|100%| O|  |TAMS 0x00000000e1f00000, 0x00000000e1e00000| Untracked 
|  31|0x00000000e1f00000, 0x00000000e2000000, 0x00000000e2000000|100%| O|  |TAMS 0x00000000e1fcd200, 0x00000000e1f00000| Untracked 
|  32|0x00000000e2000000, 0x00000000e2100000, 0x00000000e2100000|100%| O|  |TAMS 0x00000000e2000000, 0x00000000e2000000| Untracked 
|  33|0x00000000e2100000, 0x00000000e2179c00, 0x00000000e2200000| 47%| O|  |TAMS 0x00000000e2100000, 0x00000000e2100000| Untracked 
|  34|0x00000000e2200000, 0x00000000e2200000, 0x00000000e2300000|  0%| F|  |TAMS 0x00000000e2200000, 0x00000000e2200000| Untracked 
|  35|0x00000000e2300000, 0x00000000e2300000, 0x00000000e2400000|  0%| F|  |TAMS 0x00000000e2300000, 0x00000000e2300000| Untracked 
|  36|0x00000000e2400000, 0x00000000e2400000, 0x00000000e2500000|  0%| F|  |TAMS 0x00000000e2400000, 0x00000000e2400000| Untracked 
|  37|0x00000000e2500000, 0x00000000e2500000, 0x00000000e2600000|  0%| F|  |TAMS 0x00000000e2500000, 0x00000000e2500000| Untracked 
|  38|0x00000000e2600000, 0x00000000e2600000, 0x00000000e2700000|  0%| F|  |TAMS 0x00000000e2600000, 0x00000000e2600000| Untracked 
|  39|0x00000000e2700000, 0x00000000e2700000, 0x00000000e2800000|  0%| F|  |TAMS 0x00000000e2700000, 0x00000000e2700000| Untracked 
|  40|0x00000000e2800000, 0x00000000e2800000, 0x00000000e2900000|  0%| F|  |TAMS 0x00000000e2800000, 0x00000000e2800000| Untracked 
|  41|0x00000000e2900000, 0x00000000e2900000, 0x00000000e2a00000|  0%| F|  |TAMS 0x00000000e2900000, 0x00000000e2900000| Untracked 
|  42|0x00000000e2a00000, 0x00000000e2a00000, 0x00000000e2b00000|  0%| F|  |TAMS 0x00000000e2a00000, 0x00000000e2a00000| Untracked 
|  43|0x00000000e2b00000, 0x00000000e2becc60, 0x00000000e2c00000| 92%| S|CS|TAMS 0x00000000e2b00000, 0x00000000e2b00000| Complete 
|  44|0x00000000e2c00000, 0x00000000e2d00000, 0x00000000e2d00000|100%| S|CS|TAMS 0x00000000e2c00000, 0x00000000e2c00000| Complete 
|  45|0x00000000e2d00000, 0x00000000e2d00000, 0x00000000e2e00000|  0%| F|  |TAMS 0x00000000e2d00000, 0x00000000e2d00000| Untracked 
|  46|0x00000000e2e00000, 0x00000000e2e00000, 0x00000000e2f00000|  0%| F|  |TAMS 0x00000000e2e00000, 0x00000000e2e00000| Untracked 
|  47|0x00000000e2f00000, 0x00000000e2f00000, 0x00000000e3000000|  0%| F|  |TAMS 0x00000000e2f00000, 0x00000000e2f00000| Untracked 
|  48|0x00000000e3000000, 0x00000000e3000000, 0x00000000e3100000|  0%| F|  |TAMS 0x00000000e3000000, 0x00000000e3000000| Untracked 
|  49|0x00000000e3100000, 0x00000000e3100000, 0x00000000e3200000|  0%| F|  |TAMS 0x00000000e3100000, 0x00000000e3100000| Untracked 
|  50|0x00000000e3200000, 0x00000000e3200000, 0x00000000e3300000|  0%| F|  |TAMS 0x00000000e3200000, 0x00000000e3200000| Untracked 
|  51|0x00000000e3300000, 0x00000000e3300000, 0x00000000e3400000|  0%| F|  |TAMS 0x00000000e3300000, 0x00000000e3300000| Untracked 
|  52|0x00000000e3400000, 0x00000000e3400000, 0x00000000e3500000|  0%| F|  |TAMS 0x00000000e3400000, 0x00000000e3400000| Untracked 
|  53|0x00000000e3500000, 0x00000000e3500000, 0x00000000e3600000|  0%| F|  |TAMS 0x00000000e3500000, 0x00000000e3500000| Untracked 
|  54|0x00000000e3600000, 0x00000000e3600000, 0x00000000e3700000|  0%| F|  |TAMS 0x00000000e3600000, 0x00000000e3600000| Untracked 
|  55|0x00000000e3700000, 0x00000000e3700000, 0x00000000e3800000|  0%| F|  |TAMS 0x00000000e3700000, 0x00000000e3700000| Untracked 
|  56|0x00000000e3800000, 0x00000000e3800000, 0x00000000e3900000|  0%| F|  |TAMS 0x00000000e3800000, 0x00000000e3800000| Untracked 
|  57|0x00000000e3900000, 0x00000000e3900000, 0x00000000e3a00000|  0%| F|  |TAMS 0x00000000e3900000, 0x00000000e3900000| Untracked 
|  58|0x00000000e3a00000, 0x00000000e3aa2920, 0x00000000e3b00000| 63%| E|  |TAMS 0x00000000e3a00000, 0x00000000e3a00000| Complete 
|  59|0x00000000e3b00000, 0x00000000e3c00000, 0x00000000e3c00000|100%| E|CS|TAMS 0x00000000e3b00000, 0x00000000e3b00000| Complete 
|  91|0x00000000e5b00000, 0x00000000e5c00000, 0x00000000e5c00000|100%| E|CS|TAMS 0x00000000e5b00000, 0x00000000e5b00000| Complete 
|  92|0x00000000e5c00000, 0x00000000e5d00000, 0x00000000e5d00000|100%| E|CS|TAMS 0x00000000e5c00000, 0x00000000e5c00000| Complete 
|  93|0x00000000e5d00000, 0x00000000e5e00000, 0x00000000e5e00000|100%| E|CS|TAMS 0x00000000e5d00000, 0x00000000e5d00000| Complete 
|  94|0x00000000e5e00000, 0x00000000e5f00000, 0x00000000e5f00000|100%| E|CS|TAMS 0x00000000e5e00000, 0x00000000e5e00000| Complete 
|  95|0x00000000e5f00000, 0x00000000e6000000, 0x00000000e6000000|100%| E|CS|TAMS 0x00000000e5f00000, 0x00000000e5f00000| Complete 

Card table byte_map: [0x000002431acd0000,0x000002431add0000] _byte_map_base: 0x000002431a5d0000

Marking Bits (Prev, Next): (CMBitMap*) 0x00000243041e45d0, (CMBitMap*) 0x00000243041e4590
 Prev Bits: [0x000002431b6d0000, 0x000002431bed0000)
 Next Bits: [0x000002431aed0000, 0x000002431b6d0000)

Polling page: 0x00000243020e0000

Metaspace:

Usage:
  Non-class:     61.82 MB used.
      Class:     10.16 MB used.
       Both:     71.98 MB used.

Virtual space:
  Non-class space:       64.00 MB reserved,      62.12 MB ( 97%) committed,  1 nodes.
      Class space:        1.00 GB reserved,      10.38 MB (  1%) committed,  1 nodes.
             Both:        1.06 GB reserved,      72.50 MB (  7%) committed. 

Chunk freelists:
   Non-Class:  1.61 MB
       Class:  5.45 MB
        Both:  7.06 MB

MaxMetaspaceSize: unlimited
CompressedClassSpaceSize: 1.00 GB
Initial GC threshold: 21.00 MB
Current GC threshold: 119.50 MB
CDS: on
MetaspaceReclaimPolicy: balanced
 - commit_granule_bytes: 65536.
 - commit_granule_words: 8192.
 - virtual_space_node_default_size: 8388608.
 - enlarge_chunks_in_place: 1.
 - new_chunks_are_fully_committed: 0.
 - uncommit_free_chunks: 1.
 - use_allocation_guard: 0.
 - handle_deallocations: 1.


Internal statistics:

num_allocs_failed_limit: 8.
num_arena_births: 732.
num_arena_deaths: 0.
num_vsnodes_births: 2.
num_vsnodes_deaths: 0.
num_space_committed: 1160.
num_space_uncommitted: 0.
num_chunks_returned_to_freelist: 8.
num_chunks_taken_from_freelist: 3296.
num_chunk_merges: 8.
num_chunk_splits: 2422.
num_chunks_enlarged: 1927.
num_inconsistent_stats: 0.

CodeHeap 'non-profiled nmethods': size=120000Kb used=3039Kb max_used=3039Kb free=116961Kb
 bounds [0x00000243137a0000, 0x0000024313ab0000, 0x000002431acd0000]
CodeHeap 'profiled nmethods': size=120000Kb used=11246Kb max_used=11668Kb free=108753Kb
 bounds [0x000002430bcd0000, 0x000002430c840000, 0x0000024313200000]
CodeHeap 'non-nmethods': size=5760Kb used=1367Kb max_used=1413Kb free=4392Kb
 bounds [0x0000024313200000, 0x0000024313470000, 0x00000243137a0000]
 total_blobs=6590 nmethods=5887 adapters=614
 compilation: enabled
              stopped_count=0, restarted_count=0
 full_count=0

Compilation events (20 events):
Event: 23.749 Thread 0x000002431e4684e0 nmethod 5657 0x0000024313878f90 code [0x0000024313879100, 0x0000024313879198]
Event: 23.749 Thread 0x000002431e4684e0 6157       4       java.util.LinkedList$ListItr::next (56 bytes)
Event: 23.754 Thread 0x000002431e4684e0 nmethod 6157 0x0000024313878a10 code [0x0000024313878ba0, 0x0000024313878e58]
Event: 23.754 Thread 0x000002431e4684e0 5683       4       java.lang.reflect.Method::isBridge (16 bytes)
Event: 23.754 Thread 0x000002431e4684e0 nmethod 5683 0x0000024313878710 code [0x0000024313878880, 0x0000024313878918]
Event: 23.755 Thread 0x000002431e4684e0 6165       4       org.antlr.v4.runtime.atn.PredictionMode$AltAndContextConfigEqualityComparator::hashCode (9 bytes)
Event: 23.757 Thread 0x000002431e4684e0 nmethod 6165 0x0000024313878310 code [0x00000243138784a0, 0x00000243138785f8]
Event: 23.757 Thread 0x000002431e4684e0 5660       4       org.springframework.core.annotation.AnnotationFilter::matches (11 bytes)
Event: 23.768 Thread 0x000002431e4684e0 nmethod 5660 0x0000024313877b10 code [0x0000024313877ca0, 0x0000024313878028]
Event: 23.769 Thread 0x000002431e4684e0 5649       4       org.springframework.core.annotation.TypeMappedAnnotations$MergedAnnotationFinder::doWithAnnotations (10 bytes)
Event: 23.769 Thread 0x000002431e4684e0 nmethod 5649 0x0000024313877810 code [0x00000243138779a0, 0x0000024313877a48]
Event: 23.769 Thread 0x000002431e4684e0 6161       4       org.antlr.v4.runtime.atn.ATNConfig::<init> (12 bytes)
Event: 23.774 Thread 0x000002431e4684e0 nmethod 6161 0x0000024313877010 code [0x0000024313877180, 0x0000024313877498]
Event: 23.774 Thread 0x000002431e4684e0 6162       4       org.antlr.v4.runtime.atn.ParserATNSimulator::ruleTransition (88 bytes)
Event: 23.782 Thread 0x000002431e4684e0 nmethod 6162 0x000002431396cf90 code [0x000002431396d140, 0x000002431396d548]
Event: 23.782 Thread 0x000002431e4684e0 5648       4       org.springframework.core.annotation.AnnotationsScanner::isWithoutHierarchy (115 bytes)
Event: 23.814 Thread 0x000002431e4684e0 nmethod 5648 0x000002431396b710 code [0x000002431396b940, 0x000002431396c7d8]
Event: 23.814 Thread 0x000002431e4684e0 6556       4       java.lang.Class::annotationData (44 bytes)
Event: 23.834 Thread 0x000002431e4684e0 nmethod 6556 0x0000024313864c10 code [0x0000024313864e60, 0x00000243138656a0]
Event: 23.834 Thread 0x000002431e4684e0 5647       4       org.springframework.core.annotation.TypeMappedAnnotations::get (52 bytes)

GC Heap History (20 events):
Event: 17.719 GC heap before
{Heap before GC invocations=20 (full 0):
 garbage-first heap   total 48128K, used 37813K [0x00000000e0000000, 0x0000000100000000)
  region size 1024K, 15 young (15360K), 2 survivors (2048K)
 Metaspace       used 57985K, committed 58496K, reserved 1114112K
  class space    used 8014K, committed 8256K, reserved 1048576K
}
Event: 17.722 GC heap after
{Heap after GC invocations=21 (full 0):
 garbage-first heap   total 48128K, used 24838K [0x00000000e0000000, 0x0000000100000000)
  region size 1024K, 2 young (2048K), 2 survivors (2048K)
 Metaspace       used 57985K, committed 58496K, reserved 1114112K
  class space    used 8014K, committed 8256K, reserved 1048576K
}
Event: 18.503 GC heap before
{Heap before GC invocations=21 (full 0):
 garbage-first heap   total 48128K, used 38150K [0x00000000e0000000, 0x0000000100000000)
  region size 1024K, 15 young (15360K), 2 survivors (2048K)
 Metaspace       used 60505K, committed 60992K, reserved 1114112K
  class space    used 8356K, committed 8576K, reserved 1048576K
}
Event: 18.509 GC heap after
{Heap after GC invocations=22 (full 0):
 garbage-first heap   total 48128K, used 25844K [0x00000000e0000000, 0x0000000100000000)
  region size 1024K, 2 young (2048K), 2 survivors (2048K)
 Metaspace       used 60505K, committed 60992K, reserved 1114112K
  class space    used 8356K, committed 8576K, reserved 1048576K
}
Event: 19.234 GC heap before
{Heap before GC invocations=23 (full 0):
 garbage-first heap   total 48128K, used 39156K [0x00000000e0000000, 0x0000000100000000)
  region size 1024K, 15 young (15360K), 2 survivors (2048K)
 Metaspace       used 62670K, committed 63168K, reserved 1114112K
  class space    used 8663K, committed 8896K, reserved 1048576K
}
Event: 19.241 GC heap after
{Heap after GC invocations=24 (full 0):
 garbage-first heap   total 48128K, used 26829K [0x00000000e0000000, 0x0000000100000000)
  region size 1024K, 2 young (2048K), 2 survivors (2048K)
 Metaspace       used 62670K, committed 63168K, reserved 1114112K
  class space    used 8663K, committed 8896K, reserved 1048576K
}
Event: 19.778 GC heap before
{Heap before GC invocations=24 (full 0):
 garbage-first heap   total 48128K, used 39117K [0x00000000e0000000, 0x0000000100000000)
  region size 1024K, 14 young (14336K), 2 survivors (2048K)
 Metaspace       used 64970K, committed 65536K, reserved 1114112K
  class space    used 9032K, committed 9280K, reserved 1048576K
}
Event: 19.784 GC heap after
{Heap after GC invocations=25 (full 0):
 garbage-first heap   total 48128K, used 28176K [0x00000000e0000000, 0x0000000100000000)
  region size 1024K, 2 young (2048K), 2 survivors (2048K)
 Metaspace       used 64970K, committed 65536K, reserved 1114112K
  class space    used 9032K, committed 9280K, reserved 1048576K
}
Event: 20.317 GC heap before
{Heap before GC invocations=26 (full 0):
 garbage-first heap   total 51200K, used 37392K [0x00000000e0000000, 0x0000000100000000)
  region size 1024K, 12 young (12288K), 2 survivors (2048K)
 Metaspace       used 65531K, committed 66048K, reserved 1114112K
  class space    used 9144K, committed 9408K, reserved 1048576K
}
Event: 20.321 GC heap after
{Heap after GC invocations=27 (full 0):
 garbage-first heap   total 51200K, used 28720K [0x00000000e0000000, 0x0000000100000000)
  region size 1024K, 2 young (2048K), 2 survivors (2048K)
 Metaspace       used 65531K, committed 66048K, reserved 1114112K
  class space    used 9144K, committed 9408K, reserved 1048576K
}
Event: 20.891 GC heap before
{Heap before GC invocations=27 (full 0):
 garbage-first heap   total 51200K, used 41008K [0x00000000e0000000, 0x0000000100000000)
  region size 1024K, 15 young (15360K), 2 survivors (2048K)
 Metaspace       used 67136K, committed 67712K, reserved 1114112K
  class space    used 9497K, committed 9792K, reserved 1048576K
}
Event: 20.898 GC heap after
{Heap after GC invocations=28 (full 0):
 garbage-first heap   total 51200K, used 31013K [0x00000000e0000000, 0x0000000100000000)
  region size 1024K, 2 young (2048K), 2 survivors (2048K)
 Metaspace       used 67136K, committed 67712K, reserved 1114112K
  class space    used 9497K, committed 9792K, reserved 1048576K
}
Event: 21.025 GC heap before
{Heap before GC invocations=29 (full 0):
 garbage-first heap   total 66560K, used 41253K [0x00000000e0000000, 0x0000000100000000)
  region size 1024K, 12 young (12288K), 2 survivors (2048K)
 Metaspace       used 67154K, committed 67712K, reserved 1114112K
  class space    used 9497K, committed 9792K, reserved 1048576K
}
Event: 21.032 GC heap after
{Heap after GC invocations=30 (full 0):
 garbage-first heap   total 66560K, used 31650K [0x00000000e0000000, 0x0000000100000000)
  region size 1024K, 1 young (1024K), 1 survivors (1024K)
 Metaspace       used 67154K, committed 67712K, reserved 1114112K
  class space    used 9497K, committed 9792K, reserved 1048576K
}
Event: 21.559 GC heap before
{Heap before GC invocations=30 (full 0):
 garbage-first heap   total 66560K, used 51106K [0x00000000e0000000, 0x0000000100000000)
  region size 1024K, 21 young (21504K), 1 survivors (1024K)
 Metaspace       used 68539K, committed 69120K, reserved 1114112K
  class space    used 9678K, committed 9984K, reserved 1048576K
}
Event: 21.565 GC heap after
{Heap after GC invocations=31 (full 0):
 garbage-first heap   total 66560K, used 33822K [0x00000000e0000000, 0x0000000100000000)
  region size 1024K, 3 young (3072K), 3 survivors (3072K)
 Metaspace       used 68539K, committed 69120K, reserved 1114112K
  class space    used 9678K, committed 9984K, reserved 1048576K
}
Event: 22.464 GC heap before
{Heap before GC invocations=32 (full 0):
 garbage-first heap   total 66560K, used 52254K [0x00000000e0000000, 0x0000000100000000)
  region size 1024K, 21 young (21504K), 3 survivors (3072K)
 Metaspace       used 70581K, committed 71168K, reserved 1114112K
  class space    used 9965K, committed 10240K, reserved 1048576K
}
Event: 22.470 GC heap after
{Heap after GC invocations=33 (full 0):
 garbage-first heap   total 66560K, used 34169K [0x00000000e0000000, 0x0000000100000000)
  region size 1024K, 2 young (2048K), 2 survivors (2048K)
 Metaspace       used 70581K, committed 71168K, reserved 1114112K
  class space    used 9965K, committed 10240K, reserved 1048576K
}
Event: 23.341 GC heap before
{Heap before GC invocations=33 (full 0):
 garbage-first heap   total 66560K, used 52601K [0x00000000e0000000, 0x0000000100000000)
  region size 1024K, 20 young (20480K), 2 survivors (2048K)
 Metaspace       used 72699K, committed 73216K, reserved 1114112K
  class space    used 10253K, committed 10496K, reserved 1048576K
}
Event: 23.348 GC heap after
{Heap after GC invocations=34 (full 0):
 garbage-first heap   total 66560K, used 35966K [0x00000000e0000000, 0x0000000100000000)
  region size 1024K, 2 young (2048K), 2 survivors (2048K)
 Metaspace       used 72699K, committed 73216K, reserved 1114112K
  class space    used 10253K, committed 10496K, reserved 1048576K
}

Dll operation events (11 events):
Event: 0.024 Loaded shared library C:\Users\Luis Bautista\.jdks\corretto-17.0.13\bin\java.dll
Event: 0.054 Loaded shared library C:\Users\Luis Bautista\.jdks\corretto-17.0.13\bin\jsvml.dll
Event: 0.291 Loaded shared library C:\Users\Luis Bautista\.jdks\corretto-17.0.13\bin\net.dll
Event: 0.294 Loaded shared library C:\Users\Luis Bautista\.jdks\corretto-17.0.13\bin\nio.dll
Event: 0.302 Loaded shared library C:\Users\Luis Bautista\.jdks\corretto-17.0.13\bin\zip.dll
Event: 0.503 Loaded shared library C:\Users\Luis Bautista\.jdks\corretto-17.0.13\bin\verify.dll
Event: 0.517 Loaded shared library C:\Users\Luis Bautista\.jdks\corretto-17.0.13\bin\jimage.dll
Event: 1.219 Loaded shared library C:\Users\Luis Bautista\.jdks\corretto-17.0.13\bin\extnet.dll
Event: 1.386 Loaded shared library C:\Users\Luis Bautista\.jdks\corretto-17.0.13\bin\sunmscapi.dll
Event: 23.499 Loaded shared library C:\Users\Luis Bautista\.jdks\corretto-17.0.13\bin\management.dll
Event: 23.505 Loaded shared library C:\Users\Luis Bautista\.jdks\corretto-17.0.13\bin\management_ext.dll

Deoptimization events (20 events):
Event: 23.239 Thread 0x00000243041ae900 DEOPT PACKING pc=0x0000024313a725e0 sp=0x000000a8edafa470
Event: 23.239 Thread 0x00000243041ae900 DEOPT UNPACKING pc=0x00000243132569a3 sp=0x000000a8edafa3f8 mode 2
Event: 23.459 Thread 0x00000243041ae900 Uncommon trap: trap_request=0xffffff45 fr.pc=0x0000024313890fe0 relative=0x0000000000000060
Event: 23.459 Thread 0x00000243041ae900 Uncommon trap: reason=unstable_if action=reinterpret pc=0x0000024313890fe0 method=org.springframework.util.ConcurrentReferenceHashMap$Segment.clear()V @ 7 c2
Event: 23.459 Thread 0x00000243041ae900 DEOPT PACKING pc=0x0000024313890fe0 sp=0x000000a8edafb250
Event: 23.459 Thread 0x00000243041ae900 DEOPT UNPACKING pc=0x00000243132569a3 sp=0x000000a8edafb1e0 mode 2
Event: 23.470 Thread 0x00000243041ae900 Uncommon trap: trap_request=0xffffff45 fr.pc=0x00000243139dfa10 relative=0x00000000000000f0
Event: 23.470 Thread 0x00000243041ae900 Uncommon trap: reason=unstable_if action=reinterpret pc=0x00000243139dfa10 method=java.util.ArrayList.indexOfRange(Ljava/lang/Object;II)I @ 7 c2
Event: 23.470 Thread 0x00000243041ae900 DEOPT PACKING pc=0x00000243139dfa10 sp=0x000000a8edafafe0
Event: 23.470 Thread 0x00000243041ae900 DEOPT UNPACKING pc=0x00000243132569a3 sp=0x000000a8edafaf60 mode 2
Event: 23.486 Thread 0x00000243041ae900 DEOPT PACKING pc=0x000002430c3757c6 sp=0x000000a8edafad50
Event: 23.487 Thread 0x00000243041ae900 DEOPT UNPACKING pc=0x0000024313257143 sp=0x000000a8edafa228 mode 0
Event: 23.644 Thread 0x00000243041ae900 Uncommon trap: trap_request=0xffffffde fr.pc=0x00000243138e0efc relative=0x000000000000155c
Event: 23.644 Thread 0x00000243041ae900 Uncommon trap: reason=class_check action=maybe_recompile pc=0x00000243138e0efc method=java.util.zip.InflaterInputStream.read([BII)I @ 100 c2
Event: 23.644 Thread 0x00000243041ae900 DEOPT PACKING pc=0x00000243138e0efc sp=0x000000a8edaf8620
Event: 23.644 Thread 0x00000243041ae900 DEOPT UNPACKING pc=0x00000243132569a3 sp=0x000000a8edaf8670 mode 2
Event: 23.644 Thread 0x00000243041ae900 Uncommon trap: trap_request=0xffffffde fr.pc=0x00000243138e0efc relative=0x000000000000155c
Event: 23.644 Thread 0x00000243041ae900 Uncommon trap: reason=class_check action=maybe_recompile pc=0x00000243138e0efc method=java.util.zip.InflaterInputStream.read([BII)I @ 100 c2
Event: 23.644 Thread 0x00000243041ae900 DEOPT PACKING pc=0x00000243138e0efc sp=0x000000a8edaf8620
Event: 23.644 Thread 0x00000243041ae900 DEOPT UNPACKING pc=0x00000243132569a3 sp=0x000000a8edaf8670 mode 2

Classes loaded (20 events):
Event: 23.635 Loading class java/lang/instrument/Instrumentation
Event: 23.636 Loading class java/lang/instrument/Instrumentation done
Event: 23.642 Loading class java/util/jar/JarInputStream
Event: 23.642 Loading class java/util/zip/ZipInputStream
Event: 23.643 Loading class java/util/zip/ZipInputStream done
Event: 23.643 Loading class java/util/jar/JarInputStream done
Event: 23.643 Loading class java/io/PushbackInputStream
Event: 23.643 Loading class java/io/PushbackInputStream done
Event: 23.644 Loading class sun/security/util/ManifestEntryVerifier
Event: 23.646 Loading class sun/security/util/ManifestEntryVerifier done
Event: 23.659 Loading class java/lang/ProcessBuilder
Event: 23.660 Loading class java/lang/ProcessBuilder done
Event: 23.660 Loading class java/lang/ProcessImpl
Event: 23.661 Loading class java/lang/ProcessImpl done
Event: 23.677 Loading class java/lang/ProcessImpl$2
Event: 23.678 Loading class java/lang/ProcessImpl$2 done
Event: 23.678 Loading class java/lang/Process$PipeInputStream
Event: 23.678 Loading class java/lang/Process$PipeInputStream done
Event: 23.681 Loading class jdk/internal/event/ProcessStartEvent
Event: 23.681 Loading class jdk/internal/event/ProcessStartEvent done

Classes unloaded (0 events):
No events

Classes redefined (0 events):
No events

Internal exceptions (20 events):
Event: 19.564 Thread 0x00000243041ae900 Exception <a 'java/lang/reflect/InvocationTargetException'{0x00000000e28a9a28}> (0x00000000e28a9a28) 
thrown [s\src\hotspot\share\runtime\reflection.cpp, line 1128]
Event: 20.399 Thread 0x00000243041ae900 Exception <a 'java/lang/reflect/InvocationTargetException'{0x00000000e5ffc300}> (0x00000000e5ffc300) 
thrown [s\src\hotspot\share\runtime\reflection.cpp, line 1128]
Event: 21.283 Thread 0x00000243041ae900 Exception <a 'java/lang/reflect/InvocationTargetException'{0x00000000e36878a8}> (0x00000000e36878a8) 
thrown [s\src\hotspot\share\runtime\reflection.cpp, line 1128]
Event: 21.724 Thread 0x00000243041ae900 Exception <a 'java/lang/reflect/InvocationTargetException'{0x00000000e5b01938}> (0x00000000e5b01938) 
thrown [s\src\hotspot\share\runtime\reflection.cpp, line 1128]
Event: 21.727 Thread 0x00000243041ae900 Exception <a 'java/lang/reflect/InvocationTargetException'{0x00000000e5b0e630}> (0x00000000e5b0e630) 
thrown [s\src\hotspot\share\runtime\reflection.cpp, line 1128]
Event: 21.781 Thread 0x00000243041ae900 Exception <a 'java/lang/reflect/InvocationTargetException'{0x00000000e3b16760}> (0x00000000e3b16760) 
thrown [s\src\hotspot\share\runtime\reflection.cpp, line 1128]
Event: 22.017 Thread 0x00000243041ae900 Exception <a 'java/lang/NoSuchMethodError'{0x00000000e377c880}: 'void java.lang.invoke.DirectMethodHandle$Holder.invokeInterface(java.lang.Object, java.lang.Object, int)'> (0x00000000e377c880) 
thrown [s\src\hotspot\share\interpreter\linkResolver.cpp, line 759]
Event: 22.027 Thread 0x00000243041ae900 Exception <a 'java/lang/IncompatibleClassChangeError'{0x00000000e37cba60}: Found class java.lang.Object, but interface was expected> (0x00000000e37cba60) 
thrown [s\src\hotspot\share\interpreter\linkResolver.cpp, line 826]
Event: 22.031 Thread 0x00000243041ae900 Exception <a 'java/lang/NoSuchMethodError'{0x00000000e37dc7d8}: 'int java.lang.invoke.DirectMethodHandle$Holder.invokeSpecialIFC(java.lang.Object, java.lang.Object, java.lang.Object)'> (0x00000000e37dc7d8) 
thrown [s\src\hotspot\share\interpreter\linkResolver.cpp, line 759]
Event: 22.034 Thread 0x00000243041ae900 Exception <a 'java/lang/NoSuchMethodError'{0x00000000e37f53a0}: 'void java.lang.invoke.DirectMethodHandle$Holder.invokeStatic(java.lang.Object, int, java.lang.Object)'> (0x00000000e37f53a0) 
thrown [s\src\hotspot\share\interpreter\linkResolver.cpp, line 759]
Event: 22.713 Thread 0x00000243041ae900 Exception <a 'sun/nio/fs/WindowsException'{0x00000000e5b0f320}> (0x00000000e5b0f320) 
thrown [s\src\hotspot\share\prims\jni.cpp, line 516]
Event: 22.715 Thread 0x00000243041ae900 Exception <a 'sun/nio/fs/WindowsException'{0x00000000e5b138b8}> (0x00000000e5b138b8) 
thrown [s\src\hotspot\share\prims\jni.cpp, line 516]
Event: 22.965 Thread 0x00000243041ae900 Exception <a 'java/lang/IncompatibleClassChangeError'{0x00000000e3601448}: Found class java.lang.Object, but interface was expected> (0x00000000e3601448) 
thrown [s\src\hotspot\share\interpreter\linkResolver.cpp, line 826]
Event: 23.069 Thread 0x00000243041ae900 Exception <a 'java/lang/NoSuchMethodError'{0x00000000e35bbf38}: 'void java.lang.invoke.DirectMethodHandle$Holder.invokeVirtual(java.lang.Object, java.lang.Object, int)'> (0x00000000e35bbf38) 
thrown [s\src\hotspot\share\interpreter\linkResolver.cpp, line 759]
Event: 23.074 Thread 0x00000243041ae900 Exception <a 'java/lang/NoSuchMethodError'{0x00000000e35e6c78}: 'void java.lang.invoke.DirectMethodHandle$Holder.invokeVirtual(java.lang.Object, java.lang.Object, long)'> (0x00000000e35e6c78) 
thrown [s\src\hotspot\share\interpreter\linkResolver.cpp, line 759]
Event: 23.282 Thread 0x00000243041ae900 Exception <a 'java/lang/IncompatibleClassChangeError'{0x00000000e30a0e30}: Found class java.lang.Object, but interface was expected> (0x00000000e30a0e30) 
thrown [s\src\hotspot\share\interpreter\linkResolver.cpp, line 826]
Event: 23.465 Thread 0x00000243041ae900 Exception <a 'java/lang/NoSuchMethodError'{0x00000000e5c27990}: 'java.lang.Object java.lang.invoke.DirectMethodHandle$Holder.newInvokeSpecial(java.lang.Object, java.lang.Object, int, java.lang.Object, java.lang.Object)'> (0x00000000e5c27990) 
thrown [s\src\hotspot\share\interpreter\linkResolver.cpp, line 759]
Event: 23.636 Thread 0x00000243041ae900 Exception <a 'java/lang/reflect/InvocationTargetException'{0x00000000e3bfca58}> (0x00000000e3bfca58) 
thrown [s\src\hotspot\share\runtime\reflection.cpp, line 1128]
Event: 23.676 Thread 0x00000243041ae900 Exception <a 'java/lang/NoSuchMethodError'{0x00000000e3a216d8}: 'void java.lang.invoke.DirectMethodHandle$Holder.invokeStatic(java.lang.Object, long)'> (0x00000000e3a216d8) 
thrown [s\src\hotspot\share\interpreter\linkResolver.cpp, line 759]
Event: 23.677 Thread 0x00000243041ae900 Exception <a 'java/lang/NoSuchMethodError'{0x00000000e3a27050}: 'java.lang.Object java.lang.invoke.DirectMethodHandle$Holder.newInvokeSpecial(java.lang.Object, long)'> (0x00000000e3a27050) 
thrown [s\src\hotspot\share\interpreter\linkResolver.cpp, line 759]

VM Operations (20 events):
Event: 21.713 Executing VM operation: G1PauseCleanup
Event: 21.714 Executing VM operation: G1PauseCleanup done
Event: 21.874 Executing VM operation: HandshakeAllThreads
Event: 21.874 Executing VM operation: HandshakeAllThreads done
Event: 22.454 Executing VM operation: HandshakeAllThreads
Event: 22.454 Executing VM operation: HandshakeAllThreads done
Event: 22.464 Executing VM operation: G1CollectForAllocation
Event: 22.470 Executing VM operation: G1CollectForAllocation done
Event: 22.531 Executing VM operation: HandshakeAllThreads
Event: 22.531 Executing VM operation: HandshakeAllThreads done
Event: 22.532 Executing VM operation: HandshakeAllThreads
Event: 22.532 Executing VM operation: HandshakeAllThreads done
Event: 23.127 Executing VM operation: HandshakeAllThreads
Event: 23.127 Executing VM operation: HandshakeAllThreads done
Event: 23.341 Executing VM operation: G1CollectForAllocation
Event: 23.348 Executing VM operation: G1CollectForAllocation done
Event: 23.445 Executing VM operation: G1PauseRemark
Event: 23.450 Executing VM operation: G1PauseRemark done
Event: 23.493 Executing VM operation: G1PauseCleanup
Event: 23.493 Executing VM operation: G1PauseCleanup done

Memory protections (0 events):
No events

Nmethod flushes (20 events):
Event: 19.493 Thread 0x000002431e48a8d0 flushing  nmethod 0x000002430c679a90
Event: 19.493 Thread 0x000002431e48a8d0 flushing  nmethod 0x000002430c67a590
Event: 19.493 Thread 0x000002431e48a8d0 flushing  nmethod 0x000002430c68a090
Event: 19.493 Thread 0x000002431e48a8d0 flushing  nmethod 0x000002430c6bf590
Event: 19.493 Thread 0x000002431e48a8d0 flushing  nmethod 0x000002430c6c2510
Event: 19.493 Thread 0x000002431e48a8d0 flushing  nmethod 0x000002430c6c2890
Event: 19.493 Thread 0x000002431e48a8d0 flushing  nmethod 0x000002430c6c8f10
Event: 19.493 Thread 0x000002431e48a8d0 flushing  nmethod 0x000002430c6d0510
Event: 19.493 Thread 0x000002431e48a8d0 flushing  nmethod 0x000002430c6d5f90
Event: 19.493 Thread 0x000002431e48a8d0 flushing  nmethod 0x000002430c6e9490
Event: 19.493 Thread 0x000002431e48a8d0 flushing  nmethod 0x000002430c6ea110
Event: 19.493 Thread 0x000002431e48a8d0 flushing  nmethod 0x000002430c6ee910
Event: 19.493 Thread 0x000002431e48a8d0 flushing  nmethod 0x000002430c6eec90
Event: 19.493 Thread 0x000002431e48a8d0 flushing  nmethod 0x000002430c6f4390
Event: 19.493 Thread 0x000002431e48a8d0 flushing  nmethod 0x000002430c6f9090
Event: 19.493 Thread 0x000002431e48a8d0 flushing  nmethod 0x000002430c6fa990
Event: 19.494 Thread 0x000002431e48a8d0 flushing  nmethod 0x000002430c7a8810
Event: 19.494 Thread 0x000002431e48a8d0 flushing  nmethod 0x000002430c7b2590
Event: 19.494 Thread 0x000002431e48a8d0 flushing  nmethod 0x000002430c7b2a90
Event: 19.494 Thread 0x000002431e48a8d0 flushing  nmethod 0x000002430c7b3590

Events (20 events):
Event: 0.073 Thread 0x00000243041ae900 Thread added: 0x000002431e469690
Event: 0.073 Thread 0x00000243041ae900 Thread added: 0x000002431e466fa0
Event: 0.073 Thread 0x00000243041ae900 Thread added: 0x000002431e4684e0
Event: 0.073 Thread 0x00000243041ae900 Thread added: 0x000002431e473400
Event: 0.074 Thread 0x00000243041ae900 Thread added: 0x000002431e48a8d0
Event: 0.282 Thread 0x00000243041ae900 Thread added: 0x000002431e6d7f00
Event: 0.286 Thread 0x00000243041ae900 Thread added: 0x000002431e6e0080
Event: 0.706 Thread 0x000002431e473400 Thread added: 0x000002431e90f920
Event: 1.308 Thread 0x000002431e90f920 Thread exited: 0x000002431e90f920
Event: 1.352 Thread 0x00000243041ae900 Thread added: 0x000002436454dcb0
Event: 1.556 Thread 0x00000243041ae900 Thread added: 0x00000243647fe8e0
Event: 1.557 Thread 0x00000243041ae900 Thread added: 0x00000243644efc00
Event: 4.465 Thread 0x00000243041ae900 Thread added: 0x0000024365670310
Event: 7.091 Thread 0x0000024365670310 Thread exited: 0x0000024365670310
Event: 8.209 Thread 0x00000243041ae900 Thread added: 0x0000024364ce2840
Event: 8.377 Thread 0x0000024364ce2840 Thread exited: 0x0000024364ce2840
Event: 11.336 Thread 0x00000243041ae900 Thread added: 0x00000243646ee310
Event: 14.373 Thread 0x00000243041ae900 Thread added: 0x0000024365f06a80
Event: 14.490 Thread 0x0000024365f06a80 Thread added: 0x0000024365f079b0
Event: 20.422 Thread 0x0000024365f079b0 Thread exited: 0x0000024365f079b0


Dynamic libraries:
0x00007ff748210000 - 0x00007ff74821e000 	C:\Users\Luis Bautista\.jdks\corretto-17.0.13\bin\java.exe
0x00007ffe4f550000 - 0x00007ffe4f767000 	C:\WINDOWS\SYSTEM32\ntdll.dll
0x00007ffe4e9f0000 - 0x00007ffe4eab4000 	C:\WINDOWS\System32\KERNEL32.DLL
0x00007ffe4c970000 - 0x00007ffe4cd29000 	C:\WINDOWS\System32\KERNELBASE.dll
0x00007ffe4c850000 - 0x00007ffe4c961000 	C:\WINDOWS\System32\ucrtbase.dll
0x00007ffe486f0000 - 0x00007ffe48707000 	C:\Users\Luis Bautista\.jdks\corretto-17.0.13\bin\jli.dll
0x00007ffe4d6e0000 - 0x00007ffe4d88e000 	C:\WINDOWS\System32\USER32.dll
0x00007ffe4d0e0000 - 0x00007ffe4d106000 	C:\WINDOWS\System32\win32u.dll
0x00007ffe4d920000 - 0x00007ffe4d949000 	C:\WINDOWS\System32\GDI32.dll
0x00007ffe4cd30000 - 0x00007ffe4ce4b000 	C:\WINDOWS\System32\gdi32full.dll
0x00007ffe4d110000 - 0x00007ffe4d1aa000 	C:\WINDOWS\System32\msvcp_win.dll
0x00007ffe486d0000 - 0x00007ffe486eb000 	C:\Users\Luis Bautista\.jdks\corretto-17.0.13\bin\VCRUNTIME140.dll
0x00007ffe3d0a0000 - 0x00007ffe3d332000 	C:\WINDOWS\WinSxS\amd64_microsoft.windows.common-controls_6595b64144ccf1df_6.0.22621.4391_none_2715d37f73803e96\COMCTL32.dll
0x00007ffe4d630000 - 0x00007ffe4d6d7000 	C:\WINDOWS\System32\msvcrt.dll
0x00007ffe4ec80000 - 0x00007ffe4ecb1000 	C:\WINDOWS\System32\IMM32.DLL
0x00007ffe486c0000 - 0x00007ffe486cc000 	C:\Users\Luis Bautista\.jdks\corretto-17.0.13\bin\vcruntime140_1.dll
0x00007ffe46210000 - 0x00007ffe4629d000 	C:\Users\Luis Bautista\.jdks\corretto-17.0.13\bin\msvcp140.dll
0x00007ffe02090000 - 0x00007ffe02cfc000 	C:\Users\Luis Bautista\.jdks\corretto-17.0.13\bin\server\jvm.dll
0x00007ffe4ed70000 - 0x00007ffe4ee22000 	C:\WINDOWS\System32\ADVAPI32.dll
0x00007ffe4ecc0000 - 0x00007ffe4ed67000 	C:\WINDOWS\System32\sechost.dll
0x00007ffe4d030000 - 0x00007ffe4d058000 	C:\WINDOWS\System32\bcrypt.dll
0x00007ffe4ee50000 - 0x00007ffe4ef64000 	C:\WINDOWS\System32\RPCRT4.dll
0x00007ffe4e6a0000 - 0x00007ffe4e711000 	C:\WINDOWS\System32\WS2_32.dll
0x00007ffe4c720000 - 0x00007ffe4c76d000 	C:\WINDOWS\SYSTEM32\POWRPROF.dll
0x00007ffe4a150000 - 0x00007ffe4a184000 	C:\WINDOWS\SYSTEM32\WINMM.dll
0x00007ffe431b0000 - 0x00007ffe431ba000 	C:\WINDOWS\SYSTEM32\VERSION.dll
0x00007ffe4c700000 - 0x00007ffe4c713000 	C:\WINDOWS\SYSTEM32\UMPDC.dll
0x00007ffe4b890000 - 0x00007ffe4b8a8000 	C:\WINDOWS\SYSTEM32\kernel.appcore.dll
0x00007ffe486b0000 - 0x00007ffe486ba000 	C:\Users\Luis Bautista\.jdks\corretto-17.0.13\bin\jimage.dll
0x00007ffe49ef0000 - 0x00007ffe4a122000 	C:\WINDOWS\SYSTEM32\DBGHELP.DLL
0x00007ffe4f180000 - 0x00007ffe4f50f000 	C:\WINDOWS\System32\combase.dll
0x00007ffe4eb40000 - 0x00007ffe4ec17000 	C:\WINDOWS\System32\OLEAUT32.dll
0x00007ffe49eb0000 - 0x00007ffe49ee2000 	C:\WINDOWS\SYSTEM32\dbgcore.DLL
0x00007ffe4d060000 - 0x00007ffe4d0db000 	C:\WINDOWS\System32\bcryptPrimitives.dll
0x00007ffe462f0000 - 0x00007ffe46315000 	C:\Users\Luis Bautista\.jdks\corretto-17.0.13\bin\java.dll
0x00007ffe207f0000 - 0x00007ffe208c7000 	C:\Users\Luis Bautista\.jdks\corretto-17.0.13\bin\jsvml.dll
0x00007ffe4de20000 - 0x00007ffe4e696000 	C:\WINDOWS\System32\SHELL32.dll
0x00007ffe4a790000 - 0x00007ffe4b093000 	C:\WINDOWS\SYSTEM32\windows.storage.dll
0x00007ffe4a650000 - 0x00007ffe4a78f000 	C:\WINDOWS\SYSTEM32\wintypes.dll
0x00007ffe4f060000 - 0x00007ffe4f159000 	C:\WINDOWS\System32\SHCORE.dll
0x00007ffe4ec20000 - 0x00007ffe4ec7e000 	C:\WINDOWS\System32\shlwapi.dll
0x00007ffe4c780000 - 0x00007ffe4c7ab000 	C:\WINDOWS\SYSTEM32\profapi.dll
0x00007ffe48030000 - 0x00007ffe48049000 	C:\Users\Luis Bautista\.jdks\corretto-17.0.13\bin\net.dll
0x00007ffe45ff0000 - 0x00007ffe46126000 	C:\WINDOWS\SYSTEM32\WINHTTP.dll
0x00007ffe4bd10000 - 0x00007ffe4bd79000 	C:\WINDOWS\system32\mswsock.dll
0x00007ffe3cca0000 - 0x00007ffe3ccb6000 	C:\Users\Luis Bautista\.jdks\corretto-17.0.13\bin\nio.dll
0x00007ffe3b260000 - 0x00007ffe3b278000 	C:\Users\Luis Bautista\.jdks\corretto-17.0.13\bin\zip.dll
0x00007ffe3cc90000 - 0x00007ffe3cca0000 	C:\Users\Luis Bautista\.jdks\corretto-17.0.13\bin\verify.dll
0x00007ffe3cc10000 - 0x00007ffe3cc19000 	C:\Users\Luis Bautista\.jdks\corretto-17.0.13\bin\extnet.dll
0x00007ffe485d0000 - 0x00007ffe485de000 	C:\Users\Luis Bautista\.jdks\corretto-17.0.13\bin\sunmscapi.dll
0x00007ffe4ce50000 - 0x00007ffe4cfb6000 	C:\WINDOWS\System32\CRYPT32.dll
0x00007ffe4c120000 - 0x00007ffe4c14d000 	C:\WINDOWS\SYSTEM32\ncrypt.dll
0x00007ffe4c0e0000 - 0x00007ffe4c117000 	C:\WINDOWS\SYSTEM32\NTASN1.dll
0x00007ffe45fc0000 - 0x00007ffe45fc8000 	C:\WINDOWS\system32\wshunix.dll
0x00007ffe4bf70000 - 0x00007ffe4bf8b000 	C:\WINDOWS\SYSTEM32\CRYPTSP.dll
0x00007ffe4b7f0000 - 0x00007ffe4b825000 	C:\WINDOWS\system32\rsaenh.dll
0x00007ffe4be00000 - 0x00007ffe4be28000 	C:\WINDOWS\SYSTEM32\USERENV.dll
0x00007ffe4bf60000 - 0x00007ffe4bf6c000 	C:\WINDOWS\SYSTEM32\CRYPTBASE.dll
0x00007ffe4b300000 - 0x00007ffe4b32d000 	C:\WINDOWS\SYSTEM32\IPHLPAPI.DLL
0x00007ffe4e720000 - 0x00007ffe4e729000 	C:\WINDOWS\System32\NSI.dll
0x00007ffe46350000 - 0x00007ffe46369000 	C:\WINDOWS\SYSTEM32\dhcpcsvc6.DLL
0x00007ffe45fd0000 - 0x00007ffe45fef000 	C:\WINDOWS\SYSTEM32\dhcpcsvc.DLL
0x00007ffe4b370000 - 0x00007ffe4b472000 	C:\WINDOWS\SYSTEM32\DNSAPI.dll
0x00007ffe39bd0000 - 0x00007ffe39bda000 	C:\Windows\System32\rasadhlp.dll
0x00007ffe43ce0000 - 0x00007ffe43d63000 	C:\WINDOWS\System32\fwpuclnt.dll
0x00007ffe462b0000 - 0x00007ffe462b9000 	C:\Users\Luis Bautista\.jdks\corretto-17.0.13\bin\management.dll
0x00007ffe42850000 - 0x00007ffe4285b000 	C:\Users\Luis Bautista\.jdks\corretto-17.0.13\bin\management_ext.dll
0x00007ffe4f170000 - 0x00007ffe4f178000 	C:\WINDOWS\System32\PSAPI.DLL

dbghelp: loaded successfully - version: 4.0.5 - missing functions: none
symbol engine: initialized successfully - sym options: 0x614 - pdb path: .;C:\Users\Luis Bautista\.jdks\corretto-17.0.13\bin;C:\WINDOWS\SYSTEM32;C:\WINDOWS\WinSxS\amd64_microsoft.windows.common-controls_6595b64144ccf1df_6.0.22621.4391_none_2715d37f73803e96;C:\Users\Luis Bautista\.jdks\corretto-17.0.13\bin\server

VM Arguments:
jvm_args: -Dorg.gradle.internal.worker.tmpdir=C:\Users\Luis Bautista\OneDrive\Escritorio\ReservaFacil\hotel\build\tmp\test\work -Xmx512m -Dfile.encoding=windows-1252 -Duser.country=CO -Duser.language=es -Duser.variant -ea 
java_command: worker.org.gradle.process.internal.worker.GradleWorkerMain 'Gradle Test Executor 3'
java_class_path (initial): C:\Users\Luis Bautista\.gradle\caches\8.10.2\workerMain\gradle-worker.jar;C:\Users\Luis Bautista\OneDrive\Escritorio\ReservaFacil\hotel\build\classes\java\test;C:\Users\Luis Bautista\OneDrive\Escritorio\ReservaFacil\hotel\build\classes\java\main;C:\Users\Luis Bautista\OneDrive\Escritorio\ReservaFacil\hotel\build\resources\main;C:\Users\Luis Bautista\.gradle\caches\modules-2\files-2.1\org.springframework.boot\spring-boot-starter-data-jpa\3.3.5\3fbef698f3a3c43c60ed493f96b11471f7d01ec7\spring-boot-starter-data-jpa-3.3.5.jar;C:\Users\Luis Bautista\.gradle\caches\modules-2\files-2.1\org.springframework.boot\spring-boot-starter-web\3.3.5\51cc6cd5fb15f4eecfadea4ac689ed290e65c2cc\spring-boot-starter-web-3.3.5.jar;C:\Users\Luis Bautista\.gradle\caches\modules-2\files-2.1\com.mysql\mysql-connector-j\8.3.0\1cc7fa5d61f4bbc113531a4ba6d85d41cf3d57e1\mysql-connector-j-8.3.0.jar;C:\Users\Luis Bautista\.gradle\caches\modules-2\files-2.1\org.springframework.boot\spring-boot-starter-test\3.3.5\b4b61da11affe88867c452b3b2c5277cb50b209\spring-boot-starter-test-3.3.5.jar;C:\Users\Luis Bautista\.gradle\caches\modules-2\files-2.1\org.junit.jupiter\junit-jupiter\5.10.5\cbf98926c44240c9ca1519a20e58722be6d6a44a\junit-jupiter-5.10.5.jar;C:\Users\Luis Bautista\.gradle\caches\modules-2\files-2.1\org.junit.jupiter\junit-jupiter-engine\5.10.5\e234785788419ffdfc4b65474b2081c0a9f7e77d\junit-jupiter-engine-5.10.5.jar;C:\Users\Luis Bautista\.gradle\caches\modules-2\files-2.1\org.junit.platform\junit-platform-engine\1.10.5\7db4b98a955a2686d893a8a209591f029c438b44\junit-platform-engine-1.10.5.jar;C:\Users\Luis Bautista\.gradle\caches\modules-2\files-2.1\org.mockito\mockito-junit-jupiter\5.11.0\8e658dd339f40305ed4293db25545b5df98b171b\mockito-junit-jupiter-5.11.0.jar;C:\Users\Luis Bautista\.gradle\caches\modules-2\files-2.1\org.junit.jupiter\junit-jupiter-params\5.10.5\e19d95e190aedb81c883d50cc05b1860400d957c\junit-jupiter-params-5.10.5.jar;C:\Users\Luis Bautista\.gradle\cache
Launcher Type: SUN_STANDARD

[Global flags]
     intx CICompilerCount                          = 3                                         {product} {ergonomic}
     uint ConcGCThreads                            = 1                                         {product} {ergonomic}
     uint G1ConcRefinementThreads                  = 4                                         {product} {ergonomic}
   size_t G1HeapRegionSize                         = 1048576                                   {product} {ergonomic}
    uintx GCDrainStackTargetSize                   = 64                                        {product} {ergonomic}
   size_t InitialHeapSize                          = 100663296                                 {product} {ergonomic}
   size_t MarkStackSize                            = 4194304                                   {product} {ergonomic}
   size_t MaxHeapSize                              = 536870912                                 {product} {command line}
   size_t MaxNewSize                               = 321912832                                 {product} {ergonomic}
   size_t MinHeapDeltaBytes                        = 1048576                                   {product} {ergonomic}
   size_t MinHeapSize                              = 8388608                                   {product} {ergonomic}
    uintx NonNMethodCodeHeapSize                   = 5832780                                {pd product} {ergonomic}
    uintx NonProfiledCodeHeapSize                  = 122912730                              {pd product} {ergonomic}
    uintx ProfiledCodeHeapSize                     = 122912730                              {pd product} {ergonomic}
    uintx ReservedCodeCacheSize                    = 251658240                              {pd product} {ergonomic}
     bool SegmentedCodeCache                       = true                                      {product} {ergonomic}
   size_t SoftMaxHeapSize                          = 536870912                              {manageable} {ergonomic}
     bool UseCompressedClassPointers               = true                           {product lp64_product} {ergonomic}
     bool UseCompressedOops                        = true                           {product lp64_product} {ergonomic}
     bool UseG1GC                                  = true                                      {product} {ergonomic}
     bool UseLargePagesIndividualAllocation        = false                                  {pd product} {ergonomic}

Logging:
Log output configuration:
 #0: stdout all=warning uptime,level,tags
 #1: stderr all=off uptime,level,tags

Environment Variables:
JAVA_HOME=C:\Program Files\Java\jdk-18
PATH=C:\Program Files\Common Files\Oracle\Java\javapath;C:\Program Files (x86)\Common Files\Oracle\Java\java8path;C:\Program Files (x86)\Common Files\Oracle\Java\javapath;C:\Program Files\Git\cmd;C:\Program Files\Java\jdk-18\bin;C:\Program Files\nodejs\;C:\ProgramData\chocolatey\bin;C:\Users\Luis Bautista\AppData\Local\Programs\Python\Python312\Scripts\;C:\Users\Luis Bautista\AppData\Local\Programs\Python\Python312\;C:\Users\Luis Bautista\AppData\Local\Programs\Python\Launcher\;C:\Users\Luis Bautista\AppData\Local\Microsoft\WindowsApps;C:\Program Files\JetBrains\IntelliJ IDEA 2024.1\bin;;C:\Users\Luis Bautista\AppData\Local\GitHubDesktop\bin;C:\Users\Luis Bautista\AppData\Local\Programs\Microsoft VS Code\bin;C:\Users\Luis Bautista\AppData\Roaming\npm;C:\Users\Luis Bautista\AppData\Local\Microsoft\WinGet\Packages\Schniz.fnm_Microsoft.Winget.Source_8wekyb3d8bbwe;
USERNAME=Luis Bautista
OS=Windows_NT
PROCESSOR_IDENTIFIER=AMD64 Family 23 Model 24 Stepping 1, AuthenticAMD
TMP=C:\Users\LUISBA~1\AppData\Local\Temp
TEMP=C:\Users\LUISBA~1\AppData\Local\Temp



Periodic native trim disabled


---------------  S Y S T E M  ---------------

OS:
 Windows 11 , 64 bit Build 22621 (10.0.22621.4391)
OS uptime: 0 days 0:54 hours

CPU: total 4 (initial active 4) (4 cores per cpu, 2 threads per core) family 23 model 24 stepping 1 microcode 0x0, cx8, cmov, fxsr, ht, mmx, 3dnowpref, sse, sse2, sse3, ssse3, sse4a, sse4.1, sse4.2, popcnt, lzcnt, tsc, tscinvbit, avx, avx2, aes, clmul, bmi1, bmi2, adx, sha, fma, vzeroupper, clflush, clflushopt
Processor Information for all 4 processors :
  Max Mhz: 2600, Current Mhz: 2600, Mhz Limit: 2600

Memory: 4k page, system-wide physical 6080M (242M free)
TotalPageFile size 24512M (AvailPageFile size 61M)
current process WorkingSet (physical memory assigned to process): 246M, peak: 249M
current process commit charge ("private bytes"): 275M, peak: 280M

vm_info: OpenJDK 64-Bit Server VM (17.0.13+11-LTS) for windows-amd64 JRE (17.0.13+11-LTS), built on Oct 10 2024 19:51:30 by "Administrator" with MS VC++ 16.10 / 16.11 (VS2019)

END.
