#
# There is insufficient memory for the Java Runtime Environment to continue.
# Native memory allocation (mmap) failed to map 100663296 bytes. Error detail: G1 virtual space
# Possible reasons:
#   The system is out of physical RAM or swap space
#   This process is running with CompressedOops enabled, and the Java Heap may be blocking the growth of the native heap
# Possible solutions:
#   Reduce memory load on the system
#   Increase physical memory or swap space
#   Check if swap backing store is full
#   Decrease Java heap size (-Xmx/-Xms)
#   Decrease number of Java threads
#   Decrease Java thread stack sizes (-Xss)
#   Set larger code cache with -XX:ReservedCodeCacheSize=
#   JVM is running with Unscaled Compressed Oops mode in which the Java heap is
#     placed in the first 4GB address space. The Java Heap base address is the
#     maximum limit for the native heap growth. Please use -XX:HeapBaseMinAddress
#     to set the Java Heap base and to place the Java Heap above 4GB virtual address.
# This output file may be truncated or incomplete.
#
#  Out of Memory Error (os_windows.cpp:3614), pid=19148, tid=7072
#
# JRE version:  (17.0.13+11) (build )
# Java VM: OpenJDK 64-Bit Server VM (17.0.13+11-LTS, mixed mode, sharing, tiered, compressed oops, compressed class ptrs, g1 gc, windows-amd64)
# No core dump will be written. Minidumps are not enabled by default on client versions of Windows
#

---------------  S U M M A R Y ------------

Command Line: -Dnet.bytebuddy.agent.attacher.dump= net.bytebuddy.agent.Attacher com.sun.tools.attach.VirtualMachine 11140 C:\Users\Luis Bautista\.gradle\caches\modules-2\files-2.1\net.bytebuddy\byte-buddy-agent\1.14.19\154da3a65b4f4a909d3e5bdec55d1b2b4cbb6ce1\byte-buddy-agent-1.14.19.jar false 

Host: AMD Ryzen 3 3250U with Radeon Graphics         , 4 cores, 5G,  Windows 11 , 64 bit Build 22621 (10.0.22621.4391)
Time: Fri Nov 22 11:42:45 2024 Hora est. Pacífico, Sudamérica elapsed time: 0.027952 seconds (0d 0h 0m 0s)

---------------  T H R E A D  ---------------

Current thread (0x0000029fd5bb5f20):  JavaThread "Unknown thread" [_thread_in_vm, id=7072, stack(0x000000b136300000,0x000000b136400000)]

Stack: [0x000000b136300000,0x000000b136400000]
Native frames: (J=compiled Java code, j=interpreted, Vv=VM code, C=native code)
V  [jvm.dll+0x680c19]
V  [jvm.dll+0x83888a]
V  [jvm.dll+0x83a34e]
V  [jvm.dll+0x83a9b3]
V  [jvm.dll+0x2481af]
V  [jvm.dll+0x67d959]
V  [jvm.dll+0x67242a]
V  [jvm.dll+0x30813b]
V  [jvm.dll+0x30f626]
V  [jvm.dll+0x35f94e]
V  [jvm.dll+0x35fb8f]
V  [jvm.dll+0x2df0ec]
V  [jvm.dll+0x2e0044]
V  [jvm.dll+0x80a04b]
V  [jvm.dll+0x36d6c1]
V  [jvm.dll+0x7e8975]
V  [jvm.dll+0x3f109f]
V  [jvm.dll+0x3f2c11]
C  [jli.dll+0x52ab]
C  [ucrtbase.dll+0x29333]
C  [KERNEL32.DLL+0x1259d]
C  [ntdll.dll+0x5af38]


---------------  P R O C E S S  ---------------

Threads class SMR info:
_java_thread_list=0x00007ffe02bc8f58, length=0, elements={
}

Java Threads: ( => current thread )

Other Threads:
  0x0000029fd5c022e0 GCTaskThread "GC Thread#0" [stack: 0x000000b136400000,0x000000b136500000] [id=15908]
  0x0000029fd5c0f080 ConcurrentGCThread "G1 Main Marker" [stack: 0x000000b136500000,0x000000b136600000] [id=5696]
  0x0000029fd5c10ab0 ConcurrentGCThread "G1 Conc#0" [stack: 0x000000b136600000,0x000000b136700000] [id=8420]

[error occurred during error reporting (printing all threads), id 0xc0000005, EXCEPTION_ACCESS_VIOLATION (0xc0000005) at pc=0x00007ffe0237f827]

VM state: not at safepoint (not fully initialized)

VM Mutex/Monitor currently owned by a thread:  ([mutex/lock_event])
[0x0000029fd5aebad0] Heap_lock - owner thread: 0x0000029fd5bb5f20

Heap address: 0x00000000a0e00000, size: 1522 MB, Compressed Oops mode: 32-bit

CDS archive(s) mapped at: [0x0000000000000000-0x0000000000000000-0x0000000000000000), size 0, SharedBaseAddress: 0x0000000800000000, ArchiveRelocationMode: 1.
Narrow klass base: 0x0000000000000000, Narrow klass shift: 0, Narrow klass range: 0x0

GC Precious Log:
<Empty>

Heap:
 garbage-first heap   total 0K, used 0K [0x00000000a0e00000, 0x0000000100000000)
  region size 1024K, 0 young (0K), 0 survivors (0K)

[error occurred during error reporting (printing heap information), id 0xc0000005, EXCEPTION_ACCESS_VIOLATION (0xc0000005) at pc=0x00007ffe02769e69]

GC Heap History (0 events):
No events

Dll operation events (1 events):
Event: 0.014 Loaded shared library C:\Users\Luis Bautista\.jdks\corretto-17.0.13\bin\java.dll

Deoptimization events (0 events):
No events

Classes loaded (0 events):
No events

Classes unloaded (0 events):
No events

Classes redefined (0 events):
No events

Internal exceptions (0 events):
No events

VM Operations (0 events):
No events

Memory protections (0 events):
No events

Nmethod flushes (0 events):
No events

Events (0 events):
No events


Dynamic libraries:
0x00007ff748210000 - 0x00007ff74821e000 	C:\Users\Luis Bautista\.jdks\corretto-17.0.13\bin\java.exe
0x00007ffe4f550000 - 0x00007ffe4f767000 	C:\WINDOWS\SYSTEM32\ntdll.dll
0x00007ffe4e9f0000 - 0x00007ffe4eab4000 	C:\WINDOWS\System32\KERNEL32.DLL
0x00007ffe4c970000 - 0x00007ffe4cd29000 	C:\WINDOWS\System32\KERNELBASE.dll
0x00007ffe4c850000 - 0x00007ffe4c961000 	C:\WINDOWS\System32\ucrtbase.dll
0x00007ffe486f0000 - 0x00007ffe48707000 	C:\Users\Luis Bautista\.jdks\corretto-17.0.13\bin\jli.dll
0x00007ffe4d6e0000 - 0x00007ffe4d88e000 	C:\WINDOWS\System32\USER32.dll
0x00007ffe4d0e0000 - 0x00007ffe4d106000 	C:\WINDOWS\System32\win32u.dll
0x00007ffe4d920000 - 0x00007ffe4d949000 	C:\WINDOWS\System32\GDI32.dll
0x00007ffe4cd30000 - 0x00007ffe4ce4b000 	C:\WINDOWS\System32\gdi32full.dll
0x00007ffe4d110000 - 0x00007ffe4d1aa000 	C:\WINDOWS\System32\msvcp_win.dll
0x00007ffe486d0000 - 0x00007ffe486eb000 	C:\Users\Luis Bautista\.jdks\corretto-17.0.13\bin\VCRUNTIME140.dll
0x00007ffe3d0a0000 - 0x00007ffe3d332000 	C:\WINDOWS\WinSxS\amd64_microsoft.windows.common-controls_6595b64144ccf1df_6.0.22621.4391_none_2715d37f73803e96\COMCTL32.dll
0x00007ffe4d630000 - 0x00007ffe4d6d7000 	C:\WINDOWS\System32\msvcrt.dll
0x00007ffe4ec80000 - 0x00007ffe4ecb1000 	C:\WINDOWS\System32\IMM32.DLL
0x00007ffe486c0000 - 0x00007ffe486cc000 	C:\Users\Luis Bautista\.jdks\corretto-17.0.13\bin\vcruntime140_1.dll
0x00007ffe46210000 - 0x00007ffe4629d000 	C:\Users\Luis Bautista\.jdks\corretto-17.0.13\bin\msvcp140.dll
0x00007ffe02090000 - 0x00007ffe02cfc000 	C:\Users\Luis Bautista\.jdks\corretto-17.0.13\bin\server\jvm.dll
0x00007ffe4ed70000 - 0x00007ffe4ee22000 	C:\WINDOWS\System32\ADVAPI32.dll
0x00007ffe4ecc0000 - 0x00007ffe4ed67000 	C:\WINDOWS\System32\sechost.dll
0x00007ffe4d030000 - 0x00007ffe4d058000 	C:\WINDOWS\System32\bcrypt.dll
0x00007ffe4ee50000 - 0x00007ffe4ef64000 	C:\WINDOWS\System32\RPCRT4.dll
0x00007ffe4e6a0000 - 0x00007ffe4e711000 	C:\WINDOWS\System32\WS2_32.dll
0x00007ffe4c720000 - 0x00007ffe4c76d000 	C:\WINDOWS\SYSTEM32\POWRPROF.dll
0x00007ffe4a150000 - 0x00007ffe4a184000 	C:\WINDOWS\SYSTEM32\WINMM.dll
0x00007ffe431b0000 - 0x00007ffe431ba000 	C:\WINDOWS\SYSTEM32\VERSION.dll
0x00007ffe4c700000 - 0x00007ffe4c713000 	C:\WINDOWS\SYSTEM32\UMPDC.dll
0x00007ffe4b890000 - 0x00007ffe4b8a8000 	C:\WINDOWS\SYSTEM32\kernel.appcore.dll
0x00007ffe486b0000 - 0x00007ffe486ba000 	C:\Users\Luis Bautista\.jdks\corretto-17.0.13\bin\jimage.dll
0x00007ffe49ef0000 - 0x00007ffe4a122000 	C:\WINDOWS\SYSTEM32\DBGHELP.DLL
0x00007ffe4f180000 - 0x00007ffe4f50f000 	C:\WINDOWS\System32\combase.dll
0x00007ffe4eb40000 - 0x00007ffe4ec17000 	C:\WINDOWS\System32\OLEAUT32.dll
0x00007ffe49eb0000 - 0x00007ffe49ee2000 	C:\WINDOWS\SYSTEM32\dbgcore.DLL
0x00007ffe4d060000 - 0x00007ffe4d0db000 	C:\WINDOWS\System32\bcryptPrimitives.dll
0x00007ffe462f0000 - 0x00007ffe46315000 	C:\Users\Luis Bautista\.jdks\corretto-17.0.13\bin\java.dll

dbghelp: loaded successfully - version: 4.0.5 - missing functions: none
symbol engine: initialized successfully - sym options: 0x614 - pdb path: .;C:\Users\Luis Bautista\.jdks\corretto-17.0.13\bin;C:\WINDOWS\SYSTEM32;C:\WINDOWS\WinSxS\amd64_microsoft.windows.common-controls_6595b64144ccf1df_6.0.22621.4391_none_2715d37f73803e96;C:\Users\Luis Bautista\.jdks\corretto-17.0.13\bin\server

VM Arguments:
jvm_args: -Dnet.bytebuddy.agent.attacher.dump= 
java_command: net.bytebuddy.agent.Attacher com.sun.tools.attach.VirtualMachine 11140 C:\Users\Luis Bautista\.gradle\caches\modules-2\files-2.1\net.bytebuddy\byte-buddy-agent\1.14.19\154da3a65b4f4a909d3e5bdec55d1b2b4cbb6ce1\byte-buddy-agent-1.14.19.jar false 
java_class_path (initial): C:\Users\Luis Bautista\.gradle\caches\modules-2\files-2.1\net.bytebuddy\byte-buddy-agent\1.14.19\154da3a65b4f4a909d3e5bdec55d1b2b4cbb6ce1\byte-buddy-agent-1.14.19.jar
Launcher Type: SUN_STANDARD

[Global flags]
     intx CICompilerCount                          = 3                                         {product} {ergonomic}
     uint ConcGCThreads                            = 1                                         {product} {ergonomic}
     uint G1ConcRefinementThreads                  = 4                                         {product} {ergonomic}
   size_t G1HeapRegionSize                         = 1048576                                   {product} {ergonomic}
    uintx GCDrainStackTargetSize                   = 64                                        {product} {ergonomic}
   size_t InitialHeapSize                          = 100663296                                 {product} {ergonomic}
   size_t MarkStackSize                            = 4194304                                   {product} {ergonomic}
   size_t MaxHeapSize                              = 1595932672                                {product} {ergonomic}
   size_t MinHeapDeltaBytes                        = 1048576                                   {product} {ergonomic}
   size_t MinHeapSize                              = 8388608                                   {product} {ergonomic}
    uintx NonNMethodCodeHeapSize                   = 5832780                                {pd product} {ergonomic}
    uintx NonProfiledCodeHeapSize                  = 122912730                              {pd product} {ergonomic}
    uintx ProfiledCodeHeapSize                     = 122912730                              {pd product} {ergonomic}
    uintx ReservedCodeCacheSize                    = 251658240                              {pd product} {ergonomic}
     bool SegmentedCodeCache                       = true                                      {product} {ergonomic}
   size_t SoftMaxHeapSize                          = 1595932672                             {manageable} {ergonomic}
     bool UseCompressedClassPointers               = true                           {product lp64_product} {ergonomic}
     bool UseCompressedOops                        = true                           {product lp64_product} {ergonomic}
     bool UseG1GC                                  = true                                      {product} {ergonomic}
     bool UseLargePagesIndividualAllocation        = false                                  {pd product} {ergonomic}

Logging:
Log output configuration:
 #0: stdout all=warning uptime,level,tags
 #1: stderr all=off uptime,level,tags

Environment Variables:
JAVA_HOME=C:\Program Files\Java\jdk-18
PATH=C:\Program Files\Common Files\Oracle\Java\javapath;C:\Program Files (x86)\Common Files\Oracle\Java\java8path;C:\Program Files (x86)\Common Files\Oracle\Java\javapath;C:\Program Files\Git\cmd;C:\Program Files\Java\jdk-18\bin;C:\Program Files\nodejs\;C:\ProgramData\chocolatey\bin;C:\Users\Luis Bautista\AppData\Local\Programs\Python\Python312\Scripts\;C:\Users\Luis Bautista\AppData\Local\Programs\Python\Python312\;C:\Users\Luis Bautista\AppData\Local\Programs\Python\Launcher\;C:\Users\Luis Bautista\AppData\Local\Microsoft\WindowsApps;C:\Program Files\JetBrains\IntelliJ IDEA 2024.1\bin;;C:\Users\Luis Bautista\AppData\Local\GitHubDesktop\bin;C:\Users\Luis Bautista\AppData\Local\Programs\Microsoft VS Code\bin;C:\Users\Luis Bautista\AppData\Roaming\npm;C:\Users\Luis Bautista\AppData\Local\Microsoft\WinGet\Packages\Schniz.fnm_Microsoft.Winget.Source_8wekyb3d8bbwe;
USERNAME=Luis Bautista
OS=Windows_NT
PROCESSOR_IDENTIFIER=AMD64 Family 23 Model 24 Stepping 1, AuthenticAMD
TMP=C:\Users\LUISBA~1\AppData\Local\Temp
TEMP=C:\Users\LUISBA~1\AppData\Local\Temp



Periodic native trim disabled


---------------  S Y S T E M  ---------------

OS:
 Windows 11 , 64 bit Build 22621 (10.0.22621.4391)
OS uptime: 0 days 0:54 hours

CPU: total 4 (initial active 4) (4 cores per cpu, 2 threads per core) family 23 model 24 stepping 1 microcode 0x0, cx8, cmov, fxsr, ht, mmx, 3dnowpref, sse, sse2, sse3, ssse3, sse4a, sse4.1, sse4.2, popcnt, lzcnt, tsc, tscinvbit, avx, avx2, aes, clmul, bmi1, bmi2, adx, sha, fma, vzeroupper, clflush, clflushopt
Processor Information for all 4 processors :
  Max Mhz: 2600, Current Mhz: 2600, Mhz Limit: 2600

Memory: 4k page, system-wide physical 6080M (238M free)
TotalPageFile size 24512M (AvailPageFile size 5M)
current process WorkingSet (physical memory assigned to process): 10M, peak: 10M
current process commit charge ("private bytes"): 52M, peak: 147M

vm_info: OpenJDK 64-Bit Server VM (17.0.13+11-LTS) for windows-amd64 JRE (17.0.13+11-LTS), built on Oct 10 2024 19:51:30 by "Administrator" with MS VC++ 16.10 / 16.11 (VS2019)

END.
